2024-01-16 22:14:44,523 [Worker-3] INFO  o.e.m.c.i.p.ProjectConfigurationManager - Update started
2024-01-16 22:14:45,718 [Worker-3] INFO  o.e.m.c.i.l.LifecycleMappingFactory - Using org.eclipse.m2e.jdt.JarLifecycleMapping lifecycle mapping for MavenProject: com.ts:Product:0.0.1-SNAPSHOT @ C:\jdbc-and-advance-java\Spring Boot\Product\pom.xml.
2024-01-16 22:14:46,650 [Worker-3] INFO  o.e.m.j.i.AbstractJavaProjectConfigurator - Adding source folder /Product/src/main/java
2024-01-16 22:14:46,651 [Worker-3] INFO  o.e.m.j.i.AbstractJavaProjectConfigurator - Adding resource folder /Product/src/main/resources
2024-01-16 22:14:46,660 [Worker-3] INFO  o.e.m.j.i.AbstractJavaProjectConfigurator - Adding resource folder /Product/src/main/resources
2024-01-16 22:14:46,667 [Worker-3] INFO  o.e.m.j.i.AbstractJavaProjectConfigurator - Adding source folder /Product/src/test/java
2024-01-16 22:14:47,447 [Worker-15] INFO  o.a.m.s.f.DefaultMavenResourcesFiltering - Copying 1 resource from src\main\resources to target\classes
2024-01-16 22:14:47,475 [Worker-15] INFO  o.a.m.s.f.DefaultMavenResourcesFiltering - Copying 0 resource from src\main\resources to target\classes
2024-01-16 22:14:47,478 [Worker-15] INFO  o.a.m.s.f.DefaultMavenResourcesFiltering - skip non existing resourceDirectory C:\jdbc-and-advance-java\Spring Boot\Product\src\test\resources
2024-01-16 22:14:47,763 [Worker-3] INFO  o.e.m.c.i.p.ProjectConfigurationManager - Update completed: 3 sec
2024-01-16 22:14:48,695 [Worker-3] INFO  o.a.m.s.f.DefaultMavenResourcesFiltering - Copying 1 resource from src\main\resources to target\classes
2024-01-16 22:14:48,696 [Worker-3] INFO  o.a.m.s.f.DefaultMavenResourcesFiltering - Copying 0 resource from src\main\resources to target\classes
2024-01-16 22:14:48,698 [Worker-3] INFO  o.a.m.s.f.DefaultMavenResourcesFiltering - skip non existing resourceDirectory C:\jdbc-and-advance-java\Spring Boot\Product\src\test\resources
2024-01-16 22:15:12,707 [Worker-1] INFO  o.e.m.c.i.p.ProjectConfigurationManager - Update started
2024-01-16 22:15:13,697 [Worker-1] INFO  o.e.m.c.i.l.LifecycleMappingFactory - Using org.eclipse.m2e.jdt.JarLifecycleMapping lifecycle mapping for MavenProject: com.ts:Product:0.0.1-SNAPSHOT @ C:\jdbc-and-advance-java\Spring Boot\Product\pom.xml.
2024-01-16 22:15:14,950 [Worker-1] INFO  o.e.m.j.i.AbstractJavaProjectConfigurator - Adding source folder /Product/src/main/java
2024-01-16 22:15:14,950 [Worker-1] INFO  o.e.m.j.i.AbstractJavaProjectConfigurator - Adding resource folder /Product/src/main/resources
2024-01-16 22:15:14,950 [Worker-1] INFO  o.e.m.j.i.AbstractJavaProjectConfigurator - Adding resource folder /Product/src/main/resources
2024-01-16 22:15:14,951 [Worker-1] INFO  o.e.m.j.i.AbstractJavaProjectConfigurator - Adding source folder /Product/src/test/java
2024-01-16 22:15:15,212 [Worker-1] INFO  o.e.m.c.i.p.ProjectConfigurationManager - Update completed: 2 sec
2024-01-16 22:15:16,048 [Worker-14] INFO  o.a.m.s.f.DefaultMavenResourcesFiltering - Copying 1 resource from src\main\resources to target\classes
2024-01-16 22:15:16,062 [Worker-14] INFO  o.a.m.s.f.DefaultMavenResourcesFiltering - Copying 0 resource from src\main\resources to target\classes
2024-01-16 22:15:16,064 [Worker-14] INFO  o.a.m.s.f.DefaultMavenResourcesFiltering - skip non existing resourceDirectory C:\jdbc-and-advance-java\Spring Boot\Product\src\test\resources
2024-01-16 22:16:00,821 [Worker-15] INFO  o.e.m.c.i.l.LifecycleMappingFactory - Using org.eclipse.m2e.jdt.JarLifecycleMapping lifecycle mapping for MavenProject: com.ts:Product:0.0.1-SNAPSHOT @ C:\jdbc-and-advance-java\Spring Boot\Product\pom.xml.
2024-01-16 22:16:01,548 [Worker-15] INFO  o.e.m.c.i.embedder.EclipseLogger - Using 'UTF-8' encoding to copy filtered resources.
2024-01-16 22:16:01,548 [Worker-15] INFO  o.e.m.c.i.embedder.EclipseLogger - Using 'UTF-8' encoding to copy filtered properties files.
2024-01-16 22:16:01,551 [Worker-15] INFO  o.e.m.c.i.embedder.EclipseLogger - Copying 0 resource
2024-01-16 22:16:01,551 [Worker-15] INFO  o.e.m.c.i.embedder.EclipseLogger - Copying 0 resource
2024-01-16 22:16:01,553 [Worker-15] INFO  o.e.m.c.i.embedder.EclipseLogger - Using 'UTF-8' encoding to copy filtered resources.
2024-01-16 22:16:01,554 [Worker-15] INFO  o.e.m.c.i.embedder.EclipseLogger - Using 'UTF-8' encoding to copy filtered properties files.
2024-01-16 22:16:01,554 [Worker-15] INFO  o.e.m.c.i.embedder.EclipseLogger - skip non existing resourceDirectory C:\jdbc-and-advance-java\Spring Boot\Product\src\test\resources
2024-01-16 22:16:03,444 [Worker-18] INFO  o.e.m.c.i.embedder.EclipseLogger - Using 'UTF-8' encoding to copy filtered resources.
2024-01-16 22:16:03,444 [Worker-18] INFO  o.e.m.c.i.embedder.EclipseLogger - Using 'UTF-8' encoding to copy filtered properties files.
2024-01-16 22:16:03,444 [Worker-18] INFO  o.e.m.c.i.embedder.EclipseLogger - Copying 1 resource
2024-01-16 22:16:03,453 [Worker-18] INFO  o.e.m.c.i.embedder.EclipseLogger - Copying 0 resource
2024-01-16 22:16:03,455 [Worker-18] INFO  o.e.m.c.i.embedder.EclipseLogger - Using 'UTF-8' encoding to copy filtered resources.
2024-01-16 22:16:03,455 [Worker-18] INFO  o.e.m.c.i.embedder.EclipseLogger - Using 'UTF-8' encoding to copy filtered properties files.
2024-01-16 22:16:03,455 [Worker-18] INFO  o.e.m.c.i.embedder.EclipseLogger - skip non existing resourceDirectory C:\jdbc-and-advance-java\Spring Boot\Product\src\test\resources
2024-01-16 22:16:10,840 [Worker-9] INFO  o.e.m.c.i.l.LifecycleMappingFactory - Using org.eclipse.m2e.jdt.JarLifecycleMapping lifecycle mapping for MavenProject: com.ts:Product:0.0.1-SNAPSHOT @ C:\jdbc-and-advance-java\Spring Boot\Product\pom.xml.
2024-01-16 22:16:11,340 [Worker-9] INFO  o.e.m.c.i.embedder.EclipseLogger - Using 'UTF-8' encoding to copy filtered resources.
2024-01-16 22:16:11,340 [Worker-9] INFO  o.e.m.c.i.embedder.EclipseLogger - Using 'UTF-8' encoding to copy filtered properties files.
2024-01-16 22:16:11,343 [Worker-9] INFO  o.e.m.c.i.embedder.EclipseLogger - Copying 0 resource
2024-01-16 22:16:11,343 [Worker-9] INFO  o.e.m.c.i.embedder.EclipseLogger - Copying 0 resource
2024-01-16 22:16:11,344 [Worker-9] INFO  o.e.m.c.i.embedder.EclipseLogger - Using 'UTF-8' encoding to copy filtered resources.
2024-01-16 22:16:11,344 [Worker-9] INFO  o.e.m.c.i.embedder.EclipseLogger - Using 'UTF-8' encoding to copy filtered properties files.
2024-01-16 22:16:11,345 [Worker-9] INFO  o.e.m.c.i.embedder.EclipseLogger - skip non existing resourceDirectory C:\jdbc-and-advance-java\Spring Boot\Product\src\test\resources
2024-01-16 22:16:12,586 [Worker-4] INFO  o.e.m.c.i.embedder.EclipseLogger - Using 'UTF-8' encoding to copy filtered resources.
2024-01-16 22:16:12,586 [Worker-4] INFO  o.e.m.c.i.embedder.EclipseLogger - Using 'UTF-8' encoding to copy filtered properties files.
2024-01-16 22:16:12,586 [Worker-4] INFO  o.e.m.c.i.embedder.EclipseLogger - Copying 1 resource
2024-01-16 22:16:12,596 [Worker-4] INFO  o.e.m.c.i.embedder.EclipseLogger - Copying 0 resource
2024-01-16 22:16:12,597 [Worker-4] INFO  o.e.m.c.i.embedder.EclipseLogger - Using 'UTF-8' encoding to copy filtered resources.
2024-01-16 22:16:12,597 [Worker-4] INFO  o.e.m.c.i.embedder.EclipseLogger - Using 'UTF-8' encoding to copy filtered properties files.
2024-01-16 22:16:12,597 [Worker-4] INFO  o.e.m.c.i.embedder.EclipseLogger - skip non existing resourceDirectory C:\jdbc-and-advance-java\Spring Boot\Product\src\test\resources
2024-01-16 22:16:48,303 [Worker-16] INFO  o.e.m.c.i.p.ProjectConfigurationManager - Update started
2024-01-16 22:16:48,565 [Worker-16] INFO  o.e.m.c.i.l.LifecycleMappingFactory - Using org.eclipse.m2e.jdt.JarLifecycleMapping lifecycle mapping for MavenProject: com.ts:Product:0.0.1-SNAPSHOT @ C:\jdbc-and-advance-java\Spring Boot\Product\pom.xml.
2024-01-16 22:16:49,016 [Worker-16] INFO  o.e.m.j.i.AbstractJavaProjectConfigurator - Adding source folder /Product/src/main/java
2024-01-16 22:16:49,017 [Worker-16] INFO  o.e.m.j.i.AbstractJavaProjectConfigurator - Adding resource folder /Product/src/main/resources
2024-01-16 22:16:49,017 [Worker-16] INFO  o.e.m.j.i.AbstractJavaProjectConfigurator - Adding resource folder /Product/src/main/resources
2024-01-16 22:16:49,017 [Worker-16] INFO  o.e.m.j.i.AbstractJavaProjectConfigurator - Adding source folder /Product/src/test/java
2024-01-16 22:16:49,116 [Worker-16] INFO  o.e.m.c.i.p.ProjectConfigurationManager - Update completed: 0 sec
2024-01-16 22:16:49,431 [Worker-0] INFO  o.e.m.c.i.embedder.EclipseLogger - Using 'UTF-8' encoding to copy filtered resources.
2024-01-16 22:16:49,431 [Worker-0] INFO  o.e.m.c.i.embedder.EclipseLogger - Using 'UTF-8' encoding to copy filtered properties files.
2024-01-16 22:16:49,432 [Worker-0] INFO  o.e.m.c.i.embedder.EclipseLogger - Copying 1 resource
2024-01-16 22:16:49,441 [Worker-0] INFO  o.e.m.c.i.embedder.EclipseLogger - Copying 0 resource
2024-01-16 22:16:49,444 [Worker-0] INFO  o.e.m.c.i.embedder.EclipseLogger - Using 'UTF-8' encoding to copy filtered resources.
2024-01-16 22:16:49,444 [Worker-0] INFO  o.e.m.c.i.embedder.EclipseLogger - Using 'UTF-8' encoding to copy filtered properties files.
2024-01-16 22:16:49,444 [Worker-0] INFO  o.e.m.c.i.embedder.EclipseLogger - skip non existing resourceDirectory C:\jdbc-and-advance-java\Spring Boot\Product\src\test\resources
2024-01-17 14:54:37,963 [Worker-22] INFO  o.e.m.c.i.embedder.EclipseLogger - Using 'UTF-8' encoding to copy filtered resources.
2024-01-17 14:54:37,965 [Worker-22] INFO  o.e.m.c.i.embedder.EclipseLogger - Using 'UTF-8' encoding to copy filtered properties files.
2024-01-17 14:54:37,968 [Worker-22] INFO  o.e.m.c.i.embedder.EclipseLogger - Copying 1 resource
2024-01-17 14:54:38,004 [Worker-22] INFO  o.e.m.c.i.embedder.EclipseLogger - Copying 0 resource
2024-01-17 14:54:38,007 [Worker-22] INFO  o.e.m.c.i.embedder.EclipseLogger - Using 'UTF-8' encoding to copy filtered resources.
2024-01-17 14:54:38,007 [Worker-22] INFO  o.e.m.c.i.embedder.EclipseLogger - Using 'UTF-8' encoding to copy filtered properties files.
2024-01-17 14:54:38,007 [Worker-22] INFO  o.e.m.c.i.embedder.EclipseLogger - skip non existing resourceDirectory C:\jdbc-and-advance-java\Spring Boot\Product\src\test\resources
2024-01-17 14:55:16,853 [Worker-26] INFO  o.e.m.c.i.embedder.EclipseLogger - Using 'UTF-8' encoding to copy filtered resources.
2024-01-17 14:55:16,854 [Worker-26] INFO  o.e.m.c.i.embedder.EclipseLogger - Using 'UTF-8' encoding to copy filtered properties files.
2024-01-17 14:55:16,857 [Worker-26] INFO  o.e.m.c.i.embedder.EclipseLogger - Copying 1 resource
2024-01-17 14:55:16,876 [Worker-26] INFO  o.e.m.c.i.embedder.EclipseLogger - Copying 0 resource
2024-01-17 14:55:16,878 [Worker-26] INFO  o.e.m.c.i.embedder.EclipseLogger - Using 'UTF-8' encoding to copy filtered resources.
2024-01-17 14:55:16,879 [Worker-26] INFO  o.e.m.c.i.embedder.EclipseLogger - Using 'UTF-8' encoding to copy filtered properties files.
2024-01-17 14:55:16,879 [Worker-26] INFO  o.e.m.c.i.embedder.EclipseLogger - skip non existing resourceDirectory C:\jdbc-and-advance-java\Spring Boot\Product\src\test\resources
2024-01-17 14:56:03,176 [Worker-27] INFO  o.e.m.c.i.embedder.EclipseLogger - Using 'UTF-8' encoding to copy filtered resources.
2024-01-17 14:56:03,176 [Worker-27] INFO  o.e.m.c.i.embedder.EclipseLogger - Using 'UTF-8' encoding to copy filtered properties files.
2024-01-17 14:56:03,177 [Worker-27] INFO  o.e.m.c.i.embedder.EclipseLogger - Copying 1 resource
2024-01-17 14:56:03,186 [Worker-27] INFO  o.e.m.c.i.embedder.EclipseLogger - Copying 0 resource
2024-01-17 14:56:03,189 [Worker-27] INFO  o.e.m.c.i.embedder.EclipseLogger - Using 'UTF-8' encoding to copy filtered resources.
2024-01-17 14:56:03,189 [Worker-27] INFO  o.e.m.c.i.embedder.EclipseLogger - Using 'UTF-8' encoding to copy filtered properties files.
2024-01-17 14:56:03,189 [Worker-27] INFO  o.e.m.c.i.embedder.EclipseLogger - skip non existing resourceDirectory C:\jdbc-and-advance-java\Spring Boot\Product\src\test\resources
2024-01-17 14:56:35,982 [Worker-31] INFO  o.e.m.c.i.embedder.EclipseLogger - Using 'UTF-8' encoding to copy filtered resources.
2024-01-17 14:56:35,982 [Worker-31] INFO  o.e.m.c.i.embedder.EclipseLogger - Using 'UTF-8' encoding to copy filtered properties files.
2024-01-17 14:56:35,983 [Worker-31] INFO  o.e.m.c.i.embedder.EclipseLogger - Copying 1 resource
2024-01-17 14:56:36,004 [Worker-31] INFO  o.e.m.c.i.embedder.EclipseLogger - Copying 0 resource
2024-01-17 14:56:36,007 [Worker-31] INFO  o.e.m.c.i.embedder.EclipseLogger - Using 'UTF-8' encoding to copy filtered resources.
2024-01-17 14:56:36,007 [Worker-31] INFO  o.e.m.c.i.embedder.EclipseLogger - Using 'UTF-8' encoding to copy filtered properties files.
2024-01-17 14:56:36,007 [Worker-31] INFO  o.e.m.c.i.embedder.EclipseLogger - skip non existing resourceDirectory C:\jdbc-and-advance-java\Spring Boot\Product\src\test\resources
2024-01-17 14:56:51,292 [Worker-28] INFO  o.e.m.c.i.embedder.EclipseLogger - Using 'UTF-8' encoding to copy filtered resources.
2024-01-17 14:56:51,293 [Worker-28] INFO  o.e.m.c.i.embedder.EclipseLogger - Using 'UTF-8' encoding to copy filtered properties files.
2024-01-17 14:56:51,293 [Worker-28] INFO  o.e.m.c.i.embedder.EclipseLogger - Copying 1 resource
2024-01-17 14:56:51,301 [Worker-28] INFO  o.e.m.c.i.embedder.EclipseLogger - Copying 0 resource
2024-01-17 14:56:51,303 [Worker-28] INFO  o.e.m.c.i.embedder.EclipseLogger - Using 'UTF-8' encoding to copy filtered resources.
2024-01-17 14:56:51,303 [Worker-28] INFO  o.e.m.c.i.embedder.EclipseLogger - Using 'UTF-8' encoding to copy filtered properties files.
2024-01-17 14:56:51,303 [Worker-28] INFO  o.e.m.c.i.embedder.EclipseLogger - skip non existing resourceDirectory C:\jdbc-and-advance-java\Spring Boot\Product\src\test\resources
2024-01-17 15:48:38,148 [Worker-56] INFO  o.e.m.c.i.embedder.EclipseLogger - Using 'UTF-8' encoding to copy filtered resources.
2024-01-17 15:48:38,148 [Worker-56] INFO  o.e.m.c.i.embedder.EclipseLogger - Using 'UTF-8' encoding to copy filtered properties files.
2024-01-17 15:48:38,149 [Worker-56] INFO  o.e.m.c.i.embedder.EclipseLogger - Copying 1 resource
2024-01-17 15:48:38,182 [Worker-56] INFO  o.e.m.c.i.embedder.EclipseLogger - Copying 0 resource
2024-01-17 15:48:38,188 [Worker-56] INFO  o.e.m.c.i.embedder.EclipseLogger - Using 'UTF-8' encoding to copy filtered resources.
2024-01-17 15:48:38,188 [Worker-56] INFO  o.e.m.c.i.embedder.EclipseLogger - Using 'UTF-8' encoding to copy filtered properties files.
2024-01-17 15:48:38,188 [Worker-56] INFO  o.e.m.c.i.embedder.EclipseLogger - skip non existing resourceDirectory C:\jdbc-and-advance-java\Spring Boot\Product\src\test\resources
2024-01-17 15:55:07,936 [Worker-59] INFO  o.e.m.c.i.l.LifecycleMappingFactory - Using org.eclipse.m2e.jdt.JarLifecycleMapping lifecycle mapping for MavenProject: com.ts:Product:0.0.1-SNAPSHOT @ C:\jdbc-and-advance-java\Spring Boot\Product\pom.xml.
2024-01-17 15:55:09,893 [Worker-59] INFO  o.e.m.c.i.embedder.EclipseLogger - Using 'UTF-8' encoding to copy filtered resources.
2024-01-17 15:55:09,893 [Worker-59] INFO  o.e.m.c.i.embedder.EclipseLogger - Using 'UTF-8' encoding to copy filtered properties files.
2024-01-17 15:55:09,896 [Worker-59] INFO  o.e.m.c.i.embedder.EclipseLogger - Copying 0 resource
2024-01-17 15:55:09,896 [Worker-59] INFO  o.e.m.c.i.embedder.EclipseLogger - Copying 0 resource
2024-01-17 15:55:09,898 [Worker-59] INFO  o.e.m.c.i.embedder.EclipseLogger - Using 'UTF-8' encoding to copy filtered resources.
2024-01-17 15:55:09,898 [Worker-59] INFO  o.e.m.c.i.embedder.EclipseLogger - Using 'UTF-8' encoding to copy filtered properties files.
2024-01-17 15:55:09,898 [Worker-59] INFO  o.e.m.c.i.embedder.EclipseLogger - skip non existing resourceDirectory C:\jdbc-and-advance-java\Spring Boot\Product\src\test\resources
2024-01-17 15:55:11,627 [Worker-60] INFO  o.e.m.c.i.embedder.EclipseLogger - Using 'UTF-8' encoding to copy filtered resources.
2024-01-17 15:55:11,627 [Worker-60] INFO  o.e.m.c.i.embedder.EclipseLogger - Using 'UTF-8' encoding to copy filtered properties files.
2024-01-17 15:55:11,628 [Worker-60] INFO  o.e.m.c.i.embedder.EclipseLogger - Copying 1 resource
2024-01-17 15:55:11,651 [Worker-60] INFO  o.e.m.c.i.embedder.EclipseLogger - Copying 0 resource
2024-01-17 15:55:11,655 [Worker-60] INFO  o.e.m.c.i.embedder.EclipseLogger - Using 'UTF-8' encoding to copy filtered resources.
2024-01-17 15:55:11,655 [Worker-60] INFO  o.e.m.c.i.embedder.EclipseLogger - Using 'UTF-8' encoding to copy filtered properties files.
2024-01-17 15:55:11,655 [Worker-60] INFO  o.e.m.c.i.embedder.EclipseLogger - skip non existing resourceDirectory C:\jdbc-and-advance-java\Spring Boot\Product\src\test\resources
2024-01-17 16:14:08,677 [Worker-64] INFO  o.e.m.c.i.embedder.EclipseLogger - Using 'UTF-8' encoding to copy filtered resources.
2024-01-17 16:14:08,677 [Worker-64] INFO  o.e.m.c.i.embedder.EclipseLogger - Using 'UTF-8' encoding to copy filtered properties files.
2024-01-17 16:14:08,679 [Worker-64] INFO  o.e.m.c.i.embedder.EclipseLogger - Copying 1 resource
2024-01-17 16:14:08,703 [Worker-64] INFO  o.e.m.c.i.embedder.EclipseLogger - Copying 0 resource
2024-01-17 16:14:08,704 [Worker-64] INFO  o.e.m.c.i.embedder.EclipseLogger - Using 'UTF-8' encoding to copy filtered resources.
2024-01-17 16:14:08,706 [Worker-64] INFO  o.e.m.c.i.embedder.EclipseLogger - Using 'UTF-8' encoding to copy filtered properties files.
2024-01-17 16:14:08,706 [Worker-64] INFO  o.e.m.c.i.embedder.EclipseLogger - skip non existing resourceDirectory C:\jdbc-and-advance-java\Spring Boot\Product\src\test\resources
2024-01-17 16:15:08,851 [Worker-64] INFO  o.e.m.c.i.embedder.EclipseLogger - Using 'UTF-8' encoding to copy filtered resources.
2024-01-17 16:15:08,851 [Worker-64] INFO  o.e.m.c.i.embedder.EclipseLogger - Using 'UTF-8' encoding to copy filtered properties files.
2024-01-17 16:15:08,853 [Worker-64] INFO  o.e.m.c.i.embedder.EclipseLogger - Copying 1 resource
2024-01-17 16:15:08,861 [Worker-64] INFO  o.e.m.c.i.embedder.EclipseLogger - Copying 0 resource
2024-01-17 16:15:08,863 [Worker-64] INFO  o.e.m.c.i.embedder.EclipseLogger - Using 'UTF-8' encoding to copy filtered resources.
2024-01-17 16:15:08,863 [Worker-64] INFO  o.e.m.c.i.embedder.EclipseLogger - Using 'UTF-8' encoding to copy filtered properties files.
2024-01-17 16:15:08,863 [Worker-64] INFO  o.e.m.c.i.embedder.EclipseLogger - skip non existing resourceDirectory C:\jdbc-and-advance-java\Spring Boot\Product\src\test\resources
2024-01-17 16:15:49,165 [Worker-57] INFO  o.e.m.c.i.embedder.EclipseLogger - Using 'UTF-8' encoding to copy filtered resources.
2024-01-17 16:15:49,165 [Worker-57] INFO  o.e.m.c.i.embedder.EclipseLogger - Using 'UTF-8' encoding to copy filtered properties files.
2024-01-17 16:15:49,165 [Worker-57] INFO  o.e.m.c.i.embedder.EclipseLogger - Copying 1 resource
2024-01-17 16:15:49,196 [Worker-57] INFO  o.e.m.c.i.embedder.EclipseLogger - Copying 0 resource
2024-01-17 16:15:49,200 [Worker-57] INFO  o.e.m.c.i.embedder.EclipseLogger - Using 'UTF-8' encoding to copy filtered resources.
2024-01-17 16:15:49,200 [Worker-57] INFO  o.e.m.c.i.embedder.EclipseLogger - Using 'UTF-8' encoding to copy filtered properties files.
2024-01-17 16:15:49,200 [Worker-57] INFO  o.e.m.c.i.embedder.EclipseLogger - skip non existing resourceDirectory C:\jdbc-and-advance-java\Spring Boot\Product\src\test\resources
2024-01-17 16:17:00,082 [Worker-66] INFO  o.e.m.c.i.embedder.EclipseLogger - Using 'UTF-8' encoding to copy filtered resources.
2024-01-17 16:17:00,082 [Worker-66] INFO  o.e.m.c.i.embedder.EclipseLogger - Using 'UTF-8' encoding to copy filtered properties files.
2024-01-17 16:17:00,084 [Worker-66] INFO  o.e.m.c.i.embedder.EclipseLogger - Copying 1 resource
2024-01-17 16:17:00,103 [Worker-66] INFO  o.e.m.c.i.embedder.EclipseLogger - Copying 0 resource
2024-01-17 16:17:00,104 [Worker-66] INFO  o.e.m.c.i.embedder.EclipseLogger - Using 'UTF-8' encoding to copy filtered resources.
2024-01-17 16:17:00,104 [Worker-66] INFO  o.e.m.c.i.embedder.EclipseLogger - Using 'UTF-8' encoding to copy filtered properties files.
2024-01-17 16:17:00,104 [Worker-66] INFO  o.e.m.c.i.embedder.EclipseLogger - skip non existing resourceDirectory C:\jdbc-and-advance-java\Spring Boot\Product\src\test\resources
2024-01-17 16:46:00,594 [Worker-79] INFO  o.e.m.c.i.embedder.EclipseLogger - Using 'UTF-8' encoding to copy filtered resources.
2024-01-17 16:46:00,594 [Worker-79] INFO  o.e.m.c.i.embedder.EclipseLogger - Using 'UTF-8' encoding to copy filtered properties files.
2024-01-17 16:46:00,594 [Worker-79] INFO  o.e.m.c.i.embedder.EclipseLogger - Copying 1 resource
2024-01-17 16:46:00,614 [Worker-79] INFO  o.e.m.c.i.embedder.EclipseLogger - Copying 0 resource
2024-01-17 16:46:00,616 [Worker-79] INFO  o.e.m.c.i.embedder.EclipseLogger - Using 'UTF-8' encoding to copy filtered resources.
2024-01-17 16:46:00,616 [Worker-79] INFO  o.e.m.c.i.embedder.EclipseLogger - Using 'UTF-8' encoding to copy filtered properties files.
2024-01-17 16:46:00,616 [Worker-79] INFO  o.e.m.c.i.embedder.EclipseLogger - skip non existing resourceDirectory C:\jdbc-and-advance-java\Spring Boot\Product\src\test\resources
2024-01-17 16:46:25,054 [Worker-85] INFO  o.e.m.c.i.embedder.EclipseLogger - Using 'UTF-8' encoding to copy filtered resources.
2024-01-17 16:46:25,054 [Worker-85] INFO  o.e.m.c.i.embedder.EclipseLogger - Using 'UTF-8' encoding to copy filtered properties files.
2024-01-17 16:46:25,055 [Worker-85] INFO  o.e.m.c.i.embedder.EclipseLogger - Copying 1 resource
2024-01-17 16:46:25,062 [Worker-85] INFO  o.e.m.c.i.embedder.EclipseLogger - Copying 0 resource
2024-01-17 16:46:25,066 [Worker-85] INFO  o.e.m.c.i.embedder.EclipseLogger - Using 'UTF-8' encoding to copy filtered resources.
2024-01-17 16:46:25,066 [Worker-85] INFO  o.e.m.c.i.embedder.EclipseLogger - Using 'UTF-8' encoding to copy filtered properties files.
2024-01-17 16:46:25,067 [Worker-85] INFO  o.e.m.c.i.embedder.EclipseLogger - skip non existing resourceDirectory C:\jdbc-and-advance-java\Spring Boot\Product\src\test\resources
2024-01-17 17:01:12,902 [Worker-89] INFO  o.e.m.c.i.embedder.EclipseLogger - Using 'UTF-8' encoding to copy filtered resources.
2024-01-17 17:01:12,902 [Worker-89] INFO  o.e.m.c.i.embedder.EclipseLogger - Using 'UTF-8' encoding to copy filtered properties files.
2024-01-17 17:01:12,903 [Worker-89] INFO  o.e.m.c.i.embedder.EclipseLogger - Copying 1 resource
2024-01-17 17:01:12,923 [Worker-89] INFO  o.e.m.c.i.embedder.EclipseLogger - Copying 0 resource
2024-01-17 17:01:12,925 [Worker-89] INFO  o.e.m.c.i.embedder.EclipseLogger - Using 'UTF-8' encoding to copy filtered resources.
2024-01-17 17:01:12,925 [Worker-89] INFO  o.e.m.c.i.embedder.EclipseLogger - Using 'UTF-8' encoding to copy filtered properties files.
2024-01-17 17:01:12,925 [Worker-89] INFO  o.e.m.c.i.embedder.EclipseLogger - skip non existing resourceDirectory C:\jdbc-and-advance-java\Spring Boot\Product\src\test\resources
2024-01-17 17:01:51,182 [Worker-82] INFO  o.e.m.c.i.embedder.EclipseLogger - Using 'UTF-8' encoding to copy filtered resources.
2024-01-17 17:01:51,182 [Worker-82] INFO  o.e.m.c.i.embedder.EclipseLogger - Using 'UTF-8' encoding to copy filtered properties files.
2024-01-17 17:01:51,183 [Worker-82] INFO  o.e.m.c.i.embedder.EclipseLogger - Copying 1 resource
2024-01-17 17:01:51,191 [Worker-82] INFO  o.e.m.c.i.embedder.EclipseLogger - Copying 0 resource
2024-01-17 17:01:51,194 [Worker-82] INFO  o.e.m.c.i.embedder.EclipseLogger - Using 'UTF-8' encoding to copy filtered resources.
2024-01-17 17:01:51,194 [Worker-82] INFO  o.e.m.c.i.embedder.EclipseLogger - Using 'UTF-8' encoding to copy filtered properties files.
2024-01-17 17:01:51,194 [Worker-82] INFO  o.e.m.c.i.embedder.EclipseLogger - skip non existing resourceDirectory C:\jdbc-and-advance-java\Spring Boot\Product\src\test\resources
2024-01-17 17:03:26,234 [Worker-88] INFO  o.e.m.c.i.embedder.EclipseLogger - Using 'UTF-8' encoding to copy filtered resources.
2024-01-17 17:03:26,234 [Worker-88] INFO  o.e.m.c.i.embedder.EclipseLogger - Using 'UTF-8' encoding to copy filtered properties files.
2024-01-17 17:03:26,234 [Worker-88] INFO  o.e.m.c.i.embedder.EclipseLogger - Copying 1 resource
2024-01-17 17:03:26,257 [Worker-88] INFO  o.e.m.c.i.embedder.EclipseLogger - Copying 0 resource
2024-01-17 17:03:26,260 [Worker-88] INFO  o.e.m.c.i.embedder.EclipseLogger - Using 'UTF-8' encoding to copy filtered resources.
2024-01-17 17:03:26,260 [Worker-88] INFO  o.e.m.c.i.embedder.EclipseLogger - Using 'UTF-8' encoding to copy filtered properties files.
2024-01-17 17:03:26,261 [Worker-88] INFO  o.e.m.c.i.embedder.EclipseLogger - skip non existing resourceDirectory C:\jdbc-and-advance-java\Spring Boot\Product\src\test\resources
2024-01-17 17:05:52,345 [Worker-88] INFO  o.e.m.c.i.embedder.EclipseLogger - Using 'UTF-8' encoding to copy filtered resources.
2024-01-17 17:05:52,345 [Worker-88] INFO  o.e.m.c.i.embedder.EclipseLogger - Using 'UTF-8' encoding to copy filtered properties files.
2024-01-17 17:05:52,346 [Worker-88] INFO  o.e.m.c.i.embedder.EclipseLogger - Copying 1 resource
2024-01-17 17:05:52,367 [Worker-88] INFO  o.e.m.c.i.embedder.EclipseLogger - Copying 0 resource
2024-01-17 17:05:52,370 [Worker-88] INFO  o.e.m.c.i.embedder.EclipseLogger - Using 'UTF-8' encoding to copy filtered resources.
2024-01-17 17:05:52,370 [Worker-88] INFO  o.e.m.c.i.embedder.EclipseLogger - Using 'UTF-8' encoding to copy filtered properties files.
2024-01-17 17:05:52,370 [Worker-88] INFO  o.e.m.c.i.embedder.EclipseLogger - skip non existing resourceDirectory C:\jdbc-and-advance-java\Spring Boot\Product\src\test\resources
2024-01-17 17:11:21,189 [Worker-92] INFO  o.e.m.c.i.embedder.EclipseLogger - Using 'UTF-8' encoding to copy filtered resources.
2024-01-17 17:11:21,190 [Worker-92] INFO  o.e.m.c.i.embedder.EclipseLogger - Using 'UTF-8' encoding to copy filtered properties files.
2024-01-17 17:11:21,192 [Worker-92] INFO  o.e.m.c.i.embedder.EclipseLogger - Copying 1 resource
2024-01-17 17:11:21,214 [Worker-92] INFO  o.e.m.c.i.embedder.EclipseLogger - Copying 0 resource
2024-01-17 17:11:21,217 [Worker-92] INFO  o.e.m.c.i.embedder.EclipseLogger - Using 'UTF-8' encoding to copy filtered resources.
2024-01-17 17:11:21,217 [Worker-92] INFO  o.e.m.c.i.embedder.EclipseLogger - Using 'UTF-8' encoding to copy filtered properties files.
2024-01-17 17:11:21,217 [Worker-92] INFO  o.e.m.c.i.embedder.EclipseLogger - skip non existing resourceDirectory C:\jdbc-and-advance-java\Spring Boot\Product\src\test\resources
2024-01-17 17:15:23,747 [Worker-93] INFO  o.e.m.c.i.embedder.EclipseLogger - Using 'UTF-8' encoding to copy filtered resources.
2024-01-17 17:15:23,747 [Worker-93] INFO  o.e.m.c.i.embedder.EclipseLogger - Using 'UTF-8' encoding to copy filtered properties files.
2024-01-17 17:15:23,747 [Worker-93] INFO  o.e.m.c.i.embedder.EclipseLogger - Copying 1 resource
2024-01-17 17:15:23,774 [Worker-93] INFO  o.e.m.c.i.embedder.EclipseLogger - Copying 0 resource
2024-01-17 17:15:23,777 [Worker-93] INFO  o.e.m.c.i.embedder.EclipseLogger - Using 'UTF-8' encoding to copy filtered resources.
2024-01-17 17:15:23,777 [Worker-93] INFO  o.e.m.c.i.embedder.EclipseLogger - Using 'UTF-8' encoding to copy filtered properties files.
2024-01-17 17:15:23,777 [Worker-93] INFO  o.e.m.c.i.embedder.EclipseLogger - skip non existing resourceDirectory C:\jdbc-and-advance-java\Spring Boot\Product\src\test\resources
2024-01-17 17:17:10,523 [Worker-96] INFO  o.e.m.c.i.embedder.EclipseLogger - Using 'UTF-8' encoding to copy filtered resources.
2024-01-17 17:17:10,523 [Worker-96] INFO  o.e.m.c.i.embedder.EclipseLogger - Using 'UTF-8' encoding to copy filtered properties files.
2024-01-17 17:17:10,524 [Worker-96] INFO  o.e.m.c.i.embedder.EclipseLogger - Copying 1 resource
2024-01-17 17:17:10,534 [Worker-96] INFO  o.e.m.c.i.embedder.EclipseLogger - Copying 0 resource
2024-01-17 17:17:10,536 [Worker-96] INFO  o.e.m.c.i.embedder.EclipseLogger - Using 'UTF-8' encoding to copy filtered resources.
2024-01-17 17:17:10,536 [Worker-96] INFO  o.e.m.c.i.embedder.EclipseLogger - Using 'UTF-8' encoding to copy filtered properties files.
2024-01-17 17:17:10,537 [Worker-96] INFO  o.e.m.c.i.embedder.EclipseLogger - skip non existing resourceDirectory C:\jdbc-and-advance-java\Spring Boot\Product\src\test\resources
2024-01-17 17:17:44,204 [Worker-89] INFO  o.e.m.c.i.embedder.EclipseLogger - Using 'UTF-8' encoding to copy filtered resources.
2024-01-17 17:17:44,204 [Worker-89] INFO  o.e.m.c.i.embedder.EclipseLogger - Using 'UTF-8' encoding to copy filtered properties files.
2024-01-17 17:17:44,205 [Worker-89] INFO  o.e.m.c.i.embedder.EclipseLogger - Copying 1 resource
2024-01-17 17:17:44,215 [Worker-89] INFO  o.e.m.c.i.embedder.EclipseLogger - Copying 0 resource
2024-01-17 17:17:44,218 [Worker-89] INFO  o.e.m.c.i.embedder.EclipseLogger - Using 'UTF-8' encoding to copy filtered resources.
2024-01-17 17:17:44,218 [Worker-89] INFO  o.e.m.c.i.embedder.EclipseLogger - Using 'UTF-8' encoding to copy filtered properties files.
2024-01-17 17:17:44,218 [Worker-89] INFO  o.e.m.c.i.embedder.EclipseLogger - skip non existing resourceDirectory C:\jdbc-and-advance-java\Spring Boot\Product\src\test\resources
2024-01-17 17:19:17,991 [Worker-96] INFO  o.e.m.c.i.embedder.EclipseLogger - Using 'UTF-8' encoding to copy filtered resources.
2024-01-17 17:19:17,992 [Worker-96] INFO  o.e.m.c.i.embedder.EclipseLogger - Using 'UTF-8' encoding to copy filtered properties files.
2024-01-17 17:19:17,992 [Worker-96] INFO  o.e.m.c.i.embedder.EclipseLogger - Copying 1 resource
2024-01-17 17:19:18,002 [Worker-96] INFO  o.e.m.c.i.embedder.EclipseLogger - Copying 0 resource
2024-01-17 17:19:18,003 [Worker-96] INFO  o.e.m.c.i.embedder.EclipseLogger - Using 'UTF-8' encoding to copy filtered resources.
2024-01-17 17:19:18,003 [Worker-96] INFO  o.e.m.c.i.embedder.EclipseLogger - Using 'UTF-8' encoding to copy filtered properties files.
2024-01-17 17:19:18,003 [Worker-96] INFO  o.e.m.c.i.embedder.EclipseLogger - skip non existing resourceDirectory C:\jdbc-and-advance-java\Spring Boot\Product\src\test\resources
2024-01-17 17:21:17,625 [Worker-99] INFO  o.e.m.c.i.embedder.EclipseLogger - Using 'UTF-8' encoding to copy filtered resources.
2024-01-17 17:21:17,625 [Worker-99] INFO  o.e.m.c.i.embedder.EclipseLogger - Using 'UTF-8' encoding to copy filtered properties files.
2024-01-17 17:21:17,626 [Worker-99] INFO  o.e.m.c.i.embedder.EclipseLogger - Copying 1 resource
2024-01-17 17:21:17,636 [Worker-99] INFO  o.e.m.c.i.embedder.EclipseLogger - Copying 0 resource
2024-01-17 17:21:17,637 [Worker-99] INFO  o.e.m.c.i.embedder.EclipseLogger - Using 'UTF-8' encoding to copy filtered resources.
2024-01-17 17:21:17,637 [Worker-99] INFO  o.e.m.c.i.embedder.EclipseLogger - Using 'UTF-8' encoding to copy filtered properties files.
2024-01-17 17:21:17,637 [Worker-99] INFO  o.e.m.c.i.embedder.EclipseLogger - skip non existing resourceDirectory C:\jdbc-and-advance-java\Spring Boot\Product\src\test\resources
2024-01-17 17:22:56,823 [Worker-98] INFO  o.e.m.c.i.embedder.EclipseLogger - Using 'UTF-8' encoding to copy filtered resources.
2024-01-17 17:22:56,823 [Worker-98] INFO  o.e.m.c.i.embedder.EclipseLogger - Using 'UTF-8' encoding to copy filtered properties files.
2024-01-17 17:22:56,824 [Worker-98] INFO  o.e.m.c.i.embedder.EclipseLogger - Copying 1 resource
2024-01-17 17:22:56,844 [Worker-98] INFO  o.e.m.c.i.embedder.EclipseLogger - Copying 0 resource
2024-01-17 17:22:56,845 [Worker-98] INFO  o.e.m.c.i.embedder.EclipseLogger - Using 'UTF-8' encoding to copy filtered resources.
2024-01-17 17:22:56,846 [Worker-98] INFO  o.e.m.c.i.embedder.EclipseLogger - Using 'UTF-8' encoding to copy filtered properties files.
2024-01-17 17:22:56,846 [Worker-98] INFO  o.e.m.c.i.embedder.EclipseLogger - skip non existing resourceDirectory C:\jdbc-and-advance-java\Spring Boot\Product\src\test\resources
2024-01-17 17:30:44,304 [Worker-96] INFO  o.e.m.c.i.embedder.EclipseLogger - Using 'UTF-8' encoding to copy filtered resources.
2024-01-17 17:30:44,304 [Worker-96] INFO  o.e.m.c.i.embedder.EclipseLogger - Using 'UTF-8' encoding to copy filtered properties files.
2024-01-17 17:30:44,304 [Worker-96] INFO  o.e.m.c.i.embedder.EclipseLogger - Copying 1 resource
2024-01-17 17:30:44,335 [Worker-96] INFO  o.e.m.c.i.embedder.EclipseLogger - Copying 0 resource
2024-01-17 17:30:44,338 [Worker-96] INFO  o.e.m.c.i.embedder.EclipseLogger - Using 'UTF-8' encoding to copy filtered resources.
2024-01-17 17:30:44,338 [Worker-96] INFO  o.e.m.c.i.embedder.EclipseLogger - Using 'UTF-8' encoding to copy filtered properties files.
2024-01-17 17:30:44,338 [Worker-96] INFO  o.e.m.c.i.embedder.EclipseLogger - skip non existing resourceDirectory C:\jdbc-and-advance-java\Spring Boot\Product\src\test\resources
2024-01-17 17:31:08,275 [Worker-92] INFO  o.e.m.c.i.embedder.EclipseLogger - Using 'UTF-8' encoding to copy filtered resources.
2024-01-17 17:31:08,275 [Worker-92] INFO  o.e.m.c.i.embedder.EclipseLogger - Using 'UTF-8' encoding to copy filtered properties files.
2024-01-17 17:31:08,276 [Worker-92] INFO  o.e.m.c.i.embedder.EclipseLogger - Copying 1 resource
2024-01-17 17:31:08,286 [Worker-92] INFO  o.e.m.c.i.embedder.EclipseLogger - Copying 0 resource
2024-01-17 17:31:08,287 [Worker-92] INFO  o.e.m.c.i.embedder.EclipseLogger - Using 'UTF-8' encoding to copy filtered resources.
2024-01-17 17:31:08,288 [Worker-92] INFO  o.e.m.c.i.embedder.EclipseLogger - Using 'UTF-8' encoding to copy filtered properties files.
2024-01-17 17:31:08,288 [Worker-92] INFO  o.e.m.c.i.embedder.EclipseLogger - skip non existing resourceDirectory C:\jdbc-and-advance-java\Spring Boot\Product\src\test\resources
2024-01-17 17:31:42,975 [Worker-102] INFO  o.e.m.c.i.embedder.EclipseLogger - Using 'UTF-8' encoding to copy filtered resources.
2024-01-17 17:31:42,976 [Worker-102] INFO  o.e.m.c.i.embedder.EclipseLogger - Using 'UTF-8' encoding to copy filtered properties files.
2024-01-17 17:31:42,977 [Worker-102] INFO  o.e.m.c.i.embedder.EclipseLogger - Copying 1 resource
2024-01-17 17:31:42,987 [Worker-102] INFO  o.e.m.c.i.embedder.EclipseLogger - Copying 0 resource
2024-01-17 17:31:42,989 [Worker-102] INFO  o.e.m.c.i.embedder.EclipseLogger - Using 'UTF-8' encoding to copy filtered resources.
2024-01-17 17:31:42,989 [Worker-102] INFO  o.e.m.c.i.embedder.EclipseLogger - Using 'UTF-8' encoding to copy filtered properties files.
2024-01-17 17:31:42,990 [Worker-102] INFO  o.e.m.c.i.embedder.EclipseLogger - skip non existing resourceDirectory C:\jdbc-and-advance-java\Spring Boot\Product\src\test\resources
2024-01-17 17:32:21,341 [Worker-92] INFO  o.e.m.c.i.embedder.EclipseLogger - Using 'UTF-8' encoding to copy filtered resources.
2024-01-17 17:32:21,341 [Worker-92] INFO  o.e.m.c.i.embedder.EclipseLogger - Using 'UTF-8' encoding to copy filtered properties files.
2024-01-17 17:32:21,342 [Worker-92] INFO  o.e.m.c.i.embedder.EclipseLogger - Copying 1 resource
2024-01-17 17:32:21,353 [Worker-92] INFO  o.e.m.c.i.embedder.EclipseLogger - Copying 0 resource
2024-01-17 17:32:21,354 [Worker-92] INFO  o.e.m.c.i.embedder.EclipseLogger - Using 'UTF-8' encoding to copy filtered resources.
2024-01-17 17:32:21,354 [Worker-92] INFO  o.e.m.c.i.embedder.EclipseLogger - Using 'UTF-8' encoding to copy filtered properties files.
2024-01-17 17:32:21,355 [Worker-92] INFO  o.e.m.c.i.embedder.EclipseLogger - skip non existing resourceDirectory C:\jdbc-and-advance-java\Spring Boot\Product\src\test\resources
2024-01-17 17:32:58,820 [Worker-92] INFO  o.e.m.c.i.embedder.EclipseLogger - Using 'UTF-8' encoding to copy filtered resources.
2024-01-17 17:32:58,820 [Worker-92] INFO  o.e.m.c.i.embedder.EclipseLogger - Using 'UTF-8' encoding to copy filtered properties files.
2024-01-17 17:32:58,821 [Worker-92] INFO  o.e.m.c.i.embedder.EclipseLogger - Copying 1 resource
2024-01-17 17:32:58,831 [Worker-92] INFO  o.e.m.c.i.embedder.EclipseLogger - Copying 0 resource
2024-01-17 17:32:58,834 [Worker-92] INFO  o.e.m.c.i.embedder.EclipseLogger - Using 'UTF-8' encoding to copy filtered resources.
2024-01-17 17:32:58,834 [Worker-92] INFO  o.e.m.c.i.embedder.EclipseLogger - Using 'UTF-8' encoding to copy filtered properties files.
2024-01-17 17:32:58,834 [Worker-92] INFO  o.e.m.c.i.embedder.EclipseLogger - skip non existing resourceDirectory C:\jdbc-and-advance-java\Spring Boot\Product\src\test\resources
2024-01-18 11:04:42,160 [Worker-34] INFO  o.e.m.c.i.embedder.EclipseLogger - Using 'UTF-8' encoding to copy filtered resources.
2024-01-18 11:04:42,163 [Worker-34] INFO  o.e.m.c.i.embedder.EclipseLogger - Using 'UTF-8' encoding to copy filtered properties files.
2024-01-18 11:04:42,165 [Worker-34] INFO  o.e.m.c.i.embedder.EclipseLogger - Copying 1 resource
2024-01-18 11:04:42,178 [Worker-34] INFO  o.e.m.c.i.embedder.EclipseLogger - Copying 0 resource
2024-01-18 11:04:42,180 [Worker-34] INFO  o.e.m.c.i.embedder.EclipseLogger - Using 'UTF-8' encoding to copy filtered resources.
2024-01-18 11:04:42,180 [Worker-34] INFO  o.e.m.c.i.embedder.EclipseLogger - Using 'UTF-8' encoding to copy filtered properties files.
2024-01-18 11:04:42,180 [Worker-34] INFO  o.e.m.c.i.embedder.EclipseLogger - skip non existing resourceDirectory C:\jdbc-and-advance-java\Spring Boot\Product\src\test\resources
2024-01-18 11:25:18,375 [Worker-46] INFO  o.e.m.c.i.embedder.EclipseLogger - Using 'UTF-8' encoding to copy filtered resources.
2024-01-18 11:25:18,375 [Worker-46] INFO  o.e.m.c.i.embedder.EclipseLogger - Using 'UTF-8' encoding to copy filtered properties files.
2024-01-18 11:25:18,380 [Worker-46] INFO  o.e.m.c.i.embedder.EclipseLogger - Copying 1 resource
2024-01-18 11:25:18,401 [Worker-46] INFO  o.e.m.c.i.embedder.EclipseLogger - Copying 0 resource
2024-01-18 11:25:18,403 [Worker-46] INFO  o.e.m.c.i.embedder.EclipseLogger - Using 'UTF-8' encoding to copy filtered resources.
2024-01-18 11:25:18,403 [Worker-46] INFO  o.e.m.c.i.embedder.EclipseLogger - Using 'UTF-8' encoding to copy filtered properties files.
2024-01-18 11:25:18,403 [Worker-46] INFO  o.e.m.c.i.embedder.EclipseLogger - skip non existing resourceDirectory C:\jdbc-and-advance-java\Spring Boot\Product\src\test\resources
2024-01-18 11:25:36,132 [Worker-48] INFO  o.e.m.c.i.embedder.EclipseLogger - Using 'UTF-8' encoding to copy filtered resources.
2024-01-18 11:25:36,132 [Worker-48] INFO  o.e.m.c.i.embedder.EclipseLogger - Using 'UTF-8' encoding to copy filtered properties files.
2024-01-18 11:25:36,133 [Worker-48] INFO  o.e.m.c.i.embedder.EclipseLogger - Copying 1 resource
2024-01-18 11:25:36,159 [Worker-48] INFO  o.e.m.c.i.embedder.EclipseLogger - Copying 0 resource
2024-01-18 11:25:36,161 [Worker-48] INFO  o.e.m.c.i.embedder.EclipseLogger - Using 'UTF-8' encoding to copy filtered resources.
2024-01-18 11:25:36,162 [Worker-48] INFO  o.e.m.c.i.embedder.EclipseLogger - Using 'UTF-8' encoding to copy filtered properties files.
2024-01-18 11:25:36,162 [Worker-48] INFO  o.e.m.c.i.embedder.EclipseLogger - skip non existing resourceDirectory C:\jdbc-and-advance-java\Spring Boot\Product\src\test\resources
2024-01-18 12:07:19,730 [Worker-63] INFO  o.e.m.c.i.embedder.EclipseLogger - Using 'UTF-8' encoding to copy filtered resources.
2024-01-18 12:07:19,731 [Worker-63] INFO  o.e.m.c.i.embedder.EclipseLogger - Using 'UTF-8' encoding to copy filtered properties files.
2024-01-18 12:07:19,731 [Worker-63] INFO  o.e.m.c.i.embedder.EclipseLogger - Copying 1 resource
2024-01-18 12:07:19,769 [Worker-63] INFO  o.e.m.c.i.embedder.EclipseLogger - Copying 0 resource
2024-01-18 12:07:19,771 [Worker-63] INFO  o.e.m.c.i.embedder.EclipseLogger - Using 'UTF-8' encoding to copy filtered resources.
2024-01-18 12:07:19,771 [Worker-63] INFO  o.e.m.c.i.embedder.EclipseLogger - Using 'UTF-8' encoding to copy filtered properties files.
2024-01-18 12:07:19,771 [Worker-63] INFO  o.e.m.c.i.embedder.EclipseLogger - skip non existing resourceDirectory C:\jdbc-and-advance-java\Spring Boot\Product\src\test\resources
2024-01-18 12:07:37,103 [Worker-63] INFO  o.e.m.c.i.embedder.EclipseLogger - Using 'UTF-8' encoding to copy filtered resources.
2024-01-18 12:07:37,103 [Worker-63] INFO  o.e.m.c.i.embedder.EclipseLogger - Using 'UTF-8' encoding to copy filtered properties files.
2024-01-18 12:07:37,104 [Worker-63] INFO  o.e.m.c.i.embedder.EclipseLogger - Copying 1 resource
2024-01-18 12:07:37,119 [Worker-63] INFO  o.e.m.c.i.embedder.EclipseLogger - Copying 0 resource
2024-01-18 12:07:37,120 [Worker-63] INFO  o.e.m.c.i.embedder.EclipseLogger - Using 'UTF-8' encoding to copy filtered resources.
2024-01-18 12:07:37,120 [Worker-63] INFO  o.e.m.c.i.embedder.EclipseLogger - Using 'UTF-8' encoding to copy filtered properties files.
2024-01-18 12:07:37,121 [Worker-63] INFO  o.e.m.c.i.embedder.EclipseLogger - skip non existing resourceDirectory C:\jdbc-and-advance-java\Spring Boot\Product\src\test\resources
2024-01-18 12:08:04,746 [Worker-65] INFO  o.e.m.c.i.embedder.EclipseLogger - Using 'UTF-8' encoding to copy filtered resources.
2024-01-18 12:08:04,746 [Worker-65] INFO  o.e.m.c.i.embedder.EclipseLogger - Using 'UTF-8' encoding to copy filtered properties files.
2024-01-18 12:08:04,748 [Worker-65] INFO  o.e.m.c.i.embedder.EclipseLogger - Copying 1 resource
2024-01-18 12:08:04,770 [Worker-65] INFO  o.e.m.c.i.embedder.EclipseLogger - Copying 0 resource
2024-01-18 12:08:04,772 [Worker-65] INFO  o.e.m.c.i.embedder.EclipseLogger - Using 'UTF-8' encoding to copy filtered resources.
2024-01-18 12:08:04,772 [Worker-65] INFO  o.e.m.c.i.embedder.EclipseLogger - Using 'UTF-8' encoding to copy filtered properties files.
2024-01-18 12:08:04,772 [Worker-65] INFO  o.e.m.c.i.embedder.EclipseLogger - skip non existing resourceDirectory C:\jdbc-and-advance-java\Spring Boot\Product\src\test\resources
2024-01-18 12:30:48,929 [Worker-80] INFO  o.e.m.c.i.embedder.EclipseLogger - Using 'UTF-8' encoding to copy filtered resources.
2024-01-18 12:30:48,930 [Worker-80] INFO  o.e.m.c.i.embedder.EclipseLogger - Using 'UTF-8' encoding to copy filtered properties files.
2024-01-18 12:30:48,931 [Worker-80] INFO  o.e.m.c.i.embedder.EclipseLogger - Copying 1 resource
2024-01-18 12:30:48,963 [Worker-80] INFO  o.e.m.c.i.embedder.EclipseLogger - Copying 0 resource
2024-01-18 12:30:48,967 [Worker-80] INFO  o.e.m.c.i.embedder.EclipseLogger - Using 'UTF-8' encoding to copy filtered resources.
2024-01-18 12:30:48,967 [Worker-80] INFO  o.e.m.c.i.embedder.EclipseLogger - Using 'UTF-8' encoding to copy filtered properties files.
2024-01-18 12:30:48,967 [Worker-80] INFO  o.e.m.c.i.embedder.EclipseLogger - skip non existing resourceDirectory C:\jdbc-and-advance-java\Spring Boot\Product\src\test\resources
2024-01-18 12:31:15,626 [Worker-81] INFO  o.e.m.c.i.embedder.EclipseLogger - Using 'UTF-8' encoding to copy filtered resources.
2024-01-18 12:31:15,626 [Worker-81] INFO  o.e.m.c.i.embedder.EclipseLogger - Using 'UTF-8' encoding to copy filtered properties files.
2024-01-18 12:31:15,627 [Worker-81] INFO  o.e.m.c.i.embedder.EclipseLogger - Copying 1 resource
2024-01-18 12:31:15,659 [Worker-81] INFO  o.e.m.c.i.embedder.EclipseLogger - Copying 0 resource
2024-01-18 12:31:15,664 [Worker-81] INFO  o.e.m.c.i.embedder.EclipseLogger - Using 'UTF-8' encoding to copy filtered resources.
2024-01-18 12:31:15,664 [Worker-81] INFO  o.e.m.c.i.embedder.EclipseLogger - Using 'UTF-8' encoding to copy filtered properties files.
2024-01-18 12:31:15,664 [Worker-81] INFO  o.e.m.c.i.embedder.EclipseLogger - skip non existing resourceDirectory C:\jdbc-and-advance-java\Spring Boot\Product\src\test\resources
2024-01-18 12:31:48,767 [Worker-74] INFO  o.e.m.c.i.embedder.EclipseLogger - Using 'UTF-8' encoding to copy filtered resources.
2024-01-18 12:31:48,768 [Worker-74] INFO  o.e.m.c.i.embedder.EclipseLogger - Using 'UTF-8' encoding to copy filtered properties files.
2024-01-18 12:31:48,769 [Worker-74] INFO  o.e.m.c.i.embedder.EclipseLogger - Copying 1 resource
2024-01-18 12:31:48,799 [Worker-74] INFO  o.e.m.c.i.embedder.EclipseLogger - Copying 0 resource
2024-01-18 12:31:48,803 [Worker-74] INFO  o.e.m.c.i.embedder.EclipseLogger - Using 'UTF-8' encoding to copy filtered resources.
2024-01-18 12:31:48,803 [Worker-74] INFO  o.e.m.c.i.embedder.EclipseLogger - Using 'UTF-8' encoding to copy filtered properties files.
2024-01-18 12:31:48,803 [Worker-74] INFO  o.e.m.c.i.embedder.EclipseLogger - skip non existing resourceDirectory C:\jdbc-and-advance-java\Spring Boot\Product\src\test\resources
2024-01-18 12:32:07,837 [Worker-78] INFO  o.e.m.c.i.embedder.EclipseLogger - Using 'UTF-8' encoding to copy filtered resources.
2024-01-18 12:32:07,837 [Worker-78] INFO  o.e.m.c.i.embedder.EclipseLogger - Using 'UTF-8' encoding to copy filtered properties files.
2024-01-18 12:32:07,838 [Worker-78] INFO  o.e.m.c.i.embedder.EclipseLogger - Copying 1 resource
2024-01-18 12:32:07,859 [Worker-78] INFO  o.e.m.c.i.embedder.EclipseLogger - Copying 0 resource
2024-01-18 12:32:07,860 [Worker-78] INFO  o.e.m.c.i.embedder.EclipseLogger - Using 'UTF-8' encoding to copy filtered resources.
2024-01-18 12:32:07,860 [Worker-78] INFO  o.e.m.c.i.embedder.EclipseLogger - Using 'UTF-8' encoding to copy filtered properties files.
2024-01-18 12:32:07,861 [Worker-78] INFO  o.e.m.c.i.embedder.EclipseLogger - skip non existing resourceDirectory C:\jdbc-and-advance-java\Spring Boot\Product\src\test\resources
2024-01-18 13:10:50,450 [Worker-94] WARN  o.e.r.models.ModelRepository - Failed to download org.eclipse.recommenders:index::zip:0.0.0
org.eclipse.aether.resolution.ArtifactResolutionException: Could not find artifact org.eclipse.recommenders:index:zip:0.0.0-SNAPSHOT in models (http://download.eclipse.org/recommenders/models/neon/)
	at org.eclipse.aether.internal.impl.DefaultArtifactResolver.resolve(DefaultArtifactResolver.java:444) ~[na:na]
	at org.eclipse.aether.internal.impl.DefaultArtifactResolver.resolveArtifacts(DefaultArtifactResolver.java:246) ~[na:na]
	at org.eclipse.aether.internal.impl.DefaultArtifactResolver.resolveArtifact(DefaultArtifactResolver.java:223) ~[na:na]
	at org.eclipse.aether.internal.impl.DefaultRepositorySystem.resolveArtifact(DefaultRepositorySystem.java:294) ~[na:na]
	at org.eclipse.recommenders.models.ModelRepository.resolveInternal(ModelRepository.java:193) [org.eclipse.recommenders.models_2.4.6.v20170307-1041.jar:na]
	at org.eclipse.recommenders.models.ModelRepository.resolve(ModelRepository.java:172) [org.eclipse.recommenders.models_2.4.6.v20170307-1041.jar:na]
	at org.eclipse.recommenders.internal.models.rcp.EclipseModelRepository.resolve(EclipseModelRepository.java:169) [org.eclipse.recommenders.models.rcp_2.4.6.v20170307-1041.jar:na]
	at org.eclipse.recommenders.internal.models.rcp.DownloadModelArchiveJob.run(DownloadModelArchiveJob.java:76) [org.eclipse.recommenders.models.rcp_2.4.6.v20170307-1041.jar:na]
	at org.eclipse.core.internal.jobs.Worker.run(Worker.java:55) [org.eclipse.core.jobs_3.8.0.v20160509-0411.jar:na]
Caused by: org.eclipse.aether.transfer.ArtifactNotFoundException: Could not find artifact org.eclipse.recommenders:index:zip:0.0.0-SNAPSHOT in models (http://download.eclipse.org/recommenders/models/neon/)
	at org.eclipse.aether.connector.basic.ArtifactTransportListener.transferFailed(ArtifactTransportListener.java:39) ~[org.eclipse.aether.connector.basic_1.0.1.v20141111.jar:na]
	at org.eclipse.aether.connector.basic.BasicRepositoryConnector$TaskRunner.run(BasicRepositoryConnector.java:355) ~[org.eclipse.aether.connector.basic_1.0.1.v20141111.jar:na]
	at org.eclipse.aether.util.concurrency.RunnableErrorForwarder$1.run(RunnableErrorForwarder.java:67) ~[na:na]
	at org.eclipse.aether.connector.basic.BasicRepositoryConnector$DirectExecutor.execute(BasicRepositoryConnector.java:581) ~[org.eclipse.aether.connector.basic_1.0.1.v20141111.jar:na]
	at org.eclipse.aether.connector.basic.BasicRepositoryConnector.get(BasicRepositoryConnector.java:249) ~[org.eclipse.aether.connector.basic_1.0.1.v20141111.jar:na]
	at org.eclipse.aether.internal.impl.DefaultArtifactResolver.performDownloads(DefaultArtifactResolver.java:520) ~[na:na]
	at org.eclipse.aether.internal.impl.DefaultArtifactResolver.resolve(DefaultArtifactResolver.java:421) ~[na:na]
	... 8 common frames omitted
2024-01-18 13:11:22,259 [Worker-98] INFO  o.e.m.c.i.embedder.EclipseLogger - Using 'UTF-8' encoding to copy filtered resources.
2024-01-18 13:11:22,259 [Worker-98] INFO  o.e.m.c.i.embedder.EclipseLogger - Using 'UTF-8' encoding to copy filtered properties files.
2024-01-18 13:11:22,259 [Worker-98] INFO  o.e.m.c.i.embedder.EclipseLogger - Copying 1 resource
2024-01-18 13:11:22,266 [Worker-98] INFO  o.e.m.c.i.embedder.EclipseLogger - Copying 0 resource
2024-01-18 13:11:22,267 [Worker-98] INFO  o.e.m.c.i.embedder.EclipseLogger - Using 'UTF-8' encoding to copy filtered resources.
2024-01-18 13:11:22,268 [Worker-98] INFO  o.e.m.c.i.embedder.EclipseLogger - Using 'UTF-8' encoding to copy filtered properties files.
2024-01-18 13:11:22,268 [Worker-98] INFO  o.e.m.c.i.embedder.EclipseLogger - skip non existing resourceDirectory C:\jdbc-and-advance-java\Spring Boot\Product\src\test\resources
2024-01-18 13:12:05,989 [Worker-94] INFO  o.e.m.c.i.embedder.EclipseLogger - Using 'UTF-8' encoding to copy filtered resources.
2024-01-18 13:12:05,989 [Worker-94] INFO  o.e.m.c.i.embedder.EclipseLogger - Using 'UTF-8' encoding to copy filtered properties files.
2024-01-18 13:12:05,990 [Worker-94] INFO  o.e.m.c.i.embedder.EclipseLogger - Copying 1 resource
2024-01-18 13:12:06,008 [Worker-94] INFO  o.e.m.c.i.embedder.EclipseLogger - Copying 0 resource
2024-01-18 13:12:06,011 [Worker-94] INFO  o.e.m.c.i.embedder.EclipseLogger - Using 'UTF-8' encoding to copy filtered resources.
2024-01-18 13:12:06,012 [Worker-94] INFO  o.e.m.c.i.embedder.EclipseLogger - Using 'UTF-8' encoding to copy filtered properties files.
2024-01-18 13:12:06,012 [Worker-94] INFO  o.e.m.c.i.embedder.EclipseLogger - skip non existing resourceDirectory C:\jdbc-and-advance-java\Spring Boot\Product\src\test\resources
2024-01-18 13:12:22,365 [Worker-94] INFO  o.e.m.c.i.embedder.EclipseLogger - Using 'UTF-8' encoding to copy filtered resources.
2024-01-18 13:12:22,365 [Worker-94] INFO  o.e.m.c.i.embedder.EclipseLogger - Using 'UTF-8' encoding to copy filtered properties files.
2024-01-18 13:12:22,366 [Worker-94] INFO  o.e.m.c.i.embedder.EclipseLogger - Copying 1 resource
2024-01-18 13:12:22,376 [Worker-94] INFO  o.e.m.c.i.embedder.EclipseLogger - Copying 0 resource
2024-01-18 13:12:22,379 [Worker-94] INFO  o.e.m.c.i.embedder.EclipseLogger - Using 'UTF-8' encoding to copy filtered resources.
2024-01-18 13:12:22,379 [Worker-94] INFO  o.e.m.c.i.embedder.EclipseLogger - Using 'UTF-8' encoding to copy filtered properties files.
2024-01-18 13:12:22,379 [Worker-94] INFO  o.e.m.c.i.embedder.EclipseLogger - skip non existing resourceDirectory C:\jdbc-and-advance-java\Spring Boot\Product\src\test\resources
2024-01-18 13:12:38,207 [Worker-97] INFO  o.e.m.c.i.embedder.EclipseLogger - Using 'UTF-8' encoding to copy filtered resources.
2024-01-18 13:12:38,207 [Worker-97] INFO  o.e.m.c.i.embedder.EclipseLogger - Using 'UTF-8' encoding to copy filtered properties files.
2024-01-18 13:12:38,208 [Worker-97] INFO  o.e.m.c.i.embedder.EclipseLogger - Copying 1 resource
2024-01-18 13:12:38,218 [Worker-97] INFO  o.e.m.c.i.embedder.EclipseLogger - Copying 0 resource
2024-01-18 13:12:38,221 [Worker-97] INFO  o.e.m.c.i.embedder.EclipseLogger - Using 'UTF-8' encoding to copy filtered resources.
2024-01-18 13:12:38,221 [Worker-97] INFO  o.e.m.c.i.embedder.EclipseLogger - Using 'UTF-8' encoding to copy filtered properties files.
2024-01-18 13:12:38,221 [Worker-97] INFO  o.e.m.c.i.embedder.EclipseLogger - skip non existing resourceDirectory C:\jdbc-and-advance-java\Spring Boot\Product\src\test\resources
2024-01-18 13:16:02,675 [Worker-100] INFO  o.e.m.c.i.embedder.EclipseLogger - Using 'UTF-8' encoding to copy filtered resources.
2024-01-18 13:16:02,675 [Worker-100] INFO  o.e.m.c.i.embedder.EclipseLogger - Using 'UTF-8' encoding to copy filtered properties files.
2024-01-18 13:16:02,676 [Worker-100] INFO  o.e.m.c.i.embedder.EclipseLogger - Copying 1 resource
2024-01-18 13:16:02,687 [Worker-100] INFO  o.e.m.c.i.embedder.EclipseLogger - Copying 0 resource
2024-01-18 13:16:02,689 [Worker-100] INFO  o.e.m.c.i.embedder.EclipseLogger - Using 'UTF-8' encoding to copy filtered resources.
2024-01-18 13:16:02,690 [Worker-100] INFO  o.e.m.c.i.embedder.EclipseLogger - Using 'UTF-8' encoding to copy filtered properties files.
2024-01-18 13:16:02,690 [Worker-100] INFO  o.e.m.c.i.embedder.EclipseLogger - skip non existing resourceDirectory C:\jdbc-and-advance-java\Spring Boot\Product\src\test\resources
2024-01-18 13:16:37,999 [Worker-99] INFO  o.e.m.c.i.embedder.EclipseLogger - Using 'UTF-8' encoding to copy filtered resources.
2024-01-18 13:16:37,999 [Worker-99] INFO  o.e.m.c.i.embedder.EclipseLogger - Using 'UTF-8' encoding to copy filtered properties files.
2024-01-18 13:16:38,000 [Worker-99] INFO  o.e.m.c.i.embedder.EclipseLogger - Copying 1 resource
2024-01-18 13:16:38,019 [Worker-99] INFO  o.e.m.c.i.embedder.EclipseLogger - Copying 0 resource
2024-01-18 13:16:38,022 [Worker-99] INFO  o.e.m.c.i.embedder.EclipseLogger - Using 'UTF-8' encoding to copy filtered resources.
2024-01-18 13:16:38,022 [Worker-99] INFO  o.e.m.c.i.embedder.EclipseLogger - Using 'UTF-8' encoding to copy filtered properties files.
2024-01-18 13:16:38,022 [Worker-99] INFO  o.e.m.c.i.embedder.EclipseLogger - skip non existing resourceDirectory C:\jdbc-and-advance-java\Spring Boot\Product\src\test\resources
2024-01-18 13:16:48,472 [Worker-101] INFO  o.e.m.c.i.embedder.EclipseLogger - Using 'UTF-8' encoding to copy filtered resources.
2024-01-18 13:16:48,472 [Worker-101] INFO  o.e.m.c.i.embedder.EclipseLogger - Using 'UTF-8' encoding to copy filtered properties files.
2024-01-18 13:16:48,473 [Worker-101] INFO  o.e.m.c.i.embedder.EclipseLogger - Copying 1 resource
2024-01-18 13:16:48,483 [Worker-101] INFO  o.e.m.c.i.embedder.EclipseLogger - Copying 0 resource
2024-01-18 13:16:48,485 [Worker-101] INFO  o.e.m.c.i.embedder.EclipseLogger - Using 'UTF-8' encoding to copy filtered resources.
2024-01-18 13:16:48,485 [Worker-101] INFO  o.e.m.c.i.embedder.EclipseLogger - Using 'UTF-8' encoding to copy filtered properties files.
2024-01-18 13:16:48,485 [Worker-101] INFO  o.e.m.c.i.embedder.EclipseLogger - skip non existing resourceDirectory C:\jdbc-and-advance-java\Spring Boot\Product\src\test\resources
2024-01-18 13:18:03,651 [Worker-101] INFO  o.e.m.c.i.embedder.EclipseLogger - Using 'UTF-8' encoding to copy filtered resources.
2024-01-18 13:18:03,651 [Worker-101] INFO  o.e.m.c.i.embedder.EclipseLogger - Using 'UTF-8' encoding to copy filtered properties files.
2024-01-18 13:18:03,652 [Worker-101] INFO  o.e.m.c.i.embedder.EclipseLogger - Copying 1 resource
2024-01-18 13:18:03,677 [Worker-101] INFO  o.e.m.c.i.embedder.EclipseLogger - Copying 0 resource
2024-01-18 13:18:03,680 [Worker-101] INFO  o.e.m.c.i.embedder.EclipseLogger - Using 'UTF-8' encoding to copy filtered resources.
2024-01-18 13:18:03,680 [Worker-101] INFO  o.e.m.c.i.embedder.EclipseLogger - Using 'UTF-8' encoding to copy filtered properties files.
2024-01-18 13:18:03,680 [Worker-101] INFO  o.e.m.c.i.embedder.EclipseLogger - skip non existing resourceDirectory C:\jdbc-and-advance-java\Spring Boot\Product\src\test\resources
2024-01-18 13:18:48,807 [Worker-95] INFO  o.e.m.c.i.embedder.EclipseLogger - Using 'UTF-8' encoding to copy filtered resources.
2024-01-18 13:18:48,808 [Worker-95] INFO  o.e.m.c.i.embedder.EclipseLogger - Using 'UTF-8' encoding to copy filtered properties files.
2024-01-18 13:18:48,808 [Worker-95] INFO  o.e.m.c.i.embedder.EclipseLogger - Copying 1 resource
2024-01-18 13:18:48,828 [Worker-95] INFO  o.e.m.c.i.embedder.EclipseLogger - Copying 0 resource
2024-01-18 13:18:48,830 [Worker-95] INFO  o.e.m.c.i.embedder.EclipseLogger - Using 'UTF-8' encoding to copy filtered resources.
2024-01-18 13:18:48,830 [Worker-95] INFO  o.e.m.c.i.embedder.EclipseLogger - Using 'UTF-8' encoding to copy filtered properties files.
2024-01-18 13:18:48,830 [Worker-95] INFO  o.e.m.c.i.embedder.EclipseLogger - skip non existing resourceDirectory C:\jdbc-and-advance-java\Spring Boot\Product\src\test\resources
2024-01-18 13:19:20,313 [Worker-99] INFO  o.e.m.c.i.embedder.EclipseLogger - Using 'UTF-8' encoding to copy filtered resources.
2024-01-18 13:19:20,313 [Worker-99] INFO  o.e.m.c.i.embedder.EclipseLogger - Using 'UTF-8' encoding to copy filtered properties files.
2024-01-18 13:19:20,314 [Worker-99] INFO  o.e.m.c.i.embedder.EclipseLogger - Copying 1 resource
2024-01-18 13:19:20,337 [Worker-99] INFO  o.e.m.c.i.embedder.EclipseLogger - Copying 0 resource
2024-01-18 13:19:20,338 [Worker-99] INFO  o.e.m.c.i.embedder.EclipseLogger - Using 'UTF-8' encoding to copy filtered resources.
2024-01-18 13:19:20,339 [Worker-99] INFO  o.e.m.c.i.embedder.EclipseLogger - Using 'UTF-8' encoding to copy filtered properties files.
2024-01-18 13:19:20,339 [Worker-99] INFO  o.e.m.c.i.embedder.EclipseLogger - skip non existing resourceDirectory C:\jdbc-and-advance-java\Spring Boot\Product\src\test\resources
2024-01-18 13:24:57,026 [Worker-101] INFO  o.e.m.c.i.embedder.EclipseLogger - Using 'UTF-8' encoding to copy filtered resources.
2024-01-18 13:24:57,027 [Worker-101] INFO  o.e.m.c.i.embedder.EclipseLogger - Using 'UTF-8' encoding to copy filtered properties files.
2024-01-18 13:24:57,028 [Worker-101] INFO  o.e.m.c.i.embedder.EclipseLogger - Copying 1 resource
2024-01-18 13:24:57,058 [Worker-101] INFO  o.e.m.c.i.embedder.EclipseLogger - Copying 0 resource
2024-01-18 13:24:57,060 [Worker-101] INFO  o.e.m.c.i.embedder.EclipseLogger - Using 'UTF-8' encoding to copy filtered resources.
2024-01-18 13:24:57,060 [Worker-101] INFO  o.e.m.c.i.embedder.EclipseLogger - Using 'UTF-8' encoding to copy filtered properties files.
2024-01-18 13:24:57,061 [Worker-101] INFO  o.e.m.c.i.embedder.EclipseLogger - skip non existing resourceDirectory C:\jdbc-and-advance-java\Spring Boot\Product\src\test\resources
2024-01-18 22:45:27,591 [Worker-2] WARN  o.e.r.models.ModelRepository - Failed to download org.eclipse.recommenders:index::zip:0.0.0
org.eclipse.aether.resolution.ArtifactResolutionException: Could not find artifact org.eclipse.recommenders:index:zip:0.0.0-SNAPSHOT in models (http://download.eclipse.org/recommenders/models/neon/)
	at org.eclipse.aether.internal.impl.DefaultArtifactResolver.resolve(DefaultArtifactResolver.java:444) ~[na:na]
	at org.eclipse.aether.internal.impl.DefaultArtifactResolver.resolveArtifacts(DefaultArtifactResolver.java:246) ~[na:na]
	at org.eclipse.aether.internal.impl.DefaultArtifactResolver.resolveArtifact(DefaultArtifactResolver.java:223) ~[na:na]
	at org.eclipse.aether.internal.impl.DefaultRepositorySystem.resolveArtifact(DefaultRepositorySystem.java:294) ~[na:na]
	at org.eclipse.recommenders.models.ModelRepository.resolveInternal(ModelRepository.java:193) [org.eclipse.recommenders.models_2.4.6.v20170307-1041.jar:na]
	at org.eclipse.recommenders.models.ModelRepository.resolve(ModelRepository.java:172) [org.eclipse.recommenders.models_2.4.6.v20170307-1041.jar:na]
	at org.eclipse.recommenders.internal.models.rcp.EclipseModelRepository.resolve(EclipseModelRepository.java:169) [org.eclipse.recommenders.models.rcp_2.4.6.v20170307-1041.jar:na]
	at org.eclipse.recommenders.internal.models.rcp.DownloadModelArchiveJob.run(DownloadModelArchiveJob.java:76) [org.eclipse.recommenders.models.rcp_2.4.6.v20170307-1041.jar:na]
	at org.eclipse.core.internal.jobs.Worker.run(Worker.java:55) [org.eclipse.core.jobs_3.8.0.v20160509-0411.jar:na]
Caused by: org.eclipse.aether.transfer.ArtifactNotFoundException: Could not find artifact org.eclipse.recommenders:index:zip:0.0.0-SNAPSHOT in models (http://download.eclipse.org/recommenders/models/neon/)
	at org.eclipse.aether.connector.basic.ArtifactTransportListener.transferFailed(ArtifactTransportListener.java:39) ~[org.eclipse.aether.connector.basic_1.0.1.v20141111.jar:na]
	at org.eclipse.aether.connector.basic.BasicRepositoryConnector$TaskRunner.run(BasicRepositoryConnector.java:355) ~[org.eclipse.aether.connector.basic_1.0.1.v20141111.jar:na]
	at org.eclipse.aether.util.concurrency.RunnableErrorForwarder$1.run(RunnableErrorForwarder.java:67) ~[na:na]
	at org.eclipse.aether.connector.basic.BasicRepositoryConnector$DirectExecutor.execute(BasicRepositoryConnector.java:581) ~[org.eclipse.aether.connector.basic_1.0.1.v20141111.jar:na]
	at org.eclipse.aether.connector.basic.BasicRepositoryConnector.get(BasicRepositoryConnector.java:249) ~[org.eclipse.aether.connector.basic_1.0.1.v20141111.jar:na]
	at org.eclipse.aether.internal.impl.DefaultArtifactResolver.performDownloads(DefaultArtifactResolver.java:520) ~[na:na]
	at org.eclipse.aether.internal.impl.DefaultArtifactResolver.resolve(DefaultArtifactResolver.java:421) ~[na:na]
	... 8 common frames omitted
