2024-01-24 19:25:31,744 [Worker-0] INFO  o.e.m.c.i.p.ProjectConfigurationManager - Update started
2024-01-24 19:25:34,561 [Worker-0] INFO  o.e.m.c.i.l.LifecycleMappingFactory - Using org.eclipse.m2e.jdt.JarLifecycleMapping lifecycle mapping for MavenProject: com.ts:EmpDept:0.0.1-SNAPSHOT @ C:\SpringBoot\Spring Boot\EmpDept\pom.xml.
2024-01-24 19:25:37,667 [Worker-0] INFO  o.e.m.j.i.AbstractJavaProjectConfigurator - Adding source folder /EmpDept/src/main/java
2024-01-24 19:25:37,667 [Worker-0] INFO  o.e.m.j.i.AbstractJavaProjectConfigurator - Adding resource folder /EmpDept/src/main/resources
2024-01-24 19:25:37,671 [Worker-0] INFO  o.e.m.j.i.AbstractJavaProjectConfigurator - Adding resource folder /EmpDept/src/main/resources
2024-01-24 19:25:37,684 [Worker-0] INFO  o.e.m.j.i.AbstractJavaProjectConfigurator - Adding source folder /EmpDept/src/test/java
2024-01-24 19:25:38,328 [Worker-3] INFO  o.a.m.s.f.DefaultMavenResourcesFiltering - Copying 1 resource from src\main\resources to target\classes
2024-01-24 19:25:38,347 [Worker-3] INFO  o.a.m.s.f.DefaultMavenResourcesFiltering - Copying 0 resource from src\main\resources to target\classes
2024-01-24 19:25:38,351 [Worker-3] INFO  o.a.m.s.f.DefaultMavenResourcesFiltering - skip non existing resourceDirectory C:\SpringBoot\Spring Boot\EmpDept\src\test\resources
2024-01-24 19:25:40,643 [Worker-0] INFO  o.e.m.c.i.p.ProjectConfigurationManager - Update completed: 8 sec
2024-01-24 19:25:40,887 [Worker-18] INFO  o.a.m.s.f.DefaultMavenResourcesFiltering - Copying 1 resource from src\main\resources to target\classes
2024-01-24 19:25:40,889 [Worker-18] INFO  o.a.m.s.f.DefaultMavenResourcesFiltering - Copying 0 resource from src\main\resources to target\classes
2024-01-24 19:25:40,890 [Worker-18] INFO  o.a.m.s.f.DefaultMavenResourcesFiltering - skip non existing resourceDirectory C:\SpringBoot\Spring Boot\EmpDept\src\test\resources
2024-01-24 19:26:28,180 [Worker-2] INFO  o.e.m.c.i.l.LifecycleMappingFactory - Using org.eclipse.m2e.jdt.JarLifecycleMapping lifecycle mapping for MavenProject: com.ts:EmpDept:0.0.1-SNAPSHOT @ C:\SpringBoot\Spring Boot\EmpDept\pom.xml.
2024-01-24 19:26:33,851 [Worker-2] INFO  o.e.m.c.i.embedder.EclipseLogger - Using 'UTF-8' encoding to copy filtered resources.
2024-01-24 19:26:33,851 [Worker-2] INFO  o.e.m.c.i.embedder.EclipseLogger - Using 'UTF-8' encoding to copy filtered properties files.
2024-01-24 19:26:33,853 [Worker-2] INFO  o.e.m.c.i.embedder.EclipseLogger - Copying 0 resource
2024-01-24 19:26:33,854 [Worker-2] INFO  o.e.m.c.i.embedder.EclipseLogger - Copying 0 resource
2024-01-24 19:26:33,855 [Worker-2] INFO  o.e.m.c.i.embedder.EclipseLogger - Using 'UTF-8' encoding to copy filtered resources.
2024-01-24 19:26:33,855 [Worker-2] INFO  o.e.m.c.i.embedder.EclipseLogger - Using 'UTF-8' encoding to copy filtered properties files.
2024-01-24 19:26:33,856 [Worker-2] INFO  o.e.m.c.i.embedder.EclipseLogger - skip non existing resourceDirectory C:\SpringBoot\Spring Boot\EmpDept\src\test\resources
2024-01-24 19:26:35,444 [Worker-7] INFO  o.e.m.c.i.embedder.EclipseLogger - Using 'UTF-8' encoding to copy filtered resources.
2024-01-24 19:26:35,444 [Worker-7] INFO  o.e.m.c.i.embedder.EclipseLogger - Using 'UTF-8' encoding to copy filtered properties files.
2024-01-24 19:26:35,445 [Worker-7] INFO  o.e.m.c.i.embedder.EclipseLogger - Copying 1 resource
2024-01-24 19:26:35,456 [Worker-7] INFO  o.e.m.c.i.embedder.EclipseLogger - Copying 0 resource
2024-01-24 19:26:35,457 [Worker-7] INFO  o.e.m.c.i.embedder.EclipseLogger - Using 'UTF-8' encoding to copy filtered resources.
2024-01-24 19:26:35,457 [Worker-7] INFO  o.e.m.c.i.embedder.EclipseLogger - Using 'UTF-8' encoding to copy filtered properties files.
2024-01-24 19:26:35,457 [Worker-7] INFO  o.e.m.c.i.embedder.EclipseLogger - skip non existing resourceDirectory C:\SpringBoot\Spring Boot\EmpDept\src\test\resources
2024-01-24 19:26:55,549 [Worker-0] INFO  o.e.m.c.i.p.ProjectConfigurationManager - Update started
2024-01-24 19:26:55,880 [Worker-0] INFO  o.e.m.c.i.l.LifecycleMappingFactory - Using org.eclipse.m2e.jdt.JarLifecycleMapping lifecycle mapping for MavenProject: com.ts:EmpDept:0.0.1-SNAPSHOT @ C:\SpringBoot\Spring Boot\EmpDept\pom.xml.
2024-01-24 19:26:56,887 [Worker-0] INFO  o.e.m.j.i.AbstractJavaProjectConfigurator - Adding source folder /EmpDept/src/main/java
2024-01-24 19:26:56,887 [Worker-0] INFO  o.e.m.j.i.AbstractJavaProjectConfigurator - Adding resource folder /EmpDept/src/main/resources
2024-01-24 19:26:56,888 [Worker-0] INFO  o.e.m.j.i.AbstractJavaProjectConfigurator - Adding resource folder /EmpDept/src/main/resources
2024-01-24 19:26:56,888 [Worker-0] INFO  o.e.m.j.i.AbstractJavaProjectConfigurator - Adding source folder /EmpDept/src/test/java
2024-01-24 19:26:57,033 [Worker-0] INFO  o.e.m.c.i.p.ProjectConfigurationManager - Update completed: 1 sec
2024-01-24 19:26:57,463 [Worker-11] INFO  o.e.m.c.i.embedder.EclipseLogger - Using 'UTF-8' encoding to copy filtered resources.
2024-01-24 19:26:57,463 [Worker-11] INFO  o.e.m.c.i.embedder.EclipseLogger - Using 'UTF-8' encoding to copy filtered properties files.
2024-01-24 19:26:57,464 [Worker-11] INFO  o.e.m.c.i.embedder.EclipseLogger - Copying 1 resource
2024-01-24 19:26:57,473 [Worker-11] INFO  o.e.m.c.i.embedder.EclipseLogger - Copying 0 resource
2024-01-24 19:26:57,475 [Worker-11] INFO  o.e.m.c.i.embedder.EclipseLogger - Using 'UTF-8' encoding to copy filtered resources.
2024-01-24 19:26:57,475 [Worker-11] INFO  o.e.m.c.i.embedder.EclipseLogger - Using 'UTF-8' encoding to copy filtered properties files.
2024-01-24 19:26:57,475 [Worker-11] INFO  o.e.m.c.i.embedder.EclipseLogger - skip non existing resourceDirectory C:\SpringBoot\Spring Boot\EmpDept\src\test\resources
2024-01-24 19:27:32,146 [Worker-20] INFO  o.e.m.c.i.embedder.EclipseLogger - Using 'UTF-8' encoding to copy filtered resources.
2024-01-24 19:27:32,147 [Worker-20] INFO  o.e.m.c.i.embedder.EclipseLogger - Using 'UTF-8' encoding to copy filtered properties files.
2024-01-24 19:27:32,148 [Worker-20] INFO  o.e.m.c.i.embedder.EclipseLogger - Copying 1 resource
2024-01-24 19:27:32,153 [Worker-20] INFO  o.e.m.c.i.embedder.EclipseLogger - Copying 0 resource
2024-01-24 19:27:32,154 [Worker-20] INFO  o.e.m.c.i.embedder.EclipseLogger - Using 'UTF-8' encoding to copy filtered resources.
2024-01-24 19:27:32,154 [Worker-20] INFO  o.e.m.c.i.embedder.EclipseLogger - Using 'UTF-8' encoding to copy filtered properties files.
2024-01-24 19:27:32,154 [Worker-20] INFO  o.e.m.c.i.embedder.EclipseLogger - skip non existing resourceDirectory C:\SpringBoot\Spring Boot\EmpDept\src\test\resources
2024-01-24 19:27:43,977 [Worker-7] INFO  o.e.m.c.i.embedder.EclipseLogger - Using 'UTF-8' encoding to copy filtered resources.
2024-01-24 19:27:43,978 [Worker-7] INFO  o.e.m.c.i.embedder.EclipseLogger - Using 'UTF-8' encoding to copy filtered properties files.
2024-01-24 19:27:43,978 [Worker-7] INFO  o.e.m.c.i.embedder.EclipseLogger - Copying 1 resource
2024-01-24 19:27:43,986 [Worker-7] INFO  o.e.m.c.i.embedder.EclipseLogger - Copying 0 resource
2024-01-24 19:27:43,988 [Worker-7] INFO  o.e.m.c.i.embedder.EclipseLogger - Using 'UTF-8' encoding to copy filtered resources.
2024-01-24 19:27:43,988 [Worker-7] INFO  o.e.m.c.i.embedder.EclipseLogger - Using 'UTF-8' encoding to copy filtered properties files.
2024-01-24 19:27:43,988 [Worker-7] INFO  o.e.m.c.i.embedder.EclipseLogger - skip non existing resourceDirectory C:\SpringBoot\Spring Boot\EmpDept\src\test\resources
2024-01-24 19:30:50,655 [Worker-6] INFO  o.e.m.c.i.embedder.EclipseLogger - Using 'UTF-8' encoding to copy filtered resources.
2024-01-24 19:30:50,655 [Worker-6] INFO  o.e.m.c.i.embedder.EclipseLogger - Using 'UTF-8' encoding to copy filtered properties files.
2024-01-24 19:30:50,657 [Worker-6] INFO  o.e.m.c.i.embedder.EclipseLogger - Copying 1 resource
2024-01-24 19:30:50,679 [Worker-6] INFO  o.e.m.c.i.embedder.EclipseLogger - Copying 0 resource
2024-01-24 19:30:50,683 [Worker-6] INFO  o.e.m.c.i.embedder.EclipseLogger - Using 'UTF-8' encoding to copy filtered resources.
2024-01-24 19:30:50,683 [Worker-6] INFO  o.e.m.c.i.embedder.EclipseLogger - Using 'UTF-8' encoding to copy filtered properties files.
2024-01-24 19:30:50,683 [Worker-6] INFO  o.e.m.c.i.embedder.EclipseLogger - skip non existing resourceDirectory C:\SpringBoot\Spring Boot\EmpDept\src\test\resources
2024-01-24 19:32:15,239 [Worker-13] INFO  o.e.m.c.i.embedder.EclipseLogger - Using 'UTF-8' encoding to copy filtered resources.
2024-01-24 19:32:15,239 [Worker-13] INFO  o.e.m.c.i.embedder.EclipseLogger - Using 'UTF-8' encoding to copy filtered properties files.
2024-01-24 19:32:15,240 [Worker-13] INFO  o.e.m.c.i.embedder.EclipseLogger - Copying 1 resource
2024-01-24 19:32:15,248 [Worker-13] INFO  o.e.m.c.i.embedder.EclipseLogger - Copying 0 resource
2024-01-24 19:32:15,249 [Worker-13] INFO  o.e.m.c.i.embedder.EclipseLogger - Using 'UTF-8' encoding to copy filtered resources.
2024-01-24 19:32:15,249 [Worker-13] INFO  o.e.m.c.i.embedder.EclipseLogger - Using 'UTF-8' encoding to copy filtered properties files.
2024-01-24 19:32:15,249 [Worker-13] INFO  o.e.m.c.i.embedder.EclipseLogger - skip non existing resourceDirectory C:\SpringBoot\Spring Boot\EmpDept\src\test\resources
2024-01-24 19:32:32,201 [Worker-23] INFO  o.e.m.c.i.embedder.EclipseLogger - Using 'UTF-8' encoding to copy filtered resources.
2024-01-24 19:32:32,201 [Worker-23] INFO  o.e.m.c.i.embedder.EclipseLogger - Using 'UTF-8' encoding to copy filtered properties files.
2024-01-24 19:32:32,201 [Worker-23] INFO  o.e.m.c.i.embedder.EclipseLogger - Copying 1 resource
2024-01-24 19:32:32,208 [Worker-23] INFO  o.e.m.c.i.embedder.EclipseLogger - Copying 0 resource
2024-01-24 19:32:32,210 [Worker-23] INFO  o.e.m.c.i.embedder.EclipseLogger - Using 'UTF-8' encoding to copy filtered resources.
2024-01-24 19:32:32,210 [Worker-23] INFO  o.e.m.c.i.embedder.EclipseLogger - Using 'UTF-8' encoding to copy filtered properties files.
2024-01-24 19:32:32,210 [Worker-23] INFO  o.e.m.c.i.embedder.EclipseLogger - skip non existing resourceDirectory C:\SpringBoot\Spring Boot\EmpDept\src\test\resources
2024-01-24 19:33:14,331 [Worker-7] INFO  o.e.m.c.i.embedder.EclipseLogger - Using 'UTF-8' encoding to copy filtered resources.
2024-01-24 19:33:14,331 [Worker-7] INFO  o.e.m.c.i.embedder.EclipseLogger - Using 'UTF-8' encoding to copy filtered properties files.
2024-01-24 19:33:14,331 [Worker-7] INFO  o.e.m.c.i.embedder.EclipseLogger - Copying 1 resource
2024-01-24 19:33:14,337 [Worker-7] INFO  o.e.m.c.i.embedder.EclipseLogger - Copying 0 resource
2024-01-24 19:33:14,339 [Worker-7] INFO  o.e.m.c.i.embedder.EclipseLogger - Using 'UTF-8' encoding to copy filtered resources.
2024-01-24 19:33:14,339 [Worker-7] INFO  o.e.m.c.i.embedder.EclipseLogger - Using 'UTF-8' encoding to copy filtered properties files.
2024-01-24 19:33:14,339 [Worker-7] INFO  o.e.m.c.i.embedder.EclipseLogger - skip non existing resourceDirectory C:\SpringBoot\Spring Boot\EmpDept\src\test\resources
2024-01-24 19:33:46,094 [Worker-25] INFO  o.e.m.c.i.embedder.EclipseLogger - Using 'UTF-8' encoding to copy filtered resources.
2024-01-24 19:33:46,094 [Worker-25] INFO  o.e.m.c.i.embedder.EclipseLogger - Using 'UTF-8' encoding to copy filtered properties files.
2024-01-24 19:33:46,094 [Worker-25] INFO  o.e.m.c.i.embedder.EclipseLogger - Copying 1 resource
2024-01-24 19:33:46,103 [Worker-25] INFO  o.e.m.c.i.embedder.EclipseLogger - Copying 0 resource
2024-01-24 19:33:46,105 [Worker-25] INFO  o.e.m.c.i.embedder.EclipseLogger - Using 'UTF-8' encoding to copy filtered resources.
2024-01-24 19:33:46,105 [Worker-25] INFO  o.e.m.c.i.embedder.EclipseLogger - Using 'UTF-8' encoding to copy filtered properties files.
2024-01-24 19:33:46,106 [Worker-25] INFO  o.e.m.c.i.embedder.EclipseLogger - skip non existing resourceDirectory C:\SpringBoot\Spring Boot\EmpDept\src\test\resources
2024-01-24 19:34:04,970 [Worker-25] INFO  o.e.m.c.i.embedder.EclipseLogger - Using 'UTF-8' encoding to copy filtered resources.
2024-01-24 19:34:04,970 [Worker-25] INFO  o.e.m.c.i.embedder.EclipseLogger - Using 'UTF-8' encoding to copy filtered properties files.
2024-01-24 19:34:04,970 [Worker-25] INFO  o.e.m.c.i.embedder.EclipseLogger - Copying 1 resource
2024-01-24 19:34:04,979 [Worker-25] INFO  o.e.m.c.i.embedder.EclipseLogger - Copying 0 resource
2024-01-24 19:34:04,980 [Worker-25] INFO  o.e.m.c.i.embedder.EclipseLogger - Using 'UTF-8' encoding to copy filtered resources.
2024-01-24 19:34:04,980 [Worker-25] INFO  o.e.m.c.i.embedder.EclipseLogger - Using 'UTF-8' encoding to copy filtered properties files.
2024-01-24 19:34:04,980 [Worker-25] INFO  o.e.m.c.i.embedder.EclipseLogger - skip non existing resourceDirectory C:\SpringBoot\Spring Boot\EmpDept\src\test\resources
2024-01-24 19:34:47,906 [Worker-25] INFO  o.e.m.c.i.embedder.EclipseLogger - Using 'UTF-8' encoding to copy filtered resources.
2024-01-24 19:34:47,906 [Worker-25] INFO  o.e.m.c.i.embedder.EclipseLogger - Using 'UTF-8' encoding to copy filtered properties files.
2024-01-24 19:34:47,907 [Worker-25] INFO  o.e.m.c.i.embedder.EclipseLogger - Copying 1 resource
2024-01-24 19:34:47,916 [Worker-25] INFO  o.e.m.c.i.embedder.EclipseLogger - Copying 0 resource
2024-01-24 19:34:47,917 [Worker-25] INFO  o.e.m.c.i.embedder.EclipseLogger - Using 'UTF-8' encoding to copy filtered resources.
2024-01-24 19:34:47,917 [Worker-25] INFO  o.e.m.c.i.embedder.EclipseLogger - Using 'UTF-8' encoding to copy filtered properties files.
2024-01-24 19:34:47,917 [Worker-25] INFO  o.e.m.c.i.embedder.EclipseLogger - skip non existing resourceDirectory C:\SpringBoot\Spring Boot\EmpDept\src\test\resources
2024-01-24 19:35:18,236 [Worker-25] INFO  o.e.m.c.i.embedder.EclipseLogger - Using 'UTF-8' encoding to copy filtered resources.
2024-01-24 19:35:18,237 [Worker-25] INFO  o.e.m.c.i.embedder.EclipseLogger - Using 'UTF-8' encoding to copy filtered properties files.
2024-01-24 19:35:18,238 [Worker-25] INFO  o.e.m.c.i.embedder.EclipseLogger - Copying 1 resource
2024-01-24 19:35:18,271 [Worker-25] INFO  o.e.m.c.i.embedder.EclipseLogger - Copying 0 resource
2024-01-24 19:35:18,274 [Worker-25] INFO  o.e.m.c.i.embedder.EclipseLogger - Using 'UTF-8' encoding to copy filtered resources.
2024-01-24 19:35:18,274 [Worker-25] INFO  o.e.m.c.i.embedder.EclipseLogger - Using 'UTF-8' encoding to copy filtered properties files.
2024-01-24 19:35:18,274 [Worker-25] INFO  o.e.m.c.i.embedder.EclipseLogger - skip non existing resourceDirectory C:\SpringBoot\Spring Boot\EmpDept\src\test\resources
2024-01-24 19:35:36,169 [Worker-24] INFO  o.e.m.c.i.embedder.EclipseLogger - Using 'UTF-8' encoding to copy filtered resources.
2024-01-24 19:35:36,170 [Worker-24] INFO  o.e.m.c.i.embedder.EclipseLogger - Using 'UTF-8' encoding to copy filtered properties files.
2024-01-24 19:35:36,170 [Worker-24] INFO  o.e.m.c.i.embedder.EclipseLogger - Copying 1 resource
2024-01-24 19:35:36,176 [Worker-24] INFO  o.e.m.c.i.embedder.EclipseLogger - Copying 0 resource
2024-01-24 19:35:36,178 [Worker-24] INFO  o.e.m.c.i.embedder.EclipseLogger - Using 'UTF-8' encoding to copy filtered resources.
2024-01-24 19:35:36,178 [Worker-24] INFO  o.e.m.c.i.embedder.EclipseLogger - Using 'UTF-8' encoding to copy filtered properties files.
2024-01-24 19:35:36,178 [Worker-24] INFO  o.e.m.c.i.embedder.EclipseLogger - skip non existing resourceDirectory C:\SpringBoot\Spring Boot\EmpDept\src\test\resources
2024-01-24 19:36:54,092 [Worker-23] INFO  o.e.m.c.i.embedder.EclipseLogger - Using 'UTF-8' encoding to copy filtered resources.
2024-01-24 19:36:54,092 [Worker-23] INFO  o.e.m.c.i.embedder.EclipseLogger - Using 'UTF-8' encoding to copy filtered properties files.
2024-01-24 19:36:54,093 [Worker-23] INFO  o.e.m.c.i.embedder.EclipseLogger - Copying 1 resource
2024-01-24 19:36:54,098 [Worker-23] INFO  o.e.m.c.i.embedder.EclipseLogger - Copying 0 resource
2024-01-24 19:36:54,099 [Worker-23] INFO  o.e.m.c.i.embedder.EclipseLogger - Using 'UTF-8' encoding to copy filtered resources.
2024-01-24 19:36:54,099 [Worker-23] INFO  o.e.m.c.i.embedder.EclipseLogger - Using 'UTF-8' encoding to copy filtered properties files.
2024-01-24 19:36:54,099 [Worker-23] INFO  o.e.m.c.i.embedder.EclipseLogger - skip non existing resourceDirectory C:\SpringBoot\Spring Boot\EmpDept\src\test\resources
2024-01-24 19:37:33,208 [Worker-23] INFO  o.e.m.c.i.embedder.EclipseLogger - Using 'UTF-8' encoding to copy filtered resources.
2024-01-24 19:37:33,209 [Worker-23] INFO  o.e.m.c.i.embedder.EclipseLogger - Using 'UTF-8' encoding to copy filtered properties files.
2024-01-24 19:37:33,210 [Worker-23] INFO  o.e.m.c.i.embedder.EclipseLogger - Copying 1 resource
2024-01-24 19:37:33,219 [Worker-23] INFO  o.e.m.c.i.embedder.EclipseLogger - Copying 0 resource
2024-01-24 19:37:33,220 [Worker-23] INFO  o.e.m.c.i.embedder.EclipseLogger - Using 'UTF-8' encoding to copy filtered resources.
2024-01-24 19:37:33,220 [Worker-23] INFO  o.e.m.c.i.embedder.EclipseLogger - Using 'UTF-8' encoding to copy filtered properties files.
2024-01-24 19:37:33,221 [Worker-23] INFO  o.e.m.c.i.embedder.EclipseLogger - skip non existing resourceDirectory C:\SpringBoot\Spring Boot\EmpDept\src\test\resources
2024-01-24 19:37:40,744 [Worker-13] INFO  o.e.m.c.i.embedder.EclipseLogger - Using 'UTF-8' encoding to copy filtered resources.
2024-01-24 19:37:40,744 [Worker-13] INFO  o.e.m.c.i.embedder.EclipseLogger - Using 'UTF-8' encoding to copy filtered properties files.
2024-01-24 19:37:40,745 [Worker-13] INFO  o.e.m.c.i.embedder.EclipseLogger - Copying 1 resource
2024-01-24 19:37:40,754 [Worker-13] INFO  o.e.m.c.i.embedder.EclipseLogger - Copying 0 resource
2024-01-24 19:37:40,755 [Worker-13] INFO  o.e.m.c.i.embedder.EclipseLogger - Using 'UTF-8' encoding to copy filtered resources.
2024-01-24 19:37:40,756 [Worker-13] INFO  o.e.m.c.i.embedder.EclipseLogger - Using 'UTF-8' encoding to copy filtered properties files.
2024-01-24 19:37:40,756 [Worker-13] INFO  o.e.m.c.i.embedder.EclipseLogger - skip non existing resourceDirectory C:\SpringBoot\Spring Boot\EmpDept\src\test\resources
2024-01-24 19:38:32,736 [Worker-6] INFO  o.e.m.c.i.embedder.EclipseLogger - Using 'UTF-8' encoding to copy filtered resources.
2024-01-24 19:38:32,736 [Worker-6] INFO  o.e.m.c.i.embedder.EclipseLogger - Using 'UTF-8' encoding to copy filtered properties files.
2024-01-24 19:38:32,736 [Worker-6] INFO  o.e.m.c.i.embedder.EclipseLogger - Copying 1 resource
2024-01-24 19:38:32,745 [Worker-6] INFO  o.e.m.c.i.embedder.EclipseLogger - Copying 0 resource
2024-01-24 19:38:32,746 [Worker-6] INFO  o.e.m.c.i.embedder.EclipseLogger - Using 'UTF-8' encoding to copy filtered resources.
2024-01-24 19:38:32,747 [Worker-6] INFO  o.e.m.c.i.embedder.EclipseLogger - Using 'UTF-8' encoding to copy filtered properties files.
2024-01-24 19:38:32,747 [Worker-6] INFO  o.e.m.c.i.embedder.EclipseLogger - skip non existing resourceDirectory C:\SpringBoot\Spring Boot\EmpDept\src\test\resources
2024-01-24 19:41:13,493 [Worker-26] INFO  o.e.m.c.i.embedder.EclipseLogger - Using 'UTF-8' encoding to copy filtered resources.
2024-01-24 19:41:13,493 [Worker-26] INFO  o.e.m.c.i.embedder.EclipseLogger - Using 'UTF-8' encoding to copy filtered properties files.
2024-01-24 19:41:13,494 [Worker-26] INFO  o.e.m.c.i.embedder.EclipseLogger - Copying 1 resource
2024-01-24 19:41:13,502 [Worker-26] INFO  o.e.m.c.i.embedder.EclipseLogger - Copying 0 resource
2024-01-24 19:41:13,503 [Worker-26] INFO  o.e.m.c.i.embedder.EclipseLogger - Using 'UTF-8' encoding to copy filtered resources.
2024-01-24 19:41:13,504 [Worker-26] INFO  o.e.m.c.i.embedder.EclipseLogger - Using 'UTF-8' encoding to copy filtered properties files.
2024-01-24 19:41:13,504 [Worker-26] INFO  o.e.m.c.i.embedder.EclipseLogger - skip non existing resourceDirectory C:\SpringBoot\Spring Boot\EmpDept\src\test\resources
2024-01-24 19:41:30,419 [Worker-22] INFO  o.e.m.c.i.embedder.EclipseLogger - Using 'UTF-8' encoding to copy filtered resources.
2024-01-24 19:41:30,419 [Worker-22] INFO  o.e.m.c.i.embedder.EclipseLogger - Using 'UTF-8' encoding to copy filtered properties files.
2024-01-24 19:41:30,420 [Worker-22] INFO  o.e.m.c.i.embedder.EclipseLogger - Copying 1 resource
2024-01-24 19:41:30,426 [Worker-22] INFO  o.e.m.c.i.embedder.EclipseLogger - Copying 0 resource
2024-01-24 19:41:30,428 [Worker-22] INFO  o.e.m.c.i.embedder.EclipseLogger - Using 'UTF-8' encoding to copy filtered resources.
2024-01-24 19:41:30,428 [Worker-22] INFO  o.e.m.c.i.embedder.EclipseLogger - Using 'UTF-8' encoding to copy filtered properties files.
2024-01-24 19:41:30,428 [Worker-22] INFO  o.e.m.c.i.embedder.EclipseLogger - skip non existing resourceDirectory C:\SpringBoot\Spring Boot\EmpDept\src\test\resources
2024-01-24 19:41:48,145 [Worker-28] INFO  o.e.m.c.i.embedder.EclipseLogger - Using 'UTF-8' encoding to copy filtered resources.
2024-01-24 19:41:48,145 [Worker-28] INFO  o.e.m.c.i.embedder.EclipseLogger - Using 'UTF-8' encoding to copy filtered properties files.
2024-01-24 19:41:48,146 [Worker-28] INFO  o.e.m.c.i.embedder.EclipseLogger - Copying 1 resource
2024-01-24 19:41:48,156 [Worker-28] INFO  o.e.m.c.i.embedder.EclipseLogger - Copying 0 resource
2024-01-24 19:41:48,158 [Worker-28] INFO  o.e.m.c.i.embedder.EclipseLogger - Using 'UTF-8' encoding to copy filtered resources.
2024-01-24 19:41:48,158 [Worker-28] INFO  o.e.m.c.i.embedder.EclipseLogger - Using 'UTF-8' encoding to copy filtered properties files.
2024-01-24 19:41:48,158 [Worker-28] INFO  o.e.m.c.i.embedder.EclipseLogger - skip non existing resourceDirectory C:\SpringBoot\Spring Boot\EmpDept\src\test\resources
2024-01-24 19:51:04,699 [Worker-28] INFO  o.e.m.c.i.embedder.EclipseLogger - Using 'UTF-8' encoding to copy filtered resources.
2024-01-24 19:51:04,699 [Worker-28] INFO  o.e.m.c.i.embedder.EclipseLogger - Using 'UTF-8' encoding to copy filtered properties files.
2024-01-24 19:51:04,700 [Worker-28] INFO  o.e.m.c.i.embedder.EclipseLogger - Copying 1 resource
2024-01-24 19:51:04,733 [Worker-28] INFO  o.e.m.c.i.embedder.EclipseLogger - Copying 0 resource
2024-01-24 19:51:04,736 [Worker-28] INFO  o.e.m.c.i.embedder.EclipseLogger - Using 'UTF-8' encoding to copy filtered resources.
2024-01-24 19:51:04,736 [Worker-28] INFO  o.e.m.c.i.embedder.EclipseLogger - Using 'UTF-8' encoding to copy filtered properties files.
2024-01-24 19:51:04,736 [Worker-28] INFO  o.e.m.c.i.embedder.EclipseLogger - skip non existing resourceDirectory C:\SpringBoot\Spring Boot\EmpDept\src\test\resources
2024-01-24 19:51:21,094 [Worker-27] INFO  o.e.m.c.i.embedder.EclipseLogger - Using 'UTF-8' encoding to copy filtered resources.
2024-01-24 19:51:21,095 [Worker-27] INFO  o.e.m.c.i.embedder.EclipseLogger - Using 'UTF-8' encoding to copy filtered properties files.
2024-01-24 19:51:21,095 [Worker-27] INFO  o.e.m.c.i.embedder.EclipseLogger - Copying 1 resource
2024-01-24 19:51:21,103 [Worker-27] INFO  o.e.m.c.i.embedder.EclipseLogger - Copying 0 resource
2024-01-24 19:51:21,105 [Worker-27] INFO  o.e.m.c.i.embedder.EclipseLogger - Using 'UTF-8' encoding to copy filtered resources.
2024-01-24 19:51:21,105 [Worker-27] INFO  o.e.m.c.i.embedder.EclipseLogger - Using 'UTF-8' encoding to copy filtered properties files.
2024-01-24 19:51:21,105 [Worker-27] INFO  o.e.m.c.i.embedder.EclipseLogger - skip non existing resourceDirectory C:\SpringBoot\Spring Boot\EmpDept\src\test\resources
2024-01-24 19:51:49,634 [Worker-27] INFO  o.e.m.c.i.embedder.EclipseLogger - Using 'UTF-8' encoding to copy filtered resources.
2024-01-24 19:51:49,635 [Worker-27] INFO  o.e.m.c.i.embedder.EclipseLogger - Using 'UTF-8' encoding to copy filtered properties files.
2024-01-24 19:51:49,636 [Worker-27] INFO  o.e.m.c.i.embedder.EclipseLogger - Copying 1 resource
2024-01-24 19:51:49,646 [Worker-27] INFO  o.e.m.c.i.embedder.EclipseLogger - Copying 0 resource
2024-01-24 19:51:49,647 [Worker-27] INFO  o.e.m.c.i.embedder.EclipseLogger - Using 'UTF-8' encoding to copy filtered resources.
2024-01-24 19:51:49,647 [Worker-27] INFO  o.e.m.c.i.embedder.EclipseLogger - Using 'UTF-8' encoding to copy filtered properties files.
2024-01-24 19:51:49,648 [Worker-27] INFO  o.e.m.c.i.embedder.EclipseLogger - skip non existing resourceDirectory C:\SpringBoot\Spring Boot\EmpDept\src\test\resources
2024-01-24 20:02:03,585 [Worker-37] INFO  o.e.m.c.i.l.LifecycleMappingFactory - Using org.eclipse.m2e.jdt.JarLifecycleMapping lifecycle mapping for MavenProject: com.ts:EmpDept:0.0.1-SNAPSHOT @ C:\SpringBoot\Spring Boot\EmpDept\pom.xml.
2024-01-24 20:02:04,099 [Worker-37] INFO  o.e.m.c.i.embedder.EclipseLogger - Using 'UTF-8' encoding to copy filtered resources.
2024-01-24 20:02:04,099 [Worker-37] INFO  o.e.m.c.i.embedder.EclipseLogger - Using 'UTF-8' encoding to copy filtered properties files.
2024-01-24 20:02:04,101 [Worker-37] INFO  o.e.m.c.i.embedder.EclipseLogger - Copying 0 resource
2024-01-24 20:02:04,101 [Worker-37] INFO  o.e.m.c.i.embedder.EclipseLogger - Copying 0 resource
2024-01-24 20:02:04,102 [Worker-37] INFO  o.e.m.c.i.embedder.EclipseLogger - Using 'UTF-8' encoding to copy filtered resources.
2024-01-24 20:02:04,102 [Worker-37] INFO  o.e.m.c.i.embedder.EclipseLogger - Using 'UTF-8' encoding to copy filtered properties files.
2024-01-24 20:02:04,102 [Worker-37] INFO  o.e.m.c.i.embedder.EclipseLogger - skip non existing resourceDirectory C:\SpringBoot\Spring Boot\EmpDept\src\test\resources
2024-01-24 20:02:05,413 [Worker-37] INFO  o.e.m.c.i.embedder.EclipseLogger - Using 'UTF-8' encoding to copy filtered resources.
2024-01-24 20:02:05,413 [Worker-37] INFO  o.e.m.c.i.embedder.EclipseLogger - Using 'UTF-8' encoding to copy filtered properties files.
2024-01-24 20:02:05,414 [Worker-37] INFO  o.e.m.c.i.embedder.EclipseLogger - Copying 1 resource
2024-01-24 20:02:05,424 [Worker-37] INFO  o.e.m.c.i.embedder.EclipseLogger - Copying 0 resource
2024-01-24 20:02:05,426 [Worker-37] INFO  o.e.m.c.i.embedder.EclipseLogger - Using 'UTF-8' encoding to copy filtered resources.
2024-01-24 20:02:05,426 [Worker-37] INFO  o.e.m.c.i.embedder.EclipseLogger - Using 'UTF-8' encoding to copy filtered properties files.
2024-01-24 20:02:05,426 [Worker-37] INFO  o.e.m.c.i.embedder.EclipseLogger - skip non existing resourceDirectory C:\SpringBoot\Spring Boot\EmpDept\src\test\resources
2024-01-24 20:02:42,486 [Worker-38] INFO  o.e.m.c.i.embedder.EclipseLogger - Using 'UTF-8' encoding to copy filtered resources.
2024-01-24 20:02:42,486 [Worker-38] INFO  o.e.m.c.i.embedder.EclipseLogger - Using 'UTF-8' encoding to copy filtered properties files.
2024-01-24 20:02:42,486 [Worker-38] INFO  o.e.m.c.i.embedder.EclipseLogger - Copying 1 resource
2024-01-24 20:02:42,496 [Worker-38] INFO  o.e.m.c.i.embedder.EclipseLogger - Copying 0 resource
2024-01-24 20:02:42,498 [Worker-38] INFO  o.e.m.c.i.embedder.EclipseLogger - Using 'UTF-8' encoding to copy filtered resources.
2024-01-24 20:02:42,498 [Worker-38] INFO  o.e.m.c.i.embedder.EclipseLogger - Using 'UTF-8' encoding to copy filtered properties files.
2024-01-24 20:02:42,498 [Worker-38] INFO  o.e.m.c.i.embedder.EclipseLogger - skip non existing resourceDirectory C:\SpringBoot\Spring Boot\EmpDept\src\test\resources
2024-01-25 00:03:02,955 [Worker-1] INFO  o.e.m.c.i.embedder.EclipseLogger - Using 'UTF-8' encoding to copy filtered resources.
2024-01-25 00:03:02,958 [Worker-1] INFO  o.e.m.c.i.embedder.EclipseLogger - Using 'UTF-8' encoding to copy filtered properties files.
2024-01-25 00:03:02,960 [Worker-1] INFO  o.e.m.c.i.embedder.EclipseLogger - Copying 1 resource
2024-01-25 00:03:02,981 [Worker-1] INFO  o.e.m.c.i.embedder.EclipseLogger - Copying 0 resource
2024-01-25 00:03:02,983 [Worker-1] INFO  o.e.m.c.i.embedder.EclipseLogger - Using 'UTF-8' encoding to copy filtered resources.
2024-01-25 00:03:02,983 [Worker-1] INFO  o.e.m.c.i.embedder.EclipseLogger - Using 'UTF-8' encoding to copy filtered properties files.
2024-01-25 00:03:02,983 [Worker-1] INFO  o.e.m.c.i.embedder.EclipseLogger - skip non existing resourceDirectory C:\SpringBoot\Spring Boot\EmpDept\src\test\resources
2024-01-25 07:26:16,176 [Worker-17] INFO  o.e.m.c.i.embedder.EclipseLogger - Using 'UTF-8' encoding to copy filtered resources.
2024-01-25 07:26:16,178 [Worker-17] INFO  o.e.m.c.i.embedder.EclipseLogger - Using 'UTF-8' encoding to copy filtered properties files.
2024-01-25 07:26:16,182 [Worker-17] INFO  o.e.m.c.i.embedder.EclipseLogger - Copying 1 resource
2024-01-25 07:26:16,198 [Worker-17] INFO  o.e.m.c.i.embedder.EclipseLogger - Copying 0 resource
2024-01-25 07:26:16,200 [Worker-17] INFO  o.e.m.c.i.embedder.EclipseLogger - Using 'UTF-8' encoding to copy filtered resources.
2024-01-25 07:26:16,200 [Worker-17] INFO  o.e.m.c.i.embedder.EclipseLogger - Using 'UTF-8' encoding to copy filtered properties files.
2024-01-25 07:26:16,200 [Worker-17] INFO  o.e.m.c.i.embedder.EclipseLogger - skip non existing resourceDirectory C:\SpringBoot\Spring Boot\EmpDept\src\test\resources
2024-01-25 07:26:48,214 [Worker-7] INFO  o.e.m.c.i.embedder.EclipseLogger - Using 'UTF-8' encoding to copy filtered resources.
2024-01-25 07:26:48,214 [Worker-7] INFO  o.e.m.c.i.embedder.EclipseLogger - Using 'UTF-8' encoding to copy filtered properties files.
2024-01-25 07:26:48,219 [Worker-7] INFO  o.e.m.c.i.embedder.EclipseLogger - Copying 1 resource
2024-01-25 07:26:48,223 [Worker-7] INFO  o.e.m.c.i.embedder.EclipseLogger - Copying 0 resource
2024-01-25 07:26:48,226 [Worker-7] INFO  o.e.m.c.i.embedder.EclipseLogger - Using 'UTF-8' encoding to copy filtered resources.
2024-01-25 07:26:48,226 [Worker-7] INFO  o.e.m.c.i.embedder.EclipseLogger - Using 'UTF-8' encoding to copy filtered properties files.
2024-01-25 07:26:48,227 [Worker-7] INFO  o.e.m.c.i.embedder.EclipseLogger - skip non existing resourceDirectory C:\SpringBoot\Spring Boot\EmpDept\src\test\resources
2024-01-25 07:26:59,150 [Worker-0] INFO  o.e.m.c.i.embedder.EclipseLogger - Using 'UTF-8' encoding to copy filtered resources.
2024-01-25 07:26:59,151 [Worker-0] INFO  o.e.m.c.i.embedder.EclipseLogger - Using 'UTF-8' encoding to copy filtered properties files.
2024-01-25 07:26:59,152 [Worker-0] INFO  o.e.m.c.i.embedder.EclipseLogger - Copying 1 resource
2024-01-25 07:26:59,182 [Worker-0] INFO  o.e.m.c.i.embedder.EclipseLogger - Copying 0 resource
2024-01-25 07:26:59,185 [Worker-0] INFO  o.e.m.c.i.embedder.EclipseLogger - Using 'UTF-8' encoding to copy filtered resources.
2024-01-25 07:26:59,185 [Worker-0] INFO  o.e.m.c.i.embedder.EclipseLogger - Using 'UTF-8' encoding to copy filtered properties files.
2024-01-25 07:26:59,186 [Worker-0] INFO  o.e.m.c.i.embedder.EclipseLogger - skip non existing resourceDirectory C:\SpringBoot\Spring Boot\EmpDept\src\test\resources
2024-01-25 07:27:16,889 [Worker-3] INFO  o.e.m.c.i.embedder.EclipseLogger - Using 'UTF-8' encoding to copy filtered resources.
2024-01-25 07:27:16,889 [Worker-3] INFO  o.e.m.c.i.embedder.EclipseLogger - Using 'UTF-8' encoding to copy filtered properties files.
2024-01-25 07:27:16,890 [Worker-3] INFO  o.e.m.c.i.embedder.EclipseLogger - Copying 1 resource
2024-01-25 07:27:16,897 [Worker-3] INFO  o.e.m.c.i.embedder.EclipseLogger - Copying 0 resource
2024-01-25 07:27:16,899 [Worker-3] INFO  o.e.m.c.i.embedder.EclipseLogger - Using 'UTF-8' encoding to copy filtered resources.
2024-01-25 07:27:16,899 [Worker-3] INFO  o.e.m.c.i.embedder.EclipseLogger - Using 'UTF-8' encoding to copy filtered properties files.
2024-01-25 07:27:16,899 [Worker-3] INFO  o.e.m.c.i.embedder.EclipseLogger - skip non existing resourceDirectory C:\SpringBoot\Spring Boot\EmpDept\src\test\resources
2024-01-25 07:27:47,937 [Worker-6] INFO  o.e.m.c.i.embedder.EclipseLogger - Using 'UTF-8' encoding to copy filtered resources.
2024-01-25 07:27:47,937 [Worker-6] INFO  o.e.m.c.i.embedder.EclipseLogger - Using 'UTF-8' encoding to copy filtered properties files.
2024-01-25 07:27:47,943 [Worker-6] INFO  o.e.m.c.i.embedder.EclipseLogger - Copying 1 resource
2024-01-25 07:27:47,951 [Worker-6] INFO  o.e.m.c.i.embedder.EclipseLogger - Copying 0 resource
2024-01-25 07:27:47,953 [Worker-6] INFO  o.e.m.c.i.embedder.EclipseLogger - Using 'UTF-8' encoding to copy filtered resources.
2024-01-25 07:27:47,953 [Worker-6] INFO  o.e.m.c.i.embedder.EclipseLogger - Using 'UTF-8' encoding to copy filtered properties files.
2024-01-25 07:27:47,954 [Worker-6] INFO  o.e.m.c.i.embedder.EclipseLogger - skip non existing resourceDirectory C:\SpringBoot\Spring Boot\EmpDept\src\test\resources
2024-01-25 09:43:36,337 [Worker-1] INFO  o.e.m.c.i.embedder.EclipseLogger - Using 'UTF-8' encoding to copy filtered resources.
2024-01-25 09:43:36,341 [Worker-1] INFO  o.e.m.c.i.embedder.EclipseLogger - Using 'UTF-8' encoding to copy filtered properties files.
2024-01-25 09:43:36,346 [Worker-1] INFO  o.e.m.c.i.embedder.EclipseLogger - Copying 1 resource
2024-01-25 09:43:36,385 [Worker-1] INFO  o.e.m.c.i.embedder.EclipseLogger - Copying 0 resource
2024-01-25 09:43:36,389 [Worker-1] INFO  o.e.m.c.i.embedder.EclipseLogger - Using 'UTF-8' encoding to copy filtered resources.
2024-01-25 09:43:36,389 [Worker-1] INFO  o.e.m.c.i.embedder.EclipseLogger - Using 'UTF-8' encoding to copy filtered properties files.
2024-01-25 09:43:36,389 [Worker-1] INFO  o.e.m.c.i.embedder.EclipseLogger - skip non existing resourceDirectory C:\SpringBoot\Spring Boot\EmpDept\src\test\resources
2024-01-25 09:44:09,419 [Worker-4] INFO  o.e.m.c.i.embedder.EclipseLogger - Using 'UTF-8' encoding to copy filtered resources.
2024-01-25 09:44:09,419 [Worker-4] INFO  o.e.m.c.i.embedder.EclipseLogger - Using 'UTF-8' encoding to copy filtered properties files.
2024-01-25 09:44:09,422 [Worker-4] INFO  o.e.m.c.i.embedder.EclipseLogger - Copying 1 resource
2024-01-25 09:44:09,448 [Worker-4] INFO  o.e.m.c.i.embedder.EclipseLogger - Copying 0 resource
2024-01-25 09:44:09,452 [Worker-4] INFO  o.e.m.c.i.embedder.EclipseLogger - Using 'UTF-8' encoding to copy filtered resources.
2024-01-25 09:44:09,453 [Worker-4] INFO  o.e.m.c.i.embedder.EclipseLogger - Using 'UTF-8' encoding to copy filtered properties files.
2024-01-25 09:44:09,453 [Worker-4] INFO  o.e.m.c.i.embedder.EclipseLogger - skip non existing resourceDirectory C:\SpringBoot\Spring Boot\EmpDept\src\test\resources
2024-01-25 09:44:19,336 [Worker-12] INFO  o.e.m.c.i.embedder.EclipseLogger - Using 'UTF-8' encoding to copy filtered resources.
2024-01-25 09:44:19,337 [Worker-12] INFO  o.e.m.c.i.embedder.EclipseLogger - Using 'UTF-8' encoding to copy filtered properties files.
2024-01-25 09:44:19,337 [Worker-12] INFO  o.e.m.c.i.embedder.EclipseLogger - Copying 1 resource
2024-01-25 09:44:19,346 [Worker-12] INFO  o.e.m.c.i.embedder.EclipseLogger - Copying 0 resource
2024-01-25 09:44:19,347 [Worker-12] INFO  o.e.m.c.i.embedder.EclipseLogger - Using 'UTF-8' encoding to copy filtered resources.
2024-01-25 09:44:19,347 [Worker-12] INFO  o.e.m.c.i.embedder.EclipseLogger - Using 'UTF-8' encoding to copy filtered properties files.
2024-01-25 09:44:19,347 [Worker-12] INFO  o.e.m.c.i.embedder.EclipseLogger - skip non existing resourceDirectory C:\SpringBoot\Spring Boot\EmpDept\src\test\resources
2024-01-25 09:45:01,282 [Worker-14] INFO  o.e.m.c.i.embedder.EclipseLogger - Using 'UTF-8' encoding to copy filtered resources.
2024-01-25 09:45:01,282 [Worker-14] INFO  o.e.m.c.i.embedder.EclipseLogger - Using 'UTF-8' encoding to copy filtered properties files.
2024-01-25 09:45:01,283 [Worker-14] INFO  o.e.m.c.i.embedder.EclipseLogger - Copying 1 resource
2024-01-25 09:45:01,301 [Worker-14] INFO  o.e.m.c.i.embedder.EclipseLogger - Copying 0 resource
2024-01-25 09:45:01,303 [Worker-14] INFO  o.e.m.c.i.embedder.EclipseLogger - Using 'UTF-8' encoding to copy filtered resources.
2024-01-25 09:45:01,304 [Worker-14] INFO  o.e.m.c.i.embedder.EclipseLogger - Using 'UTF-8' encoding to copy filtered properties files.
2024-01-25 09:45:01,304 [Worker-14] INFO  o.e.m.c.i.embedder.EclipseLogger - skip non existing resourceDirectory C:\SpringBoot\Spring Boot\EmpDept\src\test\resources
2024-01-25 09:45:44,530 [Worker-15] INFO  o.e.m.c.i.l.LifecycleMappingFactory - Using org.eclipse.m2e.jdt.JarLifecycleMapping lifecycle mapping for MavenProject: com.ts:EmpDept:0.0.1-SNAPSHOT @ C:\SpringBoot\Spring Boot\EmpDept\pom.xml.
2024-01-25 09:45:44,884 [Worker-15] INFO  o.e.m.c.i.e.AbstractTransferListenerAdapter - Downloading https://repo.maven.apache.org/maven2/org/springframework/boot/spring-boot-starter-mail/2.7.9/spring-boot-starter-mail-2.7.9.pom
2024-01-25 09:45:44,951 [Worker-15] INFO  o.e.m.c.i.e.AbstractTransferListenerAdapter - Downloaded https://repo.maven.apache.org/maven2/org/springframework/boot/spring-boot-starter-mail/2.7.9/spring-boot-starter-mail-2.7.9.pom
2024-01-25 09:45:44,979 [Worker-15] INFO  o.e.m.c.i.e.AbstractTransferListenerAdapter - Downloading https://repo.maven.apache.org/maven2/org/springframework/spring-context-support/5.3.25/spring-context-support-5.3.25.pom
2024-01-25 09:45:45,037 [Worker-15] INFO  o.e.m.c.i.e.AbstractTransferListenerAdapter - Downloaded https://repo.maven.apache.org/maven2/org/springframework/spring-context-support/5.3.25/spring-context-support-5.3.25.pom
2024-01-25 09:45:45,150 [Worker-15] INFO  o.e.m.c.i.e.AbstractTransferListenerAdapter - Downloading https://repo.maven.apache.org/maven2/org/springframework/boot/spring-boot-starter-mail/2.7.9/spring-boot-starter-mail-2.7.9.jar
2024-01-25 09:45:45,230 [Worker-15] INFO  o.e.m.c.i.e.AbstractTransferListenerAdapter - Downloaded https://repo.maven.apache.org/maven2/org/springframework/boot/spring-boot-starter-mail/2.7.9/spring-boot-starter-mail-2.7.9.jar
2024-01-25 09:45:45,252 [Worker-15] INFO  o.e.m.c.i.e.AbstractTransferListenerAdapter - Downloading https://repo.maven.apache.org/maven2/org/springframework/spring-context-support/5.3.25/spring-context-support-5.3.25.jar
2024-01-25 09:45:45,363 [Worker-15] INFO  o.e.m.c.i.e.AbstractTransferListenerAdapter - Downloaded https://repo.maven.apache.org/maven2/org/springframework/spring-context-support/5.3.25/spring-context-support-5.3.25.jar
2024-01-25 09:45:46,202 [Worker-15] INFO  o.e.m.c.i.embedder.EclipseLogger - Using 'UTF-8' encoding to copy filtered resources.
2024-01-25 09:45:46,202 [Worker-15] INFO  o.e.m.c.i.embedder.EclipseLogger - Using 'UTF-8' encoding to copy filtered properties files.
2024-01-25 09:45:46,205 [Worker-15] INFO  o.e.m.c.i.embedder.EclipseLogger - Copying 0 resource
2024-01-25 09:45:46,205 [Worker-15] INFO  o.e.m.c.i.embedder.EclipseLogger - Copying 0 resource
2024-01-25 09:45:46,206 [Worker-15] INFO  o.e.m.c.i.embedder.EclipseLogger - Using 'UTF-8' encoding to copy filtered resources.
2024-01-25 09:45:46,206 [Worker-15] INFO  o.e.m.c.i.embedder.EclipseLogger - Using 'UTF-8' encoding to copy filtered properties files.
2024-01-25 09:45:46,206 [Worker-15] INFO  o.e.m.c.i.embedder.EclipseLogger - skip non existing resourceDirectory C:\SpringBoot\Spring Boot\EmpDept\src\test\resources
2024-01-25 09:45:47,802 [Worker-12] INFO  o.e.m.c.i.embedder.EclipseLogger - Using 'UTF-8' encoding to copy filtered resources.
2024-01-25 09:45:47,802 [Worker-12] INFO  o.e.m.c.i.embedder.EclipseLogger - Using 'UTF-8' encoding to copy filtered properties files.
2024-01-25 09:45:47,802 [Worker-12] INFO  o.e.m.c.i.embedder.EclipseLogger - Copying 1 resource
2024-01-25 09:45:47,820 [Worker-12] INFO  o.e.m.c.i.embedder.EclipseLogger - Copying 0 resource
2024-01-25 09:45:47,821 [Worker-12] INFO  o.e.m.c.i.embedder.EclipseLogger - Using 'UTF-8' encoding to copy filtered resources.
2024-01-25 09:45:47,822 [Worker-12] INFO  o.e.m.c.i.embedder.EclipseLogger - Using 'UTF-8' encoding to copy filtered properties files.
2024-01-25 09:45:47,822 [Worker-12] INFO  o.e.m.c.i.embedder.EclipseLogger - skip non existing resourceDirectory C:\SpringBoot\Spring Boot\EmpDept\src\test\resources
2024-01-25 09:45:53,707 [Worker-4] INFO  o.e.m.c.i.embedder.EclipseLogger - Using 'UTF-8' encoding to copy filtered resources.
2024-01-25 09:45:53,707 [Worker-4] INFO  o.e.m.c.i.embedder.EclipseLogger - Using 'UTF-8' encoding to copy filtered properties files.
2024-01-25 09:45:53,708 [Worker-4] INFO  o.e.m.c.i.embedder.EclipseLogger - Copying 1 resource
2024-01-25 09:45:53,731 [Worker-4] INFO  o.e.m.c.i.embedder.EclipseLogger - Copying 0 resource
2024-01-25 09:45:53,733 [Worker-4] INFO  o.e.m.c.i.embedder.EclipseLogger - Using 'UTF-8' encoding to copy filtered resources.
2024-01-25 09:45:53,733 [Worker-4] INFO  o.e.m.c.i.embedder.EclipseLogger - Using 'UTF-8' encoding to copy filtered properties files.
2024-01-25 09:45:53,733 [Worker-4] INFO  o.e.m.c.i.embedder.EclipseLogger - skip non existing resourceDirectory C:\SpringBoot\Spring Boot\EmpDept\src\test\resources
2024-01-25 09:49:06,268 [Worker-14] INFO  o.e.m.c.i.l.LifecycleMappingFactory - Using org.eclipse.m2e.jdt.JarLifecycleMapping lifecycle mapping for MavenProject: com.ts:EmpDept:0.0.1-SNAPSHOT @ C:\SpringBoot\Spring Boot\EmpDept\pom.xml.
2024-01-25 09:49:06,675 [Worker-14] INFO  o.e.m.c.i.e.AbstractTransferListenerAdapter - Downloading https://repo.maven.apache.org/maven2/org/springframework/security/spring-security-crypto/5.7.7/spring-security-crypto-5.7.7.pom
2024-01-25 09:49:06,765 [Worker-14] INFO  o.e.m.c.i.e.AbstractTransferListenerAdapter - Downloaded https://repo.maven.apache.org/maven2/org/springframework/security/spring-security-crypto/5.7.7/spring-security-crypto-5.7.7.pom
2024-01-25 09:49:06,889 [Worker-14] INFO  o.e.m.c.i.e.AbstractTransferListenerAdapter - Downloading https://repo.maven.apache.org/maven2/org/springframework/security/spring-security-crypto/5.7.7/spring-security-crypto-5.7.7.jar
2024-01-25 09:49:07,198 [Worker-14] INFO  o.e.m.c.i.e.AbstractTransferListenerAdapter - Downloaded https://repo.maven.apache.org/maven2/org/springframework/security/spring-security-crypto/5.7.7/spring-security-crypto-5.7.7.jar
2024-01-25 09:49:07,720 [Worker-14] INFO  o.e.m.c.i.embedder.EclipseLogger - Using 'UTF-8' encoding to copy filtered resources.
2024-01-25 09:49:07,720 [Worker-14] INFO  o.e.m.c.i.embedder.EclipseLogger - Using 'UTF-8' encoding to copy filtered properties files.
2024-01-25 09:49:07,723 [Worker-14] INFO  o.e.m.c.i.embedder.EclipseLogger - Copying 0 resource
2024-01-25 09:49:07,723 [Worker-14] INFO  o.e.m.c.i.embedder.EclipseLogger - Copying 0 resource
2024-01-25 09:49:07,726 [Worker-14] INFO  o.e.m.c.i.embedder.EclipseLogger - Using 'UTF-8' encoding to copy filtered resources.
2024-01-25 09:49:07,727 [Worker-14] INFO  o.e.m.c.i.embedder.EclipseLogger - Using 'UTF-8' encoding to copy filtered properties files.
2024-01-25 09:49:07,727 [Worker-14] INFO  o.e.m.c.i.embedder.EclipseLogger - skip non existing resourceDirectory C:\SpringBoot\Spring Boot\EmpDept\src\test\resources
2024-01-25 09:49:09,061 [Worker-21] INFO  o.e.m.c.i.embedder.EclipseLogger - Using 'UTF-8' encoding to copy filtered resources.
2024-01-25 09:49:09,061 [Worker-21] INFO  o.e.m.c.i.embedder.EclipseLogger - Using 'UTF-8' encoding to copy filtered properties files.
2024-01-25 09:49:09,061 [Worker-21] INFO  o.e.m.c.i.embedder.EclipseLogger - Copying 1 resource
2024-01-25 09:49:09,072 [Worker-21] INFO  o.e.m.c.i.embedder.EclipseLogger - Copying 0 resource
2024-01-25 09:49:09,073 [Worker-21] INFO  o.e.m.c.i.embedder.EclipseLogger - Using 'UTF-8' encoding to copy filtered resources.
2024-01-25 09:49:09,074 [Worker-21] INFO  o.e.m.c.i.embedder.EclipseLogger - Using 'UTF-8' encoding to copy filtered properties files.
2024-01-25 09:49:09,074 [Worker-21] INFO  o.e.m.c.i.embedder.EclipseLogger - skip non existing resourceDirectory C:\SpringBoot\Spring Boot\EmpDept\src\test\resources
2024-01-25 09:52:39,496 [Worker-21] INFO  o.e.m.c.i.embedder.EclipseLogger - Using 'UTF-8' encoding to copy filtered resources.
2024-01-25 09:52:39,496 [Worker-21] INFO  o.e.m.c.i.embedder.EclipseLogger - Using 'UTF-8' encoding to copy filtered properties files.
2024-01-25 09:52:39,497 [Worker-21] INFO  o.e.m.c.i.embedder.EclipseLogger - Copying 1 resource
2024-01-25 09:52:39,520 [Worker-21] INFO  o.e.m.c.i.embedder.EclipseLogger - Copying 0 resource
2024-01-25 09:52:39,523 [Worker-21] INFO  o.e.m.c.i.embedder.EclipseLogger - Using 'UTF-8' encoding to copy filtered resources.
2024-01-25 09:52:39,523 [Worker-21] INFO  o.e.m.c.i.embedder.EclipseLogger - Using 'UTF-8' encoding to copy filtered properties files.
2024-01-25 09:52:39,523 [Worker-21] INFO  o.e.m.c.i.embedder.EclipseLogger - skip non existing resourceDirectory C:\SpringBoot\Spring Boot\EmpDept\src\test\resources
2024-01-28 13:49:22,260 [Worker-6] INFO  o.e.m.c.i.embedder.EclipseLogger - Using 'UTF-8' encoding to copy filtered resources.
2024-01-28 13:49:22,265 [Worker-6] INFO  o.e.m.c.i.embedder.EclipseLogger - Using 'UTF-8' encoding to copy filtered properties files.
2024-01-28 13:49:22,268 [Worker-6] INFO  o.e.m.c.i.embedder.EclipseLogger - Copying 1 resource
2024-01-28 13:49:22,283 [Worker-6] INFO  o.e.m.c.i.embedder.EclipseLogger - Copying 0 resource
2024-01-28 13:49:22,285 [Worker-6] INFO  o.e.m.c.i.embedder.EclipseLogger - Using 'UTF-8' encoding to copy filtered resources.
2024-01-28 13:49:22,285 [Worker-6] INFO  o.e.m.c.i.embedder.EclipseLogger - Using 'UTF-8' encoding to copy filtered properties files.
2024-01-28 13:49:22,286 [Worker-6] INFO  o.e.m.c.i.embedder.EclipseLogger - skip non existing resourceDirectory C:\SpringBoot\Spring Boot\EmpDept\src\test\resources
2024-01-28 14:19:14,026 [Worker-0] INFO  o.e.m.c.i.embedder.EclipseLogger - Using 'UTF-8' encoding to copy filtered resources.
2024-01-28 14:19:14,029 [Worker-0] INFO  o.e.m.c.i.embedder.EclipseLogger - Using 'UTF-8' encoding to copy filtered properties files.
2024-01-28 14:19:14,034 [Worker-0] INFO  o.e.m.c.i.embedder.EclipseLogger - Copying 1 resource
2024-01-28 14:19:14,057 [Worker-0] INFO  o.e.m.c.i.embedder.EclipseLogger - Copying 0 resource
2024-01-28 14:19:14,060 [Worker-0] INFO  o.e.m.c.i.embedder.EclipseLogger - Using 'UTF-8' encoding to copy filtered resources.
2024-01-28 14:19:14,060 [Worker-0] INFO  o.e.m.c.i.embedder.EclipseLogger - Using 'UTF-8' encoding to copy filtered properties files.
2024-01-28 14:19:14,060 [Worker-0] INFO  o.e.m.c.i.embedder.EclipseLogger - skip non existing resourceDirectory C:\SpringBoot\Spring Boot\EmpDept\src\test\resources
2024-01-28 14:23:44,325 [Worker-18] INFO  o.e.m.c.i.embedder.EclipseLogger - Using 'UTF-8' encoding to copy filtered resources.
2024-01-28 14:23:44,327 [Worker-18] INFO  o.e.m.c.i.embedder.EclipseLogger - Using 'UTF-8' encoding to copy filtered properties files.
2024-01-28 14:23:44,331 [Worker-18] INFO  o.e.m.c.i.embedder.EclipseLogger - Copying 1 resource
2024-01-28 14:23:44,349 [Worker-18] INFO  o.e.m.c.i.embedder.EclipseLogger - Copying 0 resource
2024-01-28 14:23:44,352 [Worker-18] INFO  o.e.m.c.i.embedder.EclipseLogger - Using 'UTF-8' encoding to copy filtered resources.
2024-01-28 14:23:44,352 [Worker-18] INFO  o.e.m.c.i.embedder.EclipseLogger - Using 'UTF-8' encoding to copy filtered properties files.
2024-01-28 14:23:44,352 [Worker-18] INFO  o.e.m.c.i.embedder.EclipseLogger - skip non existing resourceDirectory C:\SpringBoot\Spring Boot\EmpDept\src\test\resources
2024-01-28 14:24:22,630 [Worker-17] INFO  o.e.m.c.i.embedder.EclipseLogger - Using 'UTF-8' encoding to copy filtered resources.
2024-01-28 14:24:22,630 [Worker-17] INFO  o.e.m.c.i.embedder.EclipseLogger - Using 'UTF-8' encoding to copy filtered properties files.
2024-01-28 14:24:22,631 [Worker-17] INFO  o.e.m.c.i.embedder.EclipseLogger - Copying 1 resource
2024-01-28 14:24:22,653 [Worker-17] INFO  o.e.m.c.i.embedder.EclipseLogger - Copying 0 resource
2024-01-28 14:24:22,661 [Worker-17] INFO  o.e.m.c.i.embedder.EclipseLogger - Using 'UTF-8' encoding to copy filtered resources.
2024-01-28 14:24:22,661 [Worker-17] INFO  o.e.m.c.i.embedder.EclipseLogger - Using 'UTF-8' encoding to copy filtered properties files.
2024-01-28 14:24:22,661 [Worker-17] INFO  o.e.m.c.i.embedder.EclipseLogger - skip non existing resourceDirectory C:\SpringBoot\Spring Boot\EmpDept\src\test\resources
2024-01-28 14:24:57,069 [Worker-20] INFO  o.e.m.c.i.embedder.EclipseLogger - Using 'UTF-8' encoding to copy filtered resources.
2024-01-28 14:24:57,069 [Worker-20] INFO  o.e.m.c.i.embedder.EclipseLogger - Using 'UTF-8' encoding to copy filtered properties files.
2024-01-28 14:24:57,070 [Worker-20] INFO  o.e.m.c.i.embedder.EclipseLogger - Copying 1 resource
2024-01-28 14:24:57,078 [Worker-20] INFO  o.e.m.c.i.embedder.EclipseLogger - Copying 0 resource
2024-01-28 14:24:57,080 [Worker-20] INFO  o.e.m.c.i.embedder.EclipseLogger - Using 'UTF-8' encoding to copy filtered resources.
2024-01-28 14:24:57,080 [Worker-20] INFO  o.e.m.c.i.embedder.EclipseLogger - Using 'UTF-8' encoding to copy filtered properties files.
2024-01-28 14:24:57,080 [Worker-20] INFO  o.e.m.c.i.embedder.EclipseLogger - skip non existing resourceDirectory C:\SpringBoot\Spring Boot\EmpDept\src\test\resources
2024-01-28 14:25:45,768 [Worker-18] INFO  o.e.m.c.i.embedder.EclipseLogger - Using 'UTF-8' encoding to copy filtered resources.
2024-01-28 14:25:45,768 [Worker-18] INFO  o.e.m.c.i.embedder.EclipseLogger - Using 'UTF-8' encoding to copy filtered properties files.
2024-01-28 14:25:45,769 [Worker-18] INFO  o.e.m.c.i.embedder.EclipseLogger - Copying 1 resource
2024-01-28 14:25:45,791 [Worker-18] INFO  o.e.m.c.i.embedder.EclipseLogger - Copying 0 resource
2024-01-28 14:25:45,793 [Worker-18] INFO  o.e.m.c.i.embedder.EclipseLogger - Using 'UTF-8' encoding to copy filtered resources.
2024-01-28 14:25:45,794 [Worker-18] INFO  o.e.m.c.i.embedder.EclipseLogger - Using 'UTF-8' encoding to copy filtered properties files.
2024-01-28 14:25:45,794 [Worker-18] INFO  o.e.m.c.i.embedder.EclipseLogger - skip non existing resourceDirectory C:\SpringBoot\Spring Boot\EmpDept\src\test\resources
2024-01-28 14:26:44,245 [Worker-17] INFO  o.e.m.c.i.l.LifecycleMappingFactory - Using org.eclipse.m2e.jdt.JarLifecycleMapping lifecycle mapping for MavenProject: com.ts:EmpDept:0.0.1-SNAPSHOT @ C:\SpringBoot\Spring Boot\EmpDept\pom.xml.
2024-01-28 14:26:44,527 [Worker-17] INFO  o.e.m.c.i.e.AbstractTransferListenerAdapter - Downloading https://repo.maven.apache.org/maven2/com/twilio/sdk/twilio/8.25.0/twilio-8.25.0.pom
2024-01-28 14:26:44,585 [Worker-17] INFO  o.e.m.c.i.e.AbstractTransferListenerAdapter - Downloaded https://repo.maven.apache.org/maven2/com/twilio/sdk/twilio/8.25.0/twilio-8.25.0.pom
2024-01-28 14:26:44,617 [Worker-17] INFO  o.e.m.c.i.e.AbstractTransferListenerAdapter - Downloading https://repo.maven.apache.org/maven2/commons-codec/commons-codec/1.15/commons-codec-1.15.pom
2024-01-28 14:26:44,677 [Worker-17] INFO  o.e.m.c.i.e.AbstractTransferListenerAdapter - Downloaded https://repo.maven.apache.org/maven2/commons-codec/commons-codec/1.15/commons-codec-1.15.pom
2024-01-28 14:26:44,707 [Worker-17] INFO  o.e.m.c.i.e.AbstractTransferListenerAdapter - Downloading https://repo.maven.apache.org/maven2/commons-io/commons-io/2.7/commons-io-2.7.pom
2024-01-28 14:26:44,769 [Worker-17] INFO  o.e.m.c.i.e.AbstractTransferListenerAdapter - Downloaded https://repo.maven.apache.org/maven2/commons-io/commons-io/2.7/commons-io-2.7.pom
2024-01-28 14:26:44,800 [Worker-17] INFO  o.e.m.c.i.e.AbstractTransferListenerAdapter - Downloading https://repo.maven.apache.org/maven2/org/apache/commons/commons-parent/50/commons-parent-50.pom
2024-01-28 14:26:44,874 [Worker-17] INFO  o.e.m.c.i.e.AbstractTransferListenerAdapter - Downloaded https://repo.maven.apache.org/maven2/org/apache/commons/commons-parent/50/commons-parent-50.pom
2024-01-28 14:26:44,913 [Worker-17] INFO  o.e.m.c.i.e.AbstractTransferListenerAdapter - Downloading https://repo.maven.apache.org/maven2/io/jsonwebtoken/jjwt-api/0.11.2/jjwt-api-0.11.2.pom
2024-01-28 14:26:44,953 [Worker-17] INFO  o.e.m.c.i.e.AbstractTransferListenerAdapter - Downloaded https://repo.maven.apache.org/maven2/io/jsonwebtoken/jjwt-api/0.11.2/jjwt-api-0.11.2.pom
2024-01-28 14:26:44,982 [Worker-17] INFO  o.e.m.c.i.e.AbstractTransferListenerAdapter - Downloading https://repo.maven.apache.org/maven2/io/jsonwebtoken/jjwt-root/0.11.2/jjwt-root-0.11.2.pom
2024-01-28 14:26:45,038 [Worker-17] INFO  o.e.m.c.i.e.AbstractTransferListenerAdapter - Downloaded https://repo.maven.apache.org/maven2/io/jsonwebtoken/jjwt-root/0.11.2/jjwt-root-0.11.2.pom
2024-01-28 14:26:45,065 [Worker-17] INFO  o.e.m.c.i.e.AbstractTransferListenerAdapter - Downloading https://repo.maven.apache.org/maven2/io/jsonwebtoken/jjwt-jackson/0.11.2/jjwt-jackson-0.11.2.pom
2024-01-28 14:26:45,105 [Worker-17] INFO  o.e.m.c.i.e.AbstractTransferListenerAdapter - Downloaded https://repo.maven.apache.org/maven2/io/jsonwebtoken/jjwt-jackson/0.11.2/jjwt-jackson-0.11.2.pom
2024-01-28 14:26:45,136 [Worker-17] INFO  o.e.m.c.i.e.AbstractTransferListenerAdapter - Downloading https://repo.maven.apache.org/maven2/io/jsonwebtoken/jjwt-impl/0.11.2/jjwt-impl-0.11.2.pom
2024-01-28 14:26:45,178 [Worker-17] INFO  o.e.m.c.i.e.AbstractTransferListenerAdapter - Downloaded https://repo.maven.apache.org/maven2/io/jsonwebtoken/jjwt-impl/0.11.2/jjwt-impl-0.11.2.pom
2024-01-28 14:26:45,208 [Worker-17] INFO  o.e.m.c.i.e.AbstractTransferListenerAdapter - Downloading https://repo.maven.apache.org/maven2/org/apache/httpcomponents/httpclient/4.5.14/httpclient-4.5.14.pom
2024-01-28 14:26:45,255 [Worker-17] INFO  o.e.m.c.i.e.AbstractTransferListenerAdapter - Downloaded https://repo.maven.apache.org/maven2/org/apache/httpcomponents/httpclient/4.5.14/httpclient-4.5.14.pom
2024-01-28 14:26:45,282 [Worker-17] INFO  o.e.m.c.i.e.AbstractTransferListenerAdapter - Downloading https://repo.maven.apache.org/maven2/org/apache/httpcomponents/httpcomponents-client/4.5.14/httpcomponents-client-4.5.14.pom
2024-01-28 14:26:45,370 [Worker-17] INFO  o.e.m.c.i.e.AbstractTransferListenerAdapter - Downloaded https://repo.maven.apache.org/maven2/org/apache/httpcomponents/httpcomponents-client/4.5.14/httpcomponents-client-4.5.14.pom
2024-01-28 14:26:45,396 [Worker-17] INFO  o.e.m.c.i.e.AbstractTransferListenerAdapter - Downloading https://repo.maven.apache.org/maven2/org/apache/httpcomponents/httpcomponents-parent/11/httpcomponents-parent-11.pom
2024-01-28 14:26:45,455 [Worker-17] INFO  o.e.m.c.i.e.AbstractTransferListenerAdapter - Downloaded https://repo.maven.apache.org/maven2/org/apache/httpcomponents/httpcomponents-parent/11/httpcomponents-parent-11.pom
2024-01-28 14:26:45,483 [Worker-17] INFO  o.e.m.c.i.e.AbstractTransferListenerAdapter - Downloading https://repo.maven.apache.org/maven2/org/apache/httpcomponents/httpcore/4.4.16/httpcore-4.4.16.pom
2024-01-28 14:26:45,527 [Worker-17] INFO  o.e.m.c.i.e.AbstractTransferListenerAdapter - Downloaded https://repo.maven.apache.org/maven2/org/apache/httpcomponents/httpcore/4.4.16/httpcore-4.4.16.pom
2024-01-28 14:26:45,554 [Worker-17] INFO  o.e.m.c.i.e.AbstractTransferListenerAdapter - Downloading https://repo.maven.apache.org/maven2/org/apache/httpcomponents/httpcomponents-core/4.4.16/httpcomponents-core-4.4.16.pom
2024-01-28 14:26:45,613 [Worker-17] INFO  o.e.m.c.i.e.AbstractTransferListenerAdapter - Downloaded https://repo.maven.apache.org/maven2/org/apache/httpcomponents/httpcomponents-core/4.4.16/httpcomponents-core-4.4.16.pom
2024-01-28 14:26:45,653 [Worker-17] INFO  o.e.m.c.i.e.AbstractTransferListenerAdapter - Downloading https://repo.maven.apache.org/maven2/com/fasterxml/jackson/dataformat/jackson-dataformat-xml/2.13.5/jackson-dataformat-xml-2.13.5.pom
2024-01-28 14:26:45,703 [Worker-17] INFO  o.e.m.c.i.e.AbstractTransferListenerAdapter - Downloaded https://repo.maven.apache.org/maven2/com/fasterxml/jackson/dataformat/jackson-dataformat-xml/2.13.5/jackson-dataformat-xml-2.13.5.pom
2024-01-28 14:26:45,732 [Worker-17] INFO  o.e.m.c.i.e.AbstractTransferListenerAdapter - Downloading https://repo.maven.apache.org/maven2/org/codehaus/woodstox/stax2-api/4.2.1/stax2-api-4.2.1.pom
2024-01-28 14:26:45,781 [Worker-17] INFO  o.e.m.c.i.e.AbstractTransferListenerAdapter - Downloaded https://repo.maven.apache.org/maven2/org/codehaus/woodstox/stax2-api/4.2.1/stax2-api-4.2.1.pom
2024-01-28 14:26:45,806 [Worker-17] INFO  o.e.m.c.i.e.AbstractTransferListenerAdapter - Downloading https://repo.maven.apache.org/maven2/com/fasterxml/oss-parent/38/oss-parent-38.pom
2024-01-28 14:26:45,857 [Worker-17] INFO  o.e.m.c.i.e.AbstractTransferListenerAdapter - Downloaded https://repo.maven.apache.org/maven2/com/fasterxml/oss-parent/38/oss-parent-38.pom
2024-01-28 14:26:45,886 [Worker-17] INFO  o.e.m.c.i.e.AbstractTransferListenerAdapter - Downloading https://repo.maven.apache.org/maven2/com/fasterxml/woodstox/woodstox-core/6.4.0/woodstox-core-6.4.0.pom
2024-01-28 14:26:45,937 [Worker-17] INFO  o.e.m.c.i.e.AbstractTransferListenerAdapter - Downloaded https://repo.maven.apache.org/maven2/com/fasterxml/woodstox/woodstox-core/6.4.0/woodstox-core-6.4.0.pom
2024-01-28 14:26:45,971 [Worker-17] INFO  o.e.m.c.i.e.AbstractTransferListenerAdapter - Downloading https://repo.maven.apache.org/maven2/com/fasterxml/oss-parent/45/oss-parent-45.pom
2024-01-28 14:26:46,021 [Worker-17] INFO  o.e.m.c.i.e.AbstractTransferListenerAdapter - Downloaded https://repo.maven.apache.org/maven2/com/fasterxml/oss-parent/45/oss-parent-45.pom
2024-01-28 14:26:46,047 [Worker-17] INFO  o.e.m.c.i.e.AbstractTransferListenerAdapter - Downloading https://repo.maven.apache.org/maven2/javax/xml/bind/jaxb-api/2.3.1/jaxb-api-2.3.1.pom
2024-01-28 14:26:46,101 [Worker-17] INFO  o.e.m.c.i.e.AbstractTransferListenerAdapter - Downloaded https://repo.maven.apache.org/maven2/javax/xml/bind/jaxb-api/2.3.1/jaxb-api-2.3.1.pom
2024-01-28 14:26:46,127 [Worker-17] INFO  o.e.m.c.i.e.AbstractTransferListenerAdapter - Downloading https://repo.maven.apache.org/maven2/javax/xml/bind/jaxb-api-parent/2.3.1/jaxb-api-parent-2.3.1.pom
2024-01-28 14:26:46,182 [Worker-17] INFO  o.e.m.c.i.e.AbstractTransferListenerAdapter - Downloaded https://repo.maven.apache.org/maven2/javax/xml/bind/jaxb-api-parent/2.3.1/jaxb-api-parent-2.3.1.pom
2024-01-28 14:26:46,208 [Worker-17] INFO  o.e.m.c.i.e.AbstractTransferListenerAdapter - Downloading https://repo.maven.apache.org/maven2/net/java/jvnet-parent/5/jvnet-parent-5.pom
2024-01-28 14:26:46,266 [Worker-17] INFO  o.e.m.c.i.e.AbstractTransferListenerAdapter - Downloaded https://repo.maven.apache.org/maven2/net/java/jvnet-parent/5/jvnet-parent-5.pom
2024-01-28 14:26:46,341 [Worker-17] INFO  o.e.m.c.i.e.AbstractTransferListenerAdapter - Downloading https://repo.maven.apache.org/maven2/javax/activation/javax.activation-api/1.2.0/javax.activation-api-1.2.0.pom
2024-01-28 14:26:46,430 [Worker-17] INFO  o.e.m.c.i.e.AbstractTransferListenerAdapter - Downloaded https://repo.maven.apache.org/maven2/javax/activation/javax.activation-api/1.2.0/javax.activation-api-1.2.0.pom
2024-01-28 14:26:46,492 [Worker-17] INFO  o.e.m.c.i.e.AbstractTransferListenerAdapter - Downloading https://repo.maven.apache.org/maven2/com/sun/activation/all/1.2.0/all-1.2.0.pom
2024-01-28 14:26:46,544 [Worker-17] INFO  o.e.m.c.i.e.AbstractTransferListenerAdapter - Downloaded https://repo.maven.apache.org/maven2/com/sun/activation/all/1.2.0/all-1.2.0.pom
2024-01-28 14:26:46,602 [Worker-17] INFO  o.e.m.c.i.e.AbstractTransferListenerAdapter - Downloading https://repo.maven.apache.org/maven2/net/java/jvnet-parent/1/jvnet-parent-1.pom
2024-01-28 14:26:46,745 [Worker-17] INFO  o.e.m.c.i.e.AbstractTransferListenerAdapter - Downloaded https://repo.maven.apache.org/maven2/net/java/jvnet-parent/1/jvnet-parent-1.pom
2024-01-28 14:26:47,199 [Worker-17] INFO  o.e.m.c.i.e.AbstractTransferListenerAdapter - Downloading https://repo.maven.apache.org/maven2/com/twilio/sdk/twilio/8.25.0/twilio-8.25.0.jar
2024-01-28 14:26:48,599 [Worker-17] INFO  o.e.m.c.i.e.AbstractTransferListenerAdapter - Downloaded https://repo.maven.apache.org/maven2/com/twilio/sdk/twilio/8.25.0/twilio-8.25.0.jar
2024-01-28 14:26:48,619 [Worker-17] INFO  o.e.m.c.i.e.AbstractTransferListenerAdapter - Downloading https://repo.maven.apache.org/maven2/commons-codec/commons-codec/1.15/commons-codec-1.15.jar
2024-01-28 14:26:48,708 [Worker-17] INFO  o.e.m.c.i.e.AbstractTransferListenerAdapter - Downloaded https://repo.maven.apache.org/maven2/commons-codec/commons-codec/1.15/commons-codec-1.15.jar
2024-01-28 14:26:48,766 [Worker-17] INFO  o.e.m.c.i.e.AbstractTransferListenerAdapter - Downloading https://repo.maven.apache.org/maven2/commons-io/commons-io/2.7/commons-io-2.7.jar
2024-01-28 14:26:48,858 [Worker-17] INFO  o.e.m.c.i.e.AbstractTransferListenerAdapter - Downloaded https://repo.maven.apache.org/maven2/commons-io/commons-io/2.7/commons-io-2.7.jar
2024-01-28 14:26:48,891 [Worker-17] INFO  o.e.m.c.i.e.AbstractTransferListenerAdapter - Downloading https://repo.maven.apache.org/maven2/io/jsonwebtoken/jjwt-api/0.11.2/jjwt-api-0.11.2.jar
2024-01-28 14:26:48,952 [Worker-17] INFO  o.e.m.c.i.e.AbstractTransferListenerAdapter - Downloaded https://repo.maven.apache.org/maven2/io/jsonwebtoken/jjwt-api/0.11.2/jjwt-api-0.11.2.jar
2024-01-28 14:26:48,974 [Worker-17] INFO  o.e.m.c.i.e.AbstractTransferListenerAdapter - Downloading https://repo.maven.apache.org/maven2/io/jsonwebtoken/jjwt-jackson/0.11.2/jjwt-jackson-0.11.2.jar
2024-01-28 14:26:49,070 [Worker-17] INFO  o.e.m.c.i.e.AbstractTransferListenerAdapter - Downloaded https://repo.maven.apache.org/maven2/io/jsonwebtoken/jjwt-jackson/0.11.2/jjwt-jackson-0.11.2.jar
2024-01-28 14:26:49,105 [Worker-17] INFO  o.e.m.c.i.e.AbstractTransferListenerAdapter - Downloading https://repo.maven.apache.org/maven2/io/jsonwebtoken/jjwt-impl/0.11.2/jjwt-impl-0.11.2.jar
2024-01-28 14:26:49,182 [Worker-17] INFO  o.e.m.c.i.e.AbstractTransferListenerAdapter - Downloaded https://repo.maven.apache.org/maven2/io/jsonwebtoken/jjwt-impl/0.11.2/jjwt-impl-0.11.2.jar
2024-01-28 14:26:49,217 [Worker-17] INFO  o.e.m.c.i.e.AbstractTransferListenerAdapter - Downloading https://repo.maven.apache.org/maven2/org/apache/httpcomponents/httpclient/4.5.14/httpclient-4.5.14.jar
2024-01-28 14:26:49,459 [Worker-17] INFO  o.e.m.c.i.e.AbstractTransferListenerAdapter - Downloaded https://repo.maven.apache.org/maven2/org/apache/httpcomponents/httpclient/4.5.14/httpclient-4.5.14.jar
2024-01-28 14:26:49,478 [Worker-17] INFO  o.e.m.c.i.e.AbstractTransferListenerAdapter - Downloading https://repo.maven.apache.org/maven2/org/apache/httpcomponents/httpcore/4.4.16/httpcore-4.4.16.jar
2024-01-28 14:26:49,582 [Worker-17] INFO  o.e.m.c.i.e.AbstractTransferListenerAdapter - Downloaded https://repo.maven.apache.org/maven2/org/apache/httpcomponents/httpcore/4.4.16/httpcore-4.4.16.jar
2024-01-28 14:26:49,623 [Worker-17] INFO  o.e.m.c.i.e.AbstractTransferListenerAdapter - Downloading https://repo.maven.apache.org/maven2/com/fasterxml/jackson/dataformat/jackson-dataformat-xml/2.13.5/jackson-dataformat-xml-2.13.5.jar
2024-01-28 14:26:49,723 [Worker-17] INFO  o.e.m.c.i.e.AbstractTransferListenerAdapter - Downloaded https://repo.maven.apache.org/maven2/com/fasterxml/jackson/dataformat/jackson-dataformat-xml/2.13.5/jackson-dataformat-xml-2.13.5.jar
2024-01-28 14:26:49,745 [Worker-17] INFO  o.e.m.c.i.e.AbstractTransferListenerAdapter - Downloading https://repo.maven.apache.org/maven2/org/codehaus/woodstox/stax2-api/4.2.1/stax2-api-4.2.1.jar
2024-01-28 14:26:49,825 [Worker-17] INFO  o.e.m.c.i.e.AbstractTransferListenerAdapter - Downloaded https://repo.maven.apache.org/maven2/org/codehaus/woodstox/stax2-api/4.2.1/stax2-api-4.2.1.jar
2024-01-28 14:26:49,874 [Worker-17] INFO  o.e.m.c.i.e.AbstractTransferListenerAdapter - Downloading https://repo.maven.apache.org/maven2/com/fasterxml/woodstox/woodstox-core/6.4.0/woodstox-core-6.4.0.jar
2024-01-28 14:26:50,167 [Worker-17] INFO  o.e.m.c.i.e.AbstractTransferListenerAdapter - Downloaded https://repo.maven.apache.org/maven2/com/fasterxml/woodstox/woodstox-core/6.4.0/woodstox-core-6.4.0.jar
2024-01-28 14:26:50,191 [Worker-17] INFO  o.e.m.c.i.e.AbstractTransferListenerAdapter - Downloading https://repo.maven.apache.org/maven2/javax/xml/bind/jaxb-api/2.3.1/jaxb-api-2.3.1.jar
2024-01-28 14:26:50,257 [Worker-17] INFO  o.e.m.c.i.e.AbstractTransferListenerAdapter - Downloaded https://repo.maven.apache.org/maven2/javax/xml/bind/jaxb-api/2.3.1/jaxb-api-2.3.1.jar
2024-01-28 14:26:50,277 [Worker-17] INFO  o.e.m.c.i.e.AbstractTransferListenerAdapter - Downloading https://repo.maven.apache.org/maven2/javax/activation/javax.activation-api/1.2.0/javax.activation-api-1.2.0.jar
2024-01-28 14:26:50,343 [Worker-17] INFO  o.e.m.c.i.e.AbstractTransferListenerAdapter - Downloaded https://repo.maven.apache.org/maven2/javax/activation/javax.activation-api/1.2.0/javax.activation-api-1.2.0.jar
2024-01-28 14:26:52,916 [Worker-17] INFO  o.e.m.c.i.embedder.EclipseLogger - Using 'UTF-8' encoding to copy filtered resources.
2024-01-28 14:26:52,916 [Worker-17] INFO  o.e.m.c.i.embedder.EclipseLogger - Using 'UTF-8' encoding to copy filtered properties files.
2024-01-28 14:26:52,919 [Worker-17] INFO  o.e.m.c.i.embedder.EclipseLogger - Copying 0 resource
2024-01-28 14:26:52,920 [Worker-17] INFO  o.e.m.c.i.embedder.EclipseLogger - Copying 0 resource
2024-01-28 14:26:52,923 [Worker-17] INFO  o.e.m.c.i.embedder.EclipseLogger - Using 'UTF-8' encoding to copy filtered resources.
2024-01-28 14:26:52,924 [Worker-17] INFO  o.e.m.c.i.embedder.EclipseLogger - Using 'UTF-8' encoding to copy filtered properties files.
2024-01-28 14:26:52,924 [Worker-17] INFO  o.e.m.c.i.embedder.EclipseLogger - skip non existing resourceDirectory C:\SpringBoot\Spring Boot\EmpDept\src\test\resources
2024-01-28 14:26:56,714 [Worker-19] INFO  o.e.m.c.i.embedder.EclipseLogger - Using 'UTF-8' encoding to copy filtered resources.
2024-01-28 14:26:56,715 [Worker-19] INFO  o.e.m.c.i.embedder.EclipseLogger - Using 'UTF-8' encoding to copy filtered properties files.
2024-01-28 14:26:56,716 [Worker-19] INFO  o.e.m.c.i.embedder.EclipseLogger - Copying 1 resource
2024-01-28 14:26:56,742 [Worker-19] INFO  o.e.m.c.i.embedder.EclipseLogger - Copying 0 resource
2024-01-28 14:26:56,746 [Worker-19] INFO  o.e.m.c.i.embedder.EclipseLogger - Using 'UTF-8' encoding to copy filtered resources.
2024-01-28 14:26:56,746 [Worker-19] INFO  o.e.m.c.i.embedder.EclipseLogger - Using 'UTF-8' encoding to copy filtered properties files.
2024-01-28 14:26:56,747 [Worker-19] INFO  o.e.m.c.i.embedder.EclipseLogger - skip non existing resourceDirectory C:\SpringBoot\Spring Boot\EmpDept\src\test\resources
2024-01-28 14:28:37,376 [Worker-20] INFO  o.e.m.c.i.embedder.EclipseLogger - Using 'UTF-8' encoding to copy filtered resources.
2024-01-28 14:28:37,376 [Worker-20] INFO  o.e.m.c.i.embedder.EclipseLogger - Using 'UTF-8' encoding to copy filtered properties files.
2024-01-28 14:28:37,377 [Worker-20] INFO  o.e.m.c.i.embedder.EclipseLogger - Copying 1 resource
2024-01-28 14:28:37,440 [Worker-20] INFO  o.e.m.c.i.embedder.EclipseLogger - Copying 0 resource
2024-01-28 14:28:37,454 [Worker-20] INFO  o.e.m.c.i.embedder.EclipseLogger - Using 'UTF-8' encoding to copy filtered resources.
2024-01-28 14:28:37,454 [Worker-20] INFO  o.e.m.c.i.embedder.EclipseLogger - Using 'UTF-8' encoding to copy filtered properties files.
2024-01-28 14:28:37,455 [Worker-20] INFO  o.e.m.c.i.embedder.EclipseLogger - skip non existing resourceDirectory C:\SpringBoot\Spring Boot\EmpDept\src\test\resources
2024-01-28 14:29:25,964 [Worker-18] INFO  o.e.m.c.i.embedder.EclipseLogger - Using 'UTF-8' encoding to copy filtered resources.
2024-01-28 14:29:25,964 [Worker-18] INFO  o.e.m.c.i.embedder.EclipseLogger - Using 'UTF-8' encoding to copy filtered properties files.
2024-01-28 14:29:25,965 [Worker-18] INFO  o.e.m.c.i.embedder.EclipseLogger - Copying 1 resource
2024-01-28 14:29:25,971 [Worker-18] INFO  o.e.m.c.i.embedder.EclipseLogger - Copying 0 resource
2024-01-28 14:29:25,973 [Worker-18] INFO  o.e.m.c.i.embedder.EclipseLogger - Using 'UTF-8' encoding to copy filtered resources.
2024-01-28 14:29:25,973 [Worker-18] INFO  o.e.m.c.i.embedder.EclipseLogger - Using 'UTF-8' encoding to copy filtered properties files.
2024-01-28 14:29:25,973 [Worker-18] INFO  o.e.m.c.i.embedder.EclipseLogger - skip non existing resourceDirectory C:\SpringBoot\Spring Boot\EmpDept\src\test\resources
2024-01-28 14:30:07,703 [Worker-23] INFO  o.e.m.c.i.embedder.EclipseLogger - Using 'UTF-8' encoding to copy filtered resources.
2024-01-28 14:30:07,703 [Worker-23] INFO  o.e.m.c.i.embedder.EclipseLogger - Using 'UTF-8' encoding to copy filtered properties files.
2024-01-28 14:30:07,704 [Worker-23] INFO  o.e.m.c.i.embedder.EclipseLogger - Copying 1 resource
2024-01-28 14:30:07,716 [Worker-23] INFO  o.e.m.c.i.embedder.EclipseLogger - Copying 0 resource
2024-01-28 14:30:07,718 [Worker-23] INFO  o.e.m.c.i.embedder.EclipseLogger - Using 'UTF-8' encoding to copy filtered resources.
2024-01-28 14:30:07,718 [Worker-23] INFO  o.e.m.c.i.embedder.EclipseLogger - Using 'UTF-8' encoding to copy filtered properties files.
2024-01-28 14:30:07,718 [Worker-23] INFO  o.e.m.c.i.embedder.EclipseLogger - skip non existing resourceDirectory C:\SpringBoot\Spring Boot\EmpDept\src\test\resources
