2024-01-19 09:35:14,844 [Worker-3] INFO  o.e.m.c.i.p.ProjectConfigurationManager - Update started
2024-01-19 09:35:18,000 [Worker-3] INFO  o.e.m.c.i.l.LifecycleMappingFactory - Using org.eclipse.m2e.jdt.JarLifecycleMapping lifecycle mapping for MavenProject: com.ts:EmpDept:0.0.1-SNAPSHOT @ C:\jdbc-and-advance-java\Spring Boot\EmpDept\pom.xml.
2024-01-19 09:35:21,177 [Worker-3] INFO  o.e.m.j.i.AbstractJavaProjectConfigurator - Adding source folder /EmpDept/src/main/java
2024-01-19 09:35:21,177 [Worker-3] INFO  o.e.m.j.i.AbstractJavaProjectConfigurator - Adding resource folder /EmpDept/src/main/resources
2024-01-19 09:35:21,188 [Worker-3] INFO  o.e.m.j.i.AbstractJavaProjectConfigurator - Adding resource folder /EmpDept/src/main/resources
2024-01-19 09:35:21,199 [Worker-3] INFO  o.e.m.j.i.AbstractJavaProjectConfigurator - Adding source folder /EmpDept/src/test/java
2024-01-19 09:35:21,900 [Worker-1] INFO  o.a.m.s.f.DefaultMavenResourcesFiltering - Copying 1 resource from src\main\resources to target\classes
2024-01-19 09:35:21,966 [Worker-1] INFO  o.a.m.s.f.DefaultMavenResourcesFiltering - Copying 0 resource from src\main\resources to target\classes
2024-01-19 09:35:21,969 [Worker-1] INFO  o.a.m.s.f.DefaultMavenResourcesFiltering - skip non existing resourceDirectory C:\jdbc-and-advance-java\Spring Boot\EmpDept\src\test\resources
2024-01-19 09:35:24,025 [Worker-3] INFO  o.e.m.c.i.p.ProjectConfigurationManager - Update completed: 9 sec
2024-01-19 09:35:24,320 [Worker-16] INFO  o.a.m.s.f.DefaultMavenResourcesFiltering - Copying 1 resource from src\main\resources to target\classes
2024-01-19 09:35:24,321 [Worker-16] INFO  o.a.m.s.f.DefaultMavenResourcesFiltering - Copying 0 resource from src\main\resources to target\classes
2024-01-19 09:35:24,323 [Worker-16] INFO  o.a.m.s.f.DefaultMavenResourcesFiltering - skip non existing resourceDirectory C:\jdbc-and-advance-java\Spring Boot\EmpDept\src\test\resources
2024-01-19 09:36:05,962 [Worker-9] INFO  o.e.m.c.i.l.LifecycleMappingFactory - Using org.eclipse.m2e.jdt.JarLifecycleMapping lifecycle mapping for MavenProject: com.ts:EmpDept:0.0.1-SNAPSHOT @ C:\jdbc-and-advance-java\Spring Boot\EmpDept\pom.xml.
2024-01-19 09:36:09,341 [Worker-9] INFO  o.e.m.c.i.embedder.EclipseLogger - Using 'UTF-8' encoding to copy filtered resources.
2024-01-19 09:36:09,342 [Worker-9] INFO  o.e.m.c.i.embedder.EclipseLogger - Using 'UTF-8' encoding to copy filtered properties files.
2024-01-19 09:36:09,344 [Worker-9] INFO  o.e.m.c.i.embedder.EclipseLogger - Copying 0 resource
2024-01-19 09:36:09,344 [Worker-9] INFO  o.e.m.c.i.embedder.EclipseLogger - Copying 0 resource
2024-01-19 09:36:09,346 [Worker-9] INFO  o.e.m.c.i.embedder.EclipseLogger - Using 'UTF-8' encoding to copy filtered resources.
2024-01-19 09:36:09,346 [Worker-9] INFO  o.e.m.c.i.embedder.EclipseLogger - Using 'UTF-8' encoding to copy filtered properties files.
2024-01-19 09:36:09,346 [Worker-9] INFO  o.e.m.c.i.embedder.EclipseLogger - skip non existing resourceDirectory C:\jdbc-and-advance-java\Spring Boot\EmpDept\src\test\resources
2024-01-19 09:36:10,871 [Worker-1] INFO  o.e.m.c.i.embedder.EclipseLogger - Using 'UTF-8' encoding to copy filtered resources.
2024-01-19 09:36:10,871 [Worker-1] INFO  o.e.m.c.i.embedder.EclipseLogger - Using 'UTF-8' encoding to copy filtered properties files.
2024-01-19 09:36:10,872 [Worker-1] INFO  o.e.m.c.i.embedder.EclipseLogger - Copying 1 resource
2024-01-19 09:36:10,882 [Worker-1] INFO  o.e.m.c.i.embedder.EclipseLogger - Copying 0 resource
2024-01-19 09:36:10,884 [Worker-1] INFO  o.e.m.c.i.embedder.EclipseLogger - Using 'UTF-8' encoding to copy filtered resources.
2024-01-19 09:36:10,884 [Worker-1] INFO  o.e.m.c.i.embedder.EclipseLogger - Using 'UTF-8' encoding to copy filtered properties files.
2024-01-19 09:36:10,884 [Worker-1] INFO  o.e.m.c.i.embedder.EclipseLogger - skip non existing resourceDirectory C:\jdbc-and-advance-java\Spring Boot\EmpDept\src\test\resources
2024-01-19 09:36:24,253 [Worker-1] INFO  o.e.m.c.i.p.ProjectConfigurationManager - Update started
2024-01-19 09:36:24,657 [Worker-1] INFO  o.e.m.c.i.l.LifecycleMappingFactory - Using org.eclipse.m2e.jdt.JarLifecycleMapping lifecycle mapping for MavenProject: com.ts:EmpDept:0.0.1-SNAPSHOT @ C:\jdbc-and-advance-java\Spring Boot\EmpDept\pom.xml.
2024-01-19 09:36:26,149 [Worker-1] INFO  o.e.m.j.i.AbstractJavaProjectConfigurator - Adding source folder /EmpDept/src/main/java
2024-01-19 09:36:26,149 [Worker-1] INFO  o.e.m.j.i.AbstractJavaProjectConfigurator - Adding resource folder /EmpDept/src/main/resources
2024-01-19 09:36:26,150 [Worker-1] INFO  o.e.m.j.i.AbstractJavaProjectConfigurator - Adding resource folder /EmpDept/src/main/resources
2024-01-19 09:36:26,150 [Worker-1] INFO  o.e.m.j.i.AbstractJavaProjectConfigurator - Adding source folder /EmpDept/src/test/java
2024-01-19 09:36:26,356 [Worker-1] INFO  o.e.m.c.i.p.ProjectConfigurationManager - Update completed: 2 sec
2024-01-19 09:36:27,204 [Worker-8] INFO  o.e.m.c.i.embedder.EclipseLogger - Using 'UTF-8' encoding to copy filtered resources.
2024-01-19 09:36:27,204 [Worker-8] INFO  o.e.m.c.i.embedder.EclipseLogger - Using 'UTF-8' encoding to copy filtered properties files.
2024-01-19 09:36:27,205 [Worker-8] INFO  o.e.m.c.i.embedder.EclipseLogger - Copying 1 resource
2024-01-19 09:36:27,221 [Worker-8] INFO  o.e.m.c.i.embedder.EclipseLogger - Copying 0 resource
2024-01-19 09:36:27,223 [Worker-8] INFO  o.e.m.c.i.embedder.EclipseLogger - Using 'UTF-8' encoding to copy filtered resources.
2024-01-19 09:36:27,223 [Worker-8] INFO  o.e.m.c.i.embedder.EclipseLogger - Using 'UTF-8' encoding to copy filtered properties files.
2024-01-19 09:36:27,224 [Worker-8] INFO  o.e.m.c.i.embedder.EclipseLogger - skip non existing resourceDirectory C:\jdbc-and-advance-java\Spring Boot\EmpDept\src\test\resources
2024-01-19 20:24:35,749 [Worker-14] INFO  o.e.m.c.i.embedder.EclipseLogger - Using 'UTF-8' encoding to copy filtered resources.
2024-01-19 20:24:35,754 [Worker-14] INFO  o.e.m.c.i.embedder.EclipseLogger - Using 'UTF-8' encoding to copy filtered properties files.
2024-01-19 20:24:35,760 [Worker-14] INFO  o.e.m.c.i.embedder.EclipseLogger - Copying 1 resource
2024-01-19 20:24:35,807 [Worker-14] INFO  o.e.m.c.i.embedder.EclipseLogger - Copying 0 resource
2024-01-19 20:24:35,811 [Worker-14] INFO  o.e.m.c.i.embedder.EclipseLogger - Using 'UTF-8' encoding to copy filtered resources.
2024-01-19 20:24:35,812 [Worker-14] INFO  o.e.m.c.i.embedder.EclipseLogger - Using 'UTF-8' encoding to copy filtered properties files.
2024-01-19 20:24:35,814 [Worker-14] INFO  o.e.m.c.i.embedder.EclipseLogger - skip non existing resourceDirectory C:\jdbc-and-advance-java\Spring Boot\EmpDept\src\test\resources
2024-01-19 20:24:42,254 [Worker-0] INFO  o.e.m.c.i.embedder.EclipseLogger - Using 'UTF-8' encoding to copy filtered resources.
2024-01-19 20:24:42,255 [Worker-0] INFO  o.e.m.c.i.embedder.EclipseLogger - Using 'UTF-8' encoding to copy filtered properties files.
2024-01-19 20:24:42,268 [Worker-0] INFO  o.e.m.c.i.embedder.EclipseLogger - Copying 1 resource
2024-01-19 20:24:42,288 [Worker-0] INFO  o.e.m.c.i.embedder.EclipseLogger - Copying 0 resource
2024-01-19 20:24:42,293 [Worker-0] INFO  o.e.m.c.i.embedder.EclipseLogger - Using 'UTF-8' encoding to copy filtered resources.
2024-01-19 20:24:42,293 [Worker-0] INFO  o.e.m.c.i.embedder.EclipseLogger - Using 'UTF-8' encoding to copy filtered properties files.
2024-01-19 20:24:42,293 [Worker-0] INFO  o.e.m.c.i.embedder.EclipseLogger - skip non existing resourceDirectory C:\jdbc-and-advance-java\Spring Boot\EmpDept\src\test\resources
2024-01-19 20:26:21,096 [Worker-5] INFO  o.e.m.c.i.embedder.EclipseLogger - Using 'UTF-8' encoding to copy filtered resources.
2024-01-19 20:26:21,096 [Worker-5] INFO  o.e.m.c.i.embedder.EclipseLogger - Using 'UTF-8' encoding to copy filtered properties files.
2024-01-19 20:26:21,097 [Worker-5] INFO  o.e.m.c.i.embedder.EclipseLogger - Copying 1 resource
2024-01-19 20:26:21,128 [Worker-5] INFO  o.e.m.c.i.embedder.EclipseLogger - Copying 0 resource
2024-01-19 20:26:21,132 [Worker-5] INFO  o.e.m.c.i.embedder.EclipseLogger - Using 'UTF-8' encoding to copy filtered resources.
2024-01-19 20:26:21,132 [Worker-5] INFO  o.e.m.c.i.embedder.EclipseLogger - Using 'UTF-8' encoding to copy filtered properties files.
2024-01-19 20:26:21,133 [Worker-5] INFO  o.e.m.c.i.embedder.EclipseLogger - skip non existing resourceDirectory C:\jdbc-and-advance-java\Spring Boot\EmpDept\src\test\resources
2024-01-19 20:26:56,110 [Worker-11] INFO  o.e.m.c.i.embedder.EclipseLogger - Using 'UTF-8' encoding to copy filtered resources.
2024-01-19 20:26:56,111 [Worker-11] INFO  o.e.m.c.i.embedder.EclipseLogger - Using 'UTF-8' encoding to copy filtered properties files.
2024-01-19 20:26:56,112 [Worker-11] INFO  o.e.m.c.i.embedder.EclipseLogger - Copying 1 resource
2024-01-19 20:26:56,133 [Worker-11] INFO  o.e.m.c.i.embedder.EclipseLogger - Copying 0 resource
2024-01-19 20:26:56,136 [Worker-11] INFO  o.e.m.c.i.embedder.EclipseLogger - Using 'UTF-8' encoding to copy filtered resources.
2024-01-19 20:26:56,137 [Worker-11] INFO  o.e.m.c.i.embedder.EclipseLogger - Using 'UTF-8' encoding to copy filtered properties files.
2024-01-19 20:26:56,137 [Worker-11] INFO  o.e.m.c.i.embedder.EclipseLogger - skip non existing resourceDirectory C:\jdbc-and-advance-java\Spring Boot\EmpDept\src\test\resources
2024-01-19 20:27:21,214 [Worker-18] INFO  o.e.m.c.i.embedder.EclipseLogger - Using 'UTF-8' encoding to copy filtered resources.
2024-01-19 20:27:21,214 [Worker-18] INFO  o.e.m.c.i.embedder.EclipseLogger - Using 'UTF-8' encoding to copy filtered properties files.
2024-01-19 20:27:21,215 [Worker-18] INFO  o.e.m.c.i.embedder.EclipseLogger - Copying 1 resource
2024-01-19 20:27:21,228 [Worker-18] INFO  o.e.m.c.i.embedder.EclipseLogger - Copying 0 resource
2024-01-19 20:27:21,231 [Worker-18] INFO  o.e.m.c.i.embedder.EclipseLogger - Using 'UTF-8' encoding to copy filtered resources.
2024-01-19 20:27:21,231 [Worker-18] INFO  o.e.m.c.i.embedder.EclipseLogger - Using 'UTF-8' encoding to copy filtered properties files.
2024-01-19 20:27:21,231 [Worker-18] INFO  o.e.m.c.i.embedder.EclipseLogger - skip non existing resourceDirectory C:\jdbc-and-advance-java\Spring Boot\EmpDept\src\test\resources
2024-01-19 20:27:36,496 [Worker-14] INFO  o.e.m.c.i.embedder.EclipseLogger - Using 'UTF-8' encoding to copy filtered resources.
2024-01-19 20:27:36,497 [Worker-14] INFO  o.e.m.c.i.embedder.EclipseLogger - Using 'UTF-8' encoding to copy filtered properties files.
2024-01-19 20:27:36,497 [Worker-14] INFO  o.e.m.c.i.embedder.EclipseLogger - Copying 1 resource
2024-01-19 20:27:36,518 [Worker-14] INFO  o.e.m.c.i.embedder.EclipseLogger - Copying 0 resource
2024-01-19 20:27:36,520 [Worker-14] INFO  o.e.m.c.i.embedder.EclipseLogger - Using 'UTF-8' encoding to copy filtered resources.
2024-01-19 20:27:36,521 [Worker-14] INFO  o.e.m.c.i.embedder.EclipseLogger - Using 'UTF-8' encoding to copy filtered properties files.
2024-01-19 20:27:36,521 [Worker-14] INFO  o.e.m.c.i.embedder.EclipseLogger - skip non existing resourceDirectory C:\jdbc-and-advance-java\Spring Boot\EmpDept\src\test\resources
2024-01-19 20:28:02,626 [Worker-5] INFO  o.e.m.c.i.embedder.EclipseLogger - Using 'UTF-8' encoding to copy filtered resources.
2024-01-19 20:28:02,627 [Worker-5] INFO  o.e.m.c.i.embedder.EclipseLogger - Using 'UTF-8' encoding to copy filtered properties files.
2024-01-19 20:28:02,627 [Worker-5] INFO  o.e.m.c.i.embedder.EclipseLogger - Copying 1 resource
2024-01-19 20:28:02,638 [Worker-5] INFO  o.e.m.c.i.embedder.EclipseLogger - Copying 0 resource
2024-01-19 20:28:02,640 [Worker-5] INFO  o.e.m.c.i.embedder.EclipseLogger - Using 'UTF-8' encoding to copy filtered resources.
2024-01-19 20:28:02,640 [Worker-5] INFO  o.e.m.c.i.embedder.EclipseLogger - Using 'UTF-8' encoding to copy filtered properties files.
2024-01-19 20:28:02,641 [Worker-5] INFO  o.e.m.c.i.embedder.EclipseLogger - skip non existing resourceDirectory C:\jdbc-and-advance-java\Spring Boot\EmpDept\src\test\resources
2024-01-19 20:31:11,815 [Worker-18] INFO  o.e.m.c.i.embedder.EclipseLogger - Using 'UTF-8' encoding to copy filtered resources.
2024-01-19 20:31:11,815 [Worker-18] INFO  o.e.m.c.i.embedder.EclipseLogger - Using 'UTF-8' encoding to copy filtered properties files.
2024-01-19 20:31:11,816 [Worker-18] INFO  o.e.m.c.i.embedder.EclipseLogger - Copying 1 resource
2024-01-19 20:31:11,837 [Worker-18] INFO  o.e.m.c.i.embedder.EclipseLogger - Copying 0 resource
2024-01-19 20:31:11,842 [Worker-18] INFO  o.e.m.c.i.embedder.EclipseLogger - Using 'UTF-8' encoding to copy filtered resources.
2024-01-19 20:31:11,842 [Worker-18] INFO  o.e.m.c.i.embedder.EclipseLogger - Using 'UTF-8' encoding to copy filtered properties files.
2024-01-19 20:31:11,842 [Worker-18] INFO  o.e.m.c.i.embedder.EclipseLogger - skip non existing resourceDirectory C:\jdbc-and-advance-java\Spring Boot\EmpDept\src\test\resources
2024-01-19 20:31:54,150 [Worker-24] INFO  o.e.m.c.i.embedder.EclipseLogger - Using 'UTF-8' encoding to copy filtered resources.
2024-01-19 20:31:54,150 [Worker-24] INFO  o.e.m.c.i.embedder.EclipseLogger - Using 'UTF-8' encoding to copy filtered properties files.
2024-01-19 20:31:54,151 [Worker-24] INFO  o.e.m.c.i.embedder.EclipseLogger - Copying 1 resource
2024-01-19 20:31:54,164 [Worker-24] INFO  o.e.m.c.i.embedder.EclipseLogger - Copying 0 resource
2024-01-19 20:31:54,166 [Worker-24] INFO  o.e.m.c.i.embedder.EclipseLogger - Using 'UTF-8' encoding to copy filtered resources.
2024-01-19 20:31:54,166 [Worker-24] INFO  o.e.m.c.i.embedder.EclipseLogger - Using 'UTF-8' encoding to copy filtered properties files.
2024-01-19 20:31:54,166 [Worker-24] INFO  o.e.m.c.i.embedder.EclipseLogger - skip non existing resourceDirectory C:\jdbc-and-advance-java\Spring Boot\EmpDept\src\test\resources
2024-01-19 20:35:15,534 [Worker-22] INFO  o.e.m.c.i.embedder.EclipseLogger - Using 'UTF-8' encoding to copy filtered resources.
2024-01-19 20:35:15,535 [Worker-22] INFO  o.e.m.c.i.embedder.EclipseLogger - Using 'UTF-8' encoding to copy filtered properties files.
2024-01-19 20:35:15,536 [Worker-22] INFO  o.e.m.c.i.embedder.EclipseLogger - Copying 1 resource
2024-01-19 20:35:15,562 [Worker-22] INFO  o.e.m.c.i.embedder.EclipseLogger - Copying 0 resource
2024-01-19 20:35:15,566 [Worker-22] INFO  o.e.m.c.i.embedder.EclipseLogger - Using 'UTF-8' encoding to copy filtered resources.
2024-01-19 20:35:15,567 [Worker-22] INFO  o.e.m.c.i.embedder.EclipseLogger - Using 'UTF-8' encoding to copy filtered properties files.
2024-01-19 20:35:15,567 [Worker-22] INFO  o.e.m.c.i.embedder.EclipseLogger - skip non existing resourceDirectory C:\jdbc-and-advance-java\Spring Boot\EmpDept\src\test\resources
2024-01-19 20:35:49,455 [Worker-22] INFO  o.e.m.c.i.embedder.EclipseLogger - Using 'UTF-8' encoding to copy filtered resources.
2024-01-19 20:35:49,456 [Worker-22] INFO  o.e.m.c.i.embedder.EclipseLogger - Using 'UTF-8' encoding to copy filtered properties files.
2024-01-19 20:35:49,457 [Worker-22] INFO  o.e.m.c.i.embedder.EclipseLogger - Copying 1 resource
2024-01-19 20:35:49,468 [Worker-22] INFO  o.e.m.c.i.embedder.EclipseLogger - Copying 0 resource
2024-01-19 20:35:49,471 [Worker-22] INFO  o.e.m.c.i.embedder.EclipseLogger - Using 'UTF-8' encoding to copy filtered resources.
2024-01-19 20:35:49,471 [Worker-22] INFO  o.e.m.c.i.embedder.EclipseLogger - Using 'UTF-8' encoding to copy filtered properties files.
2024-01-19 20:35:49,472 [Worker-22] INFO  o.e.m.c.i.embedder.EclipseLogger - skip non existing resourceDirectory C:\jdbc-and-advance-java\Spring Boot\EmpDept\src\test\resources
2024-01-19 20:37:02,141 [Worker-27] INFO  o.e.m.c.i.embedder.EclipseLogger - Using 'UTF-8' encoding to copy filtered resources.
2024-01-19 20:37:02,141 [Worker-27] INFO  o.e.m.c.i.embedder.EclipseLogger - Using 'UTF-8' encoding to copy filtered properties files.
2024-01-19 20:37:02,142 [Worker-27] INFO  o.e.m.c.i.embedder.EclipseLogger - Copying 1 resource
2024-01-19 20:37:02,157 [Worker-27] INFO  o.e.m.c.i.embedder.EclipseLogger - Copying 0 resource
2024-01-19 20:37:02,161 [Worker-27] INFO  o.e.m.c.i.embedder.EclipseLogger - Using 'UTF-8' encoding to copy filtered resources.
2024-01-19 20:37:02,161 [Worker-27] INFO  o.e.m.c.i.embedder.EclipseLogger - Using 'UTF-8' encoding to copy filtered properties files.
2024-01-19 20:37:02,161 [Worker-27] INFO  o.e.m.c.i.embedder.EclipseLogger - skip non existing resourceDirectory C:\jdbc-and-advance-java\Spring Boot\EmpDept\src\test\resources
2024-01-19 20:39:02,949 [Worker-28] INFO  o.e.m.c.i.embedder.EclipseLogger - Using 'UTF-8' encoding to copy filtered resources.
2024-01-19 20:39:02,949 [Worker-28] INFO  o.e.m.c.i.embedder.EclipseLogger - Using 'UTF-8' encoding to copy filtered properties files.
2024-01-19 20:39:02,950 [Worker-28] INFO  o.e.m.c.i.embedder.EclipseLogger - Copying 1 resource
2024-01-19 20:39:02,960 [Worker-28] INFO  o.e.m.c.i.embedder.EclipseLogger - Copying 0 resource
2024-01-19 20:39:02,962 [Worker-28] INFO  o.e.m.c.i.embedder.EclipseLogger - Using 'UTF-8' encoding to copy filtered resources.
2024-01-19 20:39:02,962 [Worker-28] INFO  o.e.m.c.i.embedder.EclipseLogger - Using 'UTF-8' encoding to copy filtered properties files.
2024-01-19 20:39:02,963 [Worker-28] INFO  o.e.m.c.i.embedder.EclipseLogger - skip non existing resourceDirectory C:\jdbc-and-advance-java\Spring Boot\EmpDept\src\test\resources
2024-01-19 20:39:25,422 [Worker-25] INFO  o.e.m.c.i.embedder.EclipseLogger - Using 'UTF-8' encoding to copy filtered resources.
2024-01-19 20:39:25,422 [Worker-25] INFO  o.e.m.c.i.embedder.EclipseLogger - Using 'UTF-8' encoding to copy filtered properties files.
2024-01-19 20:39:25,423 [Worker-25] INFO  o.e.m.c.i.embedder.EclipseLogger - Copying 1 resource
2024-01-19 20:39:25,444 [Worker-25] INFO  o.e.m.c.i.embedder.EclipseLogger - Copying 0 resource
2024-01-19 20:39:25,447 [Worker-25] INFO  o.e.m.c.i.embedder.EclipseLogger - Using 'UTF-8' encoding to copy filtered resources.
2024-01-19 20:39:25,447 [Worker-25] INFO  o.e.m.c.i.embedder.EclipseLogger - Using 'UTF-8' encoding to copy filtered properties files.
2024-01-19 20:39:25,447 [Worker-25] INFO  o.e.m.c.i.embedder.EclipseLogger - skip non existing resourceDirectory C:\jdbc-and-advance-java\Spring Boot\EmpDept\src\test\resources
2024-01-19 20:39:46,115 [Worker-17] INFO  o.e.m.c.i.embedder.EclipseLogger - Using 'UTF-8' encoding to copy filtered resources.
2024-01-19 20:39:46,115 [Worker-17] INFO  o.e.m.c.i.embedder.EclipseLogger - Using 'UTF-8' encoding to copy filtered properties files.
2024-01-19 20:39:46,116 [Worker-17] INFO  o.e.m.c.i.embedder.EclipseLogger - Copying 1 resource
2024-01-19 20:39:46,126 [Worker-17] INFO  o.e.m.c.i.embedder.EclipseLogger - Copying 0 resource
2024-01-19 20:39:46,128 [Worker-17] INFO  o.e.m.c.i.embedder.EclipseLogger - Using 'UTF-8' encoding to copy filtered resources.
2024-01-19 20:39:46,128 [Worker-17] INFO  o.e.m.c.i.embedder.EclipseLogger - Using 'UTF-8' encoding to copy filtered properties files.
2024-01-19 20:39:46,128 [Worker-17] INFO  o.e.m.c.i.embedder.EclipseLogger - skip non existing resourceDirectory C:\jdbc-and-advance-java\Spring Boot\EmpDept\src\test\resources
2024-01-19 20:40:47,037 [Worker-28] INFO  o.e.m.c.i.embedder.EclipseLogger - Using 'UTF-8' encoding to copy filtered resources.
2024-01-19 20:40:47,038 [Worker-28] INFO  o.e.m.c.i.embedder.EclipseLogger - Using 'UTF-8' encoding to copy filtered properties files.
2024-01-19 20:40:47,038 [Worker-28] INFO  o.e.m.c.i.embedder.EclipseLogger - Copying 1 resource
2024-01-19 20:40:47,048 [Worker-28] INFO  o.e.m.c.i.embedder.EclipseLogger - Copying 0 resource
2024-01-19 20:40:47,051 [Worker-28] INFO  o.e.m.c.i.embedder.EclipseLogger - Using 'UTF-8' encoding to copy filtered resources.
2024-01-19 20:40:47,051 [Worker-28] INFO  o.e.m.c.i.embedder.EclipseLogger - Using 'UTF-8' encoding to copy filtered properties files.
2024-01-19 20:40:47,051 [Worker-28] INFO  o.e.m.c.i.embedder.EclipseLogger - skip non existing resourceDirectory C:\jdbc-and-advance-java\Spring Boot\EmpDept\src\test\resources
2024-01-19 20:41:28,182 [Worker-22] INFO  o.e.m.c.i.embedder.EclipseLogger - Using 'UTF-8' encoding to copy filtered resources.
2024-01-19 20:41:28,182 [Worker-22] INFO  o.e.m.c.i.embedder.EclipseLogger - Using 'UTF-8' encoding to copy filtered properties files.
2024-01-19 20:41:28,182 [Worker-22] INFO  o.e.m.c.i.embedder.EclipseLogger - Copying 1 resource
2024-01-19 20:41:28,210 [Worker-22] INFO  o.e.m.c.i.embedder.EclipseLogger - Copying 0 resource
2024-01-19 20:41:28,213 [Worker-22] INFO  o.e.m.c.i.embedder.EclipseLogger - Using 'UTF-8' encoding to copy filtered resources.
2024-01-19 20:41:28,214 [Worker-22] INFO  o.e.m.c.i.embedder.EclipseLogger - Using 'UTF-8' encoding to copy filtered properties files.
2024-01-19 20:41:28,214 [Worker-22] INFO  o.e.m.c.i.embedder.EclipseLogger - skip non existing resourceDirectory C:\jdbc-and-advance-java\Spring Boot\EmpDept\src\test\resources
2024-01-19 20:42:19,326 [Worker-22] INFO  o.e.m.c.i.embedder.EclipseLogger - Using 'UTF-8' encoding to copy filtered resources.
2024-01-19 20:42:19,327 [Worker-22] INFO  o.e.m.c.i.embedder.EclipseLogger - Using 'UTF-8' encoding to copy filtered properties files.
2024-01-19 20:42:19,328 [Worker-22] INFO  o.e.m.c.i.embedder.EclipseLogger - Copying 1 resource
2024-01-19 20:42:19,350 [Worker-22] INFO  o.e.m.c.i.embedder.EclipseLogger - Copying 0 resource
2024-01-19 20:42:19,353 [Worker-22] INFO  o.e.m.c.i.embedder.EclipseLogger - Using 'UTF-8' encoding to copy filtered resources.
2024-01-19 20:42:19,354 [Worker-22] INFO  o.e.m.c.i.embedder.EclipseLogger - Using 'UTF-8' encoding to copy filtered properties files.
2024-01-19 20:42:19,354 [Worker-22] INFO  o.e.m.c.i.embedder.EclipseLogger - skip non existing resourceDirectory C:\jdbc-and-advance-java\Spring Boot\EmpDept\src\test\resources
2024-01-19 20:42:44,399 [Worker-32] INFO  o.e.m.c.i.embedder.EclipseLogger - Using 'UTF-8' encoding to copy filtered resources.
2024-01-19 20:42:44,399 [Worker-32] INFO  o.e.m.c.i.embedder.EclipseLogger - Using 'UTF-8' encoding to copy filtered properties files.
2024-01-19 20:42:44,400 [Worker-32] INFO  o.e.m.c.i.embedder.EclipseLogger - Copying 1 resource
2024-01-19 20:42:44,411 [Worker-32] INFO  o.e.m.c.i.embedder.EclipseLogger - Copying 0 resource
2024-01-19 20:42:44,414 [Worker-32] INFO  o.e.m.c.i.embedder.EclipseLogger - Using 'UTF-8' encoding to copy filtered resources.
2024-01-19 20:42:44,414 [Worker-32] INFO  o.e.m.c.i.embedder.EclipseLogger - Using 'UTF-8' encoding to copy filtered properties files.
2024-01-19 20:42:44,414 [Worker-32] INFO  o.e.m.c.i.embedder.EclipseLogger - skip non existing resourceDirectory C:\jdbc-and-advance-java\Spring Boot\EmpDept\src\test\resources
2024-01-19 20:43:15,953 [Worker-28] INFO  o.e.m.c.i.embedder.EclipseLogger - Using 'UTF-8' encoding to copy filtered resources.
2024-01-19 20:43:15,953 [Worker-28] INFO  o.e.m.c.i.embedder.EclipseLogger - Using 'UTF-8' encoding to copy filtered properties files.
2024-01-19 20:43:15,953 [Worker-28] INFO  o.e.m.c.i.embedder.EclipseLogger - Copying 1 resource
2024-01-19 20:43:15,965 [Worker-28] INFO  o.e.m.c.i.embedder.EclipseLogger - Copying 0 resource
2024-01-19 20:43:15,966 [Worker-28] INFO  o.e.m.c.i.embedder.EclipseLogger - Using 'UTF-8' encoding to copy filtered resources.
2024-01-19 20:43:15,966 [Worker-28] INFO  o.e.m.c.i.embedder.EclipseLogger - Using 'UTF-8' encoding to copy filtered properties files.
2024-01-19 20:43:15,966 [Worker-28] INFO  o.e.m.c.i.embedder.EclipseLogger - skip non existing resourceDirectory C:\jdbc-and-advance-java\Spring Boot\EmpDept\src\test\resources
2024-01-19 20:44:27,285 [Worker-32] INFO  o.e.m.c.i.embedder.EclipseLogger - Using 'UTF-8' encoding to copy filtered resources.
2024-01-19 20:44:27,285 [Worker-32] INFO  o.e.m.c.i.embedder.EclipseLogger - Using 'UTF-8' encoding to copy filtered properties files.
2024-01-19 20:44:27,286 [Worker-32] INFO  o.e.m.c.i.embedder.EclipseLogger - Copying 1 resource
2024-01-19 20:44:27,296 [Worker-32] INFO  o.e.m.c.i.embedder.EclipseLogger - Copying 0 resource
2024-01-19 20:44:27,297 [Worker-32] INFO  o.e.m.c.i.embedder.EclipseLogger - Using 'UTF-8' encoding to copy filtered resources.
2024-01-19 20:44:27,298 [Worker-32] INFO  o.e.m.c.i.embedder.EclipseLogger - Using 'UTF-8' encoding to copy filtered properties files.
2024-01-19 20:44:27,298 [Worker-32] INFO  o.e.m.c.i.embedder.EclipseLogger - skip non existing resourceDirectory C:\jdbc-and-advance-java\Spring Boot\EmpDept\src\test\resources
2024-01-19 20:44:49,253 [Worker-31] INFO  o.e.m.c.i.embedder.EclipseLogger - Using 'UTF-8' encoding to copy filtered resources.
2024-01-19 20:44:49,254 [Worker-31] INFO  o.e.m.c.i.embedder.EclipseLogger - Using 'UTF-8' encoding to copy filtered properties files.
2024-01-19 20:44:49,254 [Worker-31] INFO  o.e.m.c.i.embedder.EclipseLogger - Copying 1 resource
2024-01-19 20:44:49,274 [Worker-31] INFO  o.e.m.c.i.embedder.EclipseLogger - Copying 0 resource
2024-01-19 20:44:49,276 [Worker-31] INFO  o.e.m.c.i.embedder.EclipseLogger - Using 'UTF-8' encoding to copy filtered resources.
2024-01-19 20:44:49,276 [Worker-31] INFO  o.e.m.c.i.embedder.EclipseLogger - Using 'UTF-8' encoding to copy filtered properties files.
2024-01-19 20:44:49,276 [Worker-31] INFO  o.e.m.c.i.embedder.EclipseLogger - skip non existing resourceDirectory C:\jdbc-and-advance-java\Spring Boot\EmpDept\src\test\resources
2024-01-19 21:24:58,499 [Worker-13] INFO  o.e.m.c.i.embedder.EclipseLogger - Using 'UTF-8' encoding to copy filtered resources.
2024-01-19 21:24:58,503 [Worker-13] INFO  o.e.m.c.i.embedder.EclipseLogger - Using 'UTF-8' encoding to copy filtered properties files.
2024-01-19 21:24:58,511 [Worker-13] INFO  o.e.m.c.i.embedder.EclipseLogger - Copying 1 resource
2024-01-19 21:24:58,565 [Worker-13] INFO  o.e.m.c.i.embedder.EclipseLogger - Copying 0 resource
2024-01-19 21:24:58,571 [Worker-13] INFO  o.e.m.c.i.embedder.EclipseLogger - Using 'UTF-8' encoding to copy filtered resources.
2024-01-19 21:24:58,571 [Worker-13] INFO  o.e.m.c.i.embedder.EclipseLogger - Using 'UTF-8' encoding to copy filtered properties files.
2024-01-19 21:24:58,571 [Worker-13] INFO  o.e.m.c.i.embedder.EclipseLogger - skip non existing resourceDirectory C:\jdbc-and-advance-java\Spring Boot\EmpDept\src\test\resources
2024-01-19 21:26:35,670 [Worker-17] INFO  o.e.m.c.i.embedder.EclipseLogger - Using 'UTF-8' encoding to copy filtered resources.
2024-01-19 21:26:35,670 [Worker-17] INFO  o.e.m.c.i.embedder.EclipseLogger - Using 'UTF-8' encoding to copy filtered properties files.
2024-01-19 21:26:35,672 [Worker-17] INFO  o.e.m.c.i.embedder.EclipseLogger - Copying 1 resource
2024-01-19 21:26:35,700 [Worker-17] INFO  o.e.m.c.i.embedder.EclipseLogger - Copying 0 resource
2024-01-19 21:26:35,702 [Worker-17] INFO  o.e.m.c.i.embedder.EclipseLogger - Using 'UTF-8' encoding to copy filtered resources.
2024-01-19 21:26:35,703 [Worker-17] INFO  o.e.m.c.i.embedder.EclipseLogger - Using 'UTF-8' encoding to copy filtered properties files.
2024-01-19 21:26:35,703 [Worker-17] INFO  o.e.m.c.i.embedder.EclipseLogger - skip non existing resourceDirectory C:\jdbc-and-advance-java\Spring Boot\EmpDept\src\test\resources
2024-01-22 09:44:39,650 [Worker-24] INFO  o.e.m.c.i.embedder.EclipseLogger - Using 'UTF-8' encoding to copy filtered resources.
2024-01-22 09:44:39,655 [Worker-24] INFO  o.e.m.c.i.embedder.EclipseLogger - Using 'UTF-8' encoding to copy filtered properties files.
2024-01-22 09:44:39,661 [Worker-24] INFO  o.e.m.c.i.embedder.EclipseLogger - Copying 1 resource
2024-01-22 09:44:39,721 [Worker-24] INFO  o.e.m.c.i.embedder.EclipseLogger - Copying 0 resource
2024-01-22 09:44:39,725 [Worker-24] INFO  o.e.m.c.i.embedder.EclipseLogger - Using 'UTF-8' encoding to copy filtered resources.
2024-01-22 09:44:39,725 [Worker-24] INFO  o.e.m.c.i.embedder.EclipseLogger - Using 'UTF-8' encoding to copy filtered properties files.
2024-01-22 09:44:39,725 [Worker-24] INFO  o.e.m.c.i.embedder.EclipseLogger - skip non existing resourceDirectory C:\jdbc-and-advance-java\Spring Boot\EmpDept\src\test\resources
2024-01-22 10:20:42,582 [Worker-45] INFO  o.e.m.c.i.embedder.EclipseLogger - Using 'UTF-8' encoding to copy filtered resources.
2024-01-22 10:20:42,582 [Worker-45] INFO  o.e.m.c.i.embedder.EclipseLogger - Using 'UTF-8' encoding to copy filtered properties files.
2024-01-22 10:20:42,586 [Worker-45] INFO  o.e.m.c.i.embedder.EclipseLogger - Copying 1 resource
2024-01-22 10:20:42,614 [Worker-45] INFO  o.e.m.c.i.embedder.EclipseLogger - Copying 0 resource
2024-01-22 10:20:42,618 [Worker-45] INFO  o.e.m.c.i.embedder.EclipseLogger - Using 'UTF-8' encoding to copy filtered resources.
2024-01-22 10:20:42,618 [Worker-45] INFO  o.e.m.c.i.embedder.EclipseLogger - Using 'UTF-8' encoding to copy filtered properties files.
2024-01-22 10:20:42,618 [Worker-45] INFO  o.e.m.c.i.embedder.EclipseLogger - skip non existing resourceDirectory C:\jdbc-and-advance-java\Spring Boot\EmpDept\src\test\resources
2024-01-22 10:21:02,563 [Worker-45] INFO  o.e.m.c.i.embedder.EclipseLogger - Using 'UTF-8' encoding to copy filtered resources.
2024-01-22 10:21:02,564 [Worker-45] INFO  o.e.m.c.i.embedder.EclipseLogger - Using 'UTF-8' encoding to copy filtered properties files.
2024-01-22 10:21:02,564 [Worker-45] INFO  o.e.m.c.i.embedder.EclipseLogger - Copying 1 resource
2024-01-22 10:21:02,581 [Worker-45] INFO  o.e.m.c.i.embedder.EclipseLogger - Copying 0 resource
2024-01-22 10:21:02,583 [Worker-45] INFO  o.e.m.c.i.embedder.EclipseLogger - Using 'UTF-8' encoding to copy filtered resources.
2024-01-22 10:21:02,583 [Worker-45] INFO  o.e.m.c.i.embedder.EclipseLogger - Using 'UTF-8' encoding to copy filtered properties files.
2024-01-22 10:21:02,583 [Worker-45] INFO  o.e.m.c.i.embedder.EclipseLogger - skip non existing resourceDirectory C:\jdbc-and-advance-java\Spring Boot\EmpDept\src\test\resources
2024-01-22 10:25:08,864 [Worker-47] INFO  o.e.m.c.i.embedder.EclipseLogger - Using 'UTF-8' encoding to copy filtered resources.
2024-01-22 10:25:08,865 [Worker-47] INFO  o.e.m.c.i.embedder.EclipseLogger - Using 'UTF-8' encoding to copy filtered properties files.
2024-01-22 10:25:08,866 [Worker-47] INFO  o.e.m.c.i.embedder.EclipseLogger - Copying 1 resource
2024-01-22 10:25:08,895 [Worker-47] INFO  o.e.m.c.i.embedder.EclipseLogger - Copying 0 resource
2024-01-22 10:25:08,897 [Worker-47] INFO  o.e.m.c.i.embedder.EclipseLogger - Using 'UTF-8' encoding to copy filtered resources.
2024-01-22 10:25:08,897 [Worker-47] INFO  o.e.m.c.i.embedder.EclipseLogger - Using 'UTF-8' encoding to copy filtered properties files.
2024-01-22 10:25:08,898 [Worker-47] INFO  o.e.m.c.i.embedder.EclipseLogger - skip non existing resourceDirectory C:\jdbc-and-advance-java\Spring Boot\EmpDept\src\test\resources
2024-01-22 11:08:34,412 [Worker-66] INFO  o.e.m.c.i.embedder.EclipseLogger - Using 'UTF-8' encoding to copy filtered resources.
2024-01-22 11:08:34,413 [Worker-66] INFO  o.e.m.c.i.embedder.EclipseLogger - Using 'UTF-8' encoding to copy filtered properties files.
2024-01-22 11:08:34,414 [Worker-66] INFO  o.e.m.c.i.embedder.EclipseLogger - Copying 1 resource
2024-01-22 11:08:34,457 [Worker-66] INFO  o.e.m.c.i.embedder.EclipseLogger - Copying 0 resource
2024-01-22 11:08:34,460 [Worker-66] INFO  o.e.m.c.i.embedder.EclipseLogger - Using 'UTF-8' encoding to copy filtered resources.
2024-01-22 11:08:34,461 [Worker-66] INFO  o.e.m.c.i.embedder.EclipseLogger - Using 'UTF-8' encoding to copy filtered properties files.
2024-01-22 11:08:34,461 [Worker-66] INFO  o.e.m.c.i.embedder.EclipseLogger - skip non existing resourceDirectory C:\jdbc-and-advance-java\Spring Boot\EmpDept\src\test\resources
2024-01-22 11:08:58,133 [Worker-67] INFO  o.e.m.c.i.embedder.EclipseLogger - Using 'UTF-8' encoding to copy filtered resources.
2024-01-22 11:08:58,134 [Worker-67] INFO  o.e.m.c.i.embedder.EclipseLogger - Using 'UTF-8' encoding to copy filtered properties files.
2024-01-22 11:08:58,134 [Worker-67] INFO  o.e.m.c.i.embedder.EclipseLogger - Copying 1 resource
2024-01-22 11:08:58,188 [Worker-67] INFO  o.e.m.c.i.embedder.EclipseLogger - Copying 0 resource
2024-01-22 11:08:58,190 [Worker-67] INFO  o.e.m.c.i.embedder.EclipseLogger - Using 'UTF-8' encoding to copy filtered resources.
2024-01-22 11:08:58,190 [Worker-67] INFO  o.e.m.c.i.embedder.EclipseLogger - Using 'UTF-8' encoding to copy filtered properties files.
2024-01-22 11:08:58,190 [Worker-67] INFO  o.e.m.c.i.embedder.EclipseLogger - skip non existing resourceDirectory C:\jdbc-and-advance-java\Spring Boot\EmpDept\src\test\resources
2024-01-22 11:09:41,229 [Worker-68] INFO  o.e.m.c.i.embedder.EclipseLogger - Using 'UTF-8' encoding to copy filtered resources.
2024-01-22 11:09:41,229 [Worker-68] INFO  o.e.m.c.i.embedder.EclipseLogger - Using 'UTF-8' encoding to copy filtered properties files.
2024-01-22 11:09:41,230 [Worker-68] INFO  o.e.m.c.i.embedder.EclipseLogger - Copying 1 resource
2024-01-22 11:09:41,250 [Worker-68] INFO  o.e.m.c.i.embedder.EclipseLogger - Copying 0 resource
2024-01-22 11:09:41,252 [Worker-68] INFO  o.e.m.c.i.embedder.EclipseLogger - Using 'UTF-8' encoding to copy filtered resources.
2024-01-22 11:09:41,252 [Worker-68] INFO  o.e.m.c.i.embedder.EclipseLogger - Using 'UTF-8' encoding to copy filtered properties files.
2024-01-22 11:09:41,252 [Worker-68] INFO  o.e.m.c.i.embedder.EclipseLogger - skip non existing resourceDirectory C:\jdbc-and-advance-java\Spring Boot\EmpDept\src\test\resources
2024-01-22 11:12:11,158 [Worker-70] INFO  o.e.m.c.i.embedder.EclipseLogger - Using 'UTF-8' encoding to copy filtered resources.
2024-01-22 11:12:11,158 [Worker-70] INFO  o.e.m.c.i.embedder.EclipseLogger - Using 'UTF-8' encoding to copy filtered properties files.
2024-01-22 11:12:11,159 [Worker-70] INFO  o.e.m.c.i.embedder.EclipseLogger - Copying 1 resource
2024-01-22 11:12:11,181 [Worker-70] INFO  o.e.m.c.i.embedder.EclipseLogger - Copying 0 resource
2024-01-22 11:12:11,186 [Worker-70] INFO  o.e.m.c.i.embedder.EclipseLogger - Using 'UTF-8' encoding to copy filtered resources.
2024-01-22 11:12:11,186 [Worker-70] INFO  o.e.m.c.i.embedder.EclipseLogger - Using 'UTF-8' encoding to copy filtered properties files.
2024-01-22 11:12:11,186 [Worker-70] INFO  o.e.m.c.i.embedder.EclipseLogger - skip non existing resourceDirectory C:\jdbc-and-advance-java\Spring Boot\EmpDept\src\test\resources
2024-01-22 11:12:15,145 [Worker-73] INFO  o.e.m.c.i.embedder.EclipseLogger - Using 'UTF-8' encoding to copy filtered resources.
2024-01-22 11:12:15,145 [Worker-73] INFO  o.e.m.c.i.embedder.EclipseLogger - Using 'UTF-8' encoding to copy filtered properties files.
2024-01-22 11:12:15,146 [Worker-73] INFO  o.e.m.c.i.embedder.EclipseLogger - Copying 1 resource
2024-01-22 11:12:15,157 [Worker-73] INFO  o.e.m.c.i.embedder.EclipseLogger - Copying 0 resource
2024-01-22 11:12:15,159 [Worker-73] INFO  o.e.m.c.i.embedder.EclipseLogger - Using 'UTF-8' encoding to copy filtered resources.
2024-01-22 11:12:15,159 [Worker-73] INFO  o.e.m.c.i.embedder.EclipseLogger - Using 'UTF-8' encoding to copy filtered properties files.
2024-01-22 11:12:15,159 [Worker-73] INFO  o.e.m.c.i.embedder.EclipseLogger - skip non existing resourceDirectory C:\jdbc-and-advance-java\Spring Boot\EmpDept\src\test\resources
2024-01-22 11:13:11,713 [Worker-74] INFO  o.e.m.c.i.embedder.EclipseLogger - Using 'UTF-8' encoding to copy filtered resources.
2024-01-22 11:13:11,713 [Worker-74] INFO  o.e.m.c.i.embedder.EclipseLogger - Using 'UTF-8' encoding to copy filtered properties files.
2024-01-22 11:13:11,714 [Worker-74] INFO  o.e.m.c.i.embedder.EclipseLogger - Copying 1 resource
2024-01-22 11:13:11,738 [Worker-74] INFO  o.e.m.c.i.embedder.EclipseLogger - Copying 0 resource
2024-01-22 11:13:11,740 [Worker-74] INFO  o.e.m.c.i.embedder.EclipseLogger - Using 'UTF-8' encoding to copy filtered resources.
2024-01-22 11:13:11,741 [Worker-74] INFO  o.e.m.c.i.embedder.EclipseLogger - Using 'UTF-8' encoding to copy filtered properties files.
2024-01-22 11:13:11,741 [Worker-74] INFO  o.e.m.c.i.embedder.EclipseLogger - skip non existing resourceDirectory C:\jdbc-and-advance-java\Spring Boot\EmpDept\src\test\resources
2024-01-22 11:13:56,990 [Worker-68] INFO  o.e.m.c.i.embedder.EclipseLogger - Using 'UTF-8' encoding to copy filtered resources.
2024-01-22 11:13:56,990 [Worker-68] INFO  o.e.m.c.i.embedder.EclipseLogger - Using 'UTF-8' encoding to copy filtered properties files.
2024-01-22 11:13:56,992 [Worker-68] INFO  o.e.m.c.i.embedder.EclipseLogger - Copying 1 resource
2024-01-22 11:13:57,001 [Worker-68] INFO  o.e.m.c.i.embedder.EclipseLogger - Copying 0 resource
2024-01-22 11:13:57,004 [Worker-68] INFO  o.e.m.c.i.embedder.EclipseLogger - Using 'UTF-8' encoding to copy filtered resources.
2024-01-22 11:13:57,004 [Worker-68] INFO  o.e.m.c.i.embedder.EclipseLogger - Using 'UTF-8' encoding to copy filtered properties files.
2024-01-22 11:13:57,004 [Worker-68] INFO  o.e.m.c.i.embedder.EclipseLogger - skip non existing resourceDirectory C:\jdbc-and-advance-java\Spring Boot\EmpDept\src\test\resources
2024-01-22 11:14:21,919 [Worker-70] INFO  o.e.m.c.i.embedder.EclipseLogger - Using 'UTF-8' encoding to copy filtered resources.
2024-01-22 11:14:21,919 [Worker-70] INFO  o.e.m.c.i.embedder.EclipseLogger - Using 'UTF-8' encoding to copy filtered properties files.
2024-01-22 11:14:21,920 [Worker-70] INFO  o.e.m.c.i.embedder.EclipseLogger - Copying 1 resource
2024-01-22 11:14:21,932 [Worker-70] INFO  o.e.m.c.i.embedder.EclipseLogger - Copying 0 resource
2024-01-22 11:14:21,935 [Worker-70] INFO  o.e.m.c.i.embedder.EclipseLogger - Using 'UTF-8' encoding to copy filtered resources.
2024-01-22 11:14:21,935 [Worker-70] INFO  o.e.m.c.i.embedder.EclipseLogger - Using 'UTF-8' encoding to copy filtered properties files.
2024-01-22 11:14:21,935 [Worker-70] INFO  o.e.m.c.i.embedder.EclipseLogger - skip non existing resourceDirectory C:\jdbc-and-advance-java\Spring Boot\EmpDept\src\test\resources
2024-01-22 11:14:25,681 [Worker-75] INFO  o.e.m.c.i.embedder.EclipseLogger - Using 'UTF-8' encoding to copy filtered resources.
2024-01-22 11:14:25,681 [Worker-75] INFO  o.e.m.c.i.embedder.EclipseLogger - Using 'UTF-8' encoding to copy filtered properties files.
2024-01-22 11:14:25,682 [Worker-75] INFO  o.e.m.c.i.embedder.EclipseLogger - Copying 1 resource
2024-01-22 11:14:25,703 [Worker-75] INFO  o.e.m.c.i.embedder.EclipseLogger - Copying 0 resource
2024-01-22 11:14:25,706 [Worker-75] INFO  o.e.m.c.i.embedder.EclipseLogger - Using 'UTF-8' encoding to copy filtered resources.
2024-01-22 11:14:25,706 [Worker-75] INFO  o.e.m.c.i.embedder.EclipseLogger - Using 'UTF-8' encoding to copy filtered properties files.
2024-01-22 11:14:25,706 [Worker-75] INFO  o.e.m.c.i.embedder.EclipseLogger - skip non existing resourceDirectory C:\jdbc-and-advance-java\Spring Boot\EmpDept\src\test\resources
2024-01-22 11:18:26,305 [Worker-77] INFO  o.e.m.c.i.embedder.EclipseLogger - Using 'UTF-8' encoding to copy filtered resources.
2024-01-22 11:18:26,305 [Worker-77] INFO  o.e.m.c.i.embedder.EclipseLogger - Using 'UTF-8' encoding to copy filtered properties files.
2024-01-22 11:18:26,306 [Worker-77] INFO  o.e.m.c.i.embedder.EclipseLogger - Copying 1 resource
2024-01-22 11:18:26,326 [Worker-77] INFO  o.e.m.c.i.embedder.EclipseLogger - Copying 0 resource
2024-01-22 11:18:26,328 [Worker-77] INFO  o.e.m.c.i.embedder.EclipseLogger - Using 'UTF-8' encoding to copy filtered resources.
2024-01-22 11:18:26,329 [Worker-77] INFO  o.e.m.c.i.embedder.EclipseLogger - Using 'UTF-8' encoding to copy filtered properties files.
2024-01-22 11:18:26,329 [Worker-77] INFO  o.e.m.c.i.embedder.EclipseLogger - skip non existing resourceDirectory C:\jdbc-and-advance-java\Spring Boot\EmpDept\src\test\resources
2024-01-22 11:18:47,424 [Worker-68] INFO  o.e.m.c.i.embedder.EclipseLogger - Using 'UTF-8' encoding to copy filtered resources.
2024-01-22 11:18:47,424 [Worker-68] INFO  o.e.m.c.i.embedder.EclipseLogger - Using 'UTF-8' encoding to copy filtered properties files.
2024-01-22 11:18:47,425 [Worker-68] INFO  o.e.m.c.i.embedder.EclipseLogger - Copying 1 resource
2024-01-22 11:18:47,456 [Worker-68] INFO  o.e.m.c.i.embedder.EclipseLogger - Copying 0 resource
2024-01-22 11:18:47,459 [Worker-68] INFO  o.e.m.c.i.embedder.EclipseLogger - Using 'UTF-8' encoding to copy filtered resources.
2024-01-22 11:18:47,459 [Worker-68] INFO  o.e.m.c.i.embedder.EclipseLogger - Using 'UTF-8' encoding to copy filtered properties files.
2024-01-22 11:18:47,459 [Worker-68] INFO  o.e.m.c.i.embedder.EclipseLogger - skip non existing resourceDirectory C:\jdbc-and-advance-java\Spring Boot\EmpDept\src\test\resources
2024-01-22 11:19:43,289 [Worker-73] INFO  o.e.m.c.i.embedder.EclipseLogger - Using 'UTF-8' encoding to copy filtered resources.
2024-01-22 11:19:43,290 [Worker-73] INFO  o.e.m.c.i.embedder.EclipseLogger - Using 'UTF-8' encoding to copy filtered properties files.
2024-01-22 11:19:43,291 [Worker-73] INFO  o.e.m.c.i.embedder.EclipseLogger - Copying 1 resource
2024-01-22 11:19:43,308 [Worker-73] INFO  o.e.m.c.i.embedder.EclipseLogger - Copying 0 resource
2024-01-22 11:19:43,310 [Worker-73] INFO  o.e.m.c.i.embedder.EclipseLogger - Using 'UTF-8' encoding to copy filtered resources.
2024-01-22 11:19:43,310 [Worker-73] INFO  o.e.m.c.i.embedder.EclipseLogger - Using 'UTF-8' encoding to copy filtered properties files.
2024-01-22 11:19:43,310 [Worker-73] INFO  o.e.m.c.i.embedder.EclipseLogger - skip non existing resourceDirectory C:\jdbc-and-advance-java\Spring Boot\EmpDept\src\test\resources
2024-01-22 11:19:59,209 [Worker-73] INFO  o.e.m.c.i.embedder.EclipseLogger - Using 'UTF-8' encoding to copy filtered resources.
2024-01-22 11:19:59,209 [Worker-73] INFO  o.e.m.c.i.embedder.EclipseLogger - Using 'UTF-8' encoding to copy filtered properties files.
2024-01-22 11:19:59,210 [Worker-73] INFO  o.e.m.c.i.embedder.EclipseLogger - Copying 1 resource
2024-01-22 11:19:59,244 [Worker-73] INFO  o.e.m.c.i.embedder.EclipseLogger - Copying 0 resource
2024-01-22 11:19:59,246 [Worker-73] INFO  o.e.m.c.i.embedder.EclipseLogger - Using 'UTF-8' encoding to copy filtered resources.
2024-01-22 11:19:59,247 [Worker-73] INFO  o.e.m.c.i.embedder.EclipseLogger - Using 'UTF-8' encoding to copy filtered properties files.
2024-01-22 11:19:59,247 [Worker-73] INFO  o.e.m.c.i.embedder.EclipseLogger - skip non existing resourceDirectory C:\jdbc-and-advance-java\Spring Boot\EmpDept\src\test\resources
2024-01-22 11:21:42,690 [Worker-80] INFO  o.e.m.c.i.embedder.EclipseLogger - Using 'UTF-8' encoding to copy filtered resources.
2024-01-22 11:21:42,690 [Worker-80] INFO  o.e.m.c.i.embedder.EclipseLogger - Using 'UTF-8' encoding to copy filtered properties files.
2024-01-22 11:21:42,690 [Worker-80] INFO  o.e.m.c.i.embedder.EclipseLogger - Copying 1 resource
2024-01-22 11:21:42,710 [Worker-80] INFO  o.e.m.c.i.embedder.EclipseLogger - Copying 0 resource
2024-01-22 11:21:42,711 [Worker-80] INFO  o.e.m.c.i.embedder.EclipseLogger - Using 'UTF-8' encoding to copy filtered resources.
2024-01-22 11:21:42,712 [Worker-80] INFO  o.e.m.c.i.embedder.EclipseLogger - Using 'UTF-8' encoding to copy filtered properties files.
2024-01-22 11:21:42,712 [Worker-80] INFO  o.e.m.c.i.embedder.EclipseLogger - skip non existing resourceDirectory C:\jdbc-and-advance-java\Spring Boot\EmpDept\src\test\resources
2024-01-22 11:22:01,150 [Worker-76] INFO  o.e.m.c.i.embedder.EclipseLogger - Using 'UTF-8' encoding to copy filtered resources.
2024-01-22 11:22:01,151 [Worker-76] INFO  o.e.m.c.i.embedder.EclipseLogger - Using 'UTF-8' encoding to copy filtered properties files.
2024-01-22 11:22:01,152 [Worker-76] INFO  o.e.m.c.i.embedder.EclipseLogger - Copying 1 resource
2024-01-22 11:22:01,198 [Worker-76] INFO  o.e.m.c.i.embedder.EclipseLogger - Copying 0 resource
2024-01-22 11:22:01,202 [Worker-76] INFO  o.e.m.c.i.embedder.EclipseLogger - Using 'UTF-8' encoding to copy filtered resources.
2024-01-22 11:22:01,202 [Worker-76] INFO  o.e.m.c.i.embedder.EclipseLogger - Using 'UTF-8' encoding to copy filtered properties files.
2024-01-22 11:22:01,203 [Worker-76] INFO  o.e.m.c.i.embedder.EclipseLogger - skip non existing resourceDirectory C:\jdbc-and-advance-java\Spring Boot\EmpDept\src\test\resources
2024-01-22 11:25:34,091 [Worker-80] INFO  o.e.m.c.i.embedder.EclipseLogger - Using 'UTF-8' encoding to copy filtered resources.
2024-01-22 11:25:34,091 [Worker-80] INFO  o.e.m.c.i.embedder.EclipseLogger - Using 'UTF-8' encoding to copy filtered properties files.
2024-01-22 11:25:34,092 [Worker-80] INFO  o.e.m.c.i.embedder.EclipseLogger - Copying 1 resource
2024-01-22 11:25:34,105 [Worker-80] INFO  o.e.m.c.i.embedder.EclipseLogger - Copying 0 resource
2024-01-22 11:25:34,106 [Worker-80] INFO  o.e.m.c.i.embedder.EclipseLogger - Using 'UTF-8' encoding to copy filtered resources.
2024-01-22 11:25:34,106 [Worker-80] INFO  o.e.m.c.i.embedder.EclipseLogger - Using 'UTF-8' encoding to copy filtered properties files.
2024-01-22 11:25:34,107 [Worker-80] INFO  o.e.m.c.i.embedder.EclipseLogger - skip non existing resourceDirectory C:\jdbc-and-advance-java\Spring Boot\EmpDept\src\test\resources
2024-01-22 11:56:06,885 [Worker-87] INFO  o.e.m.c.i.embedder.EclipseLogger - Using 'UTF-8' encoding to copy filtered resources.
2024-01-22 11:56:06,886 [Worker-87] INFO  o.e.m.c.i.embedder.EclipseLogger - Using 'UTF-8' encoding to copy filtered properties files.
2024-01-22 11:56:06,887 [Worker-87] INFO  o.e.m.c.i.embedder.EclipseLogger - Copying 1 resource
2024-01-22 11:56:06,908 [Worker-87] INFO  o.e.m.c.i.embedder.EclipseLogger - Copying 0 resource
2024-01-22 11:56:06,910 [Worker-87] INFO  o.e.m.c.i.embedder.EclipseLogger - Using 'UTF-8' encoding to copy filtered resources.
2024-01-22 11:56:06,910 [Worker-87] INFO  o.e.m.c.i.embedder.EclipseLogger - Using 'UTF-8' encoding to copy filtered properties files.
2024-01-22 11:56:06,910 [Worker-87] INFO  o.e.m.c.i.embedder.EclipseLogger - skip non existing resourceDirectory C:\jdbc-and-advance-java\Spring Boot\EmpDept\src\test\resources
2024-01-22 13:25:48,607 [Worker-89] INFO  o.e.m.c.i.embedder.EclipseLogger - Using 'UTF-8' encoding to copy filtered resources.
2024-01-22 13:25:48,608 [Worker-89] INFO  o.e.m.c.i.embedder.EclipseLogger - Using 'UTF-8' encoding to copy filtered properties files.
2024-01-22 13:25:48,610 [Worker-89] INFO  o.e.m.c.i.embedder.EclipseLogger - Copying 1 resource
2024-01-22 13:25:48,632 [Worker-89] INFO  o.e.m.c.i.embedder.EclipseLogger - Copying 0 resource
2024-01-22 13:25:48,634 [Worker-89] INFO  o.e.m.c.i.embedder.EclipseLogger - Using 'UTF-8' encoding to copy filtered resources.
2024-01-22 13:25:48,634 [Worker-89] INFO  o.e.m.c.i.embedder.EclipseLogger - Using 'UTF-8' encoding to copy filtered properties files.
2024-01-22 13:25:48,634 [Worker-89] INFO  o.e.m.c.i.embedder.EclipseLogger - skip non existing resourceDirectory C:\jdbc-and-advance-java\Spring Boot\EmpDept\src\test\resources
2024-01-22 15:19:07,229 [Worker-0] INFO  o.e.m.c.i.embedder.EclipseLogger - Using 'UTF-8' encoding to copy filtered resources.
2024-01-22 15:19:07,231 [Worker-0] INFO  o.e.m.c.i.embedder.EclipseLogger - Using 'UTF-8' encoding to copy filtered properties files.
2024-01-22 15:19:07,235 [Worker-0] INFO  o.e.m.c.i.embedder.EclipseLogger - Copying 1 resource
2024-01-22 15:19:07,260 [Worker-0] INFO  o.e.m.c.i.embedder.EclipseLogger - Copying 0 resource
2024-01-22 15:19:07,263 [Worker-0] INFO  o.e.m.c.i.embedder.EclipseLogger - Using 'UTF-8' encoding to copy filtered resources.
2024-01-22 15:19:07,263 [Worker-0] INFO  o.e.m.c.i.embedder.EclipseLogger - Using 'UTF-8' encoding to copy filtered properties files.
2024-01-22 15:19:07,263 [Worker-0] INFO  o.e.m.c.i.embedder.EclipseLogger - skip non existing resourceDirectory C:\jdbc-and-advance-java\Spring Boot\EmpDept\src\test\resources
2024-01-22 15:19:43,874 [Worker-0] INFO  o.e.m.c.i.embedder.EclipseLogger - Using 'UTF-8' encoding to copy filtered resources.
2024-01-22 15:19:43,874 [Worker-0] INFO  o.e.m.c.i.embedder.EclipseLogger - Using 'UTF-8' encoding to copy filtered properties files.
2024-01-22 15:19:43,880 [Worker-0] INFO  o.e.m.c.i.embedder.EclipseLogger - Copying 1 resource
2024-01-22 15:19:43,950 [Worker-0] INFO  o.e.m.c.i.embedder.EclipseLogger - Copying 0 resource
2024-01-22 15:19:43,953 [Worker-0] INFO  o.e.m.c.i.embedder.EclipseLogger - Using 'UTF-8' encoding to copy filtered resources.
2024-01-22 15:19:43,953 [Worker-0] INFO  o.e.m.c.i.embedder.EclipseLogger - Using 'UTF-8' encoding to copy filtered properties files.
2024-01-22 15:19:43,954 [Worker-0] INFO  o.e.m.c.i.embedder.EclipseLogger - skip non existing resourceDirectory C:\jdbc-and-advance-java\Spring Boot\EmpDept\src\test\resources
2024-01-22 15:26:29,223 [Worker-23] INFO  o.e.m.c.i.embedder.EclipseLogger - Using 'UTF-8' encoding to copy filtered resources.
2024-01-22 15:26:29,224 [Worker-23] INFO  o.e.m.c.i.embedder.EclipseLogger - Using 'UTF-8' encoding to copy filtered properties files.
2024-01-22 15:26:29,226 [Worker-23] INFO  o.e.m.c.i.embedder.EclipseLogger - Copying 1 resource
2024-01-22 15:26:29,266 [Worker-23] INFO  o.e.m.c.i.embedder.EclipseLogger - Copying 0 resource
2024-01-22 15:26:29,269 [Worker-23] INFO  o.e.m.c.i.embedder.EclipseLogger - Using 'UTF-8' encoding to copy filtered resources.
2024-01-22 15:26:29,269 [Worker-23] INFO  o.e.m.c.i.embedder.EclipseLogger - Using 'UTF-8' encoding to copy filtered properties files.
2024-01-22 15:26:29,270 [Worker-23] INFO  o.e.m.c.i.embedder.EclipseLogger - skip non existing resourceDirectory C:\jdbc-and-advance-java\Spring Boot\EmpDept\src\test\resources
2024-01-22 15:26:58,928 [Worker-6] INFO  o.e.m.c.i.embedder.EclipseLogger - Using 'UTF-8' encoding to copy filtered resources.
2024-01-22 15:26:58,929 [Worker-6] INFO  o.e.m.c.i.embedder.EclipseLogger - Using 'UTF-8' encoding to copy filtered properties files.
2024-01-22 15:26:58,929 [Worker-6] INFO  o.e.m.c.i.embedder.EclipseLogger - Copying 1 resource
2024-01-22 15:26:58,949 [Worker-6] INFO  o.e.m.c.i.embedder.EclipseLogger - Copying 0 resource
2024-01-22 15:26:58,951 [Worker-6] INFO  o.e.m.c.i.embedder.EclipseLogger - Using 'UTF-8' encoding to copy filtered resources.
2024-01-22 15:26:58,951 [Worker-6] INFO  o.e.m.c.i.embedder.EclipseLogger - Using 'UTF-8' encoding to copy filtered properties files.
2024-01-22 15:26:58,951 [Worker-6] INFO  o.e.m.c.i.embedder.EclipseLogger - skip non existing resourceDirectory C:\jdbc-and-advance-java\Spring Boot\EmpDept\src\test\resources
2024-01-22 15:27:33,118 [Worker-24] INFO  o.e.m.c.i.embedder.EclipseLogger - Using 'UTF-8' encoding to copy filtered resources.
2024-01-22 15:27:33,118 [Worker-24] INFO  o.e.m.c.i.embedder.EclipseLogger - Using 'UTF-8' encoding to copy filtered properties files.
2024-01-22 15:27:33,119 [Worker-24] INFO  o.e.m.c.i.embedder.EclipseLogger - Copying 1 resource
2024-01-22 15:27:33,137 [Worker-24] INFO  o.e.m.c.i.embedder.EclipseLogger - Copying 0 resource
2024-01-22 15:27:33,140 [Worker-24] INFO  o.e.m.c.i.embedder.EclipseLogger - Using 'UTF-8' encoding to copy filtered resources.
2024-01-22 15:27:33,140 [Worker-24] INFO  o.e.m.c.i.embedder.EclipseLogger - Using 'UTF-8' encoding to copy filtered properties files.
2024-01-22 15:27:33,140 [Worker-24] INFO  o.e.m.c.i.embedder.EclipseLogger - skip non existing resourceDirectory C:\jdbc-and-advance-java\Spring Boot\EmpDept\src\test\resources
2024-01-22 15:35:03,970 [Worker-27] INFO  o.e.m.c.i.embedder.EclipseLogger - Using 'UTF-8' encoding to copy filtered resources.
2024-01-22 15:35:03,971 [Worker-27] INFO  o.e.m.c.i.embedder.EclipseLogger - Using 'UTF-8' encoding to copy filtered properties files.
2024-01-22 15:35:03,971 [Worker-27] INFO  o.e.m.c.i.embedder.EclipseLogger - Copying 1 resource
2024-01-22 15:35:03,992 [Worker-27] INFO  o.e.m.c.i.embedder.EclipseLogger - Copying 0 resource
2024-01-22 15:35:03,995 [Worker-27] INFO  o.e.m.c.i.embedder.EclipseLogger - Using 'UTF-8' encoding to copy filtered resources.
2024-01-22 15:35:03,995 [Worker-27] INFO  o.e.m.c.i.embedder.EclipseLogger - Using 'UTF-8' encoding to copy filtered properties files.
2024-01-22 15:35:03,995 [Worker-27] INFO  o.e.m.c.i.embedder.EclipseLogger - skip non existing resourceDirectory C:\jdbc-and-advance-java\Spring Boot\EmpDept\src\test\resources
2024-01-22 15:35:35,247 [Worker-6] INFO  o.e.m.c.i.embedder.EclipseLogger - Using 'UTF-8' encoding to copy filtered resources.
2024-01-22 15:35:35,247 [Worker-6] INFO  o.e.m.c.i.embedder.EclipseLogger - Using 'UTF-8' encoding to copy filtered properties files.
2024-01-22 15:35:35,248 [Worker-6] INFO  o.e.m.c.i.embedder.EclipseLogger - Copying 1 resource
2024-01-22 15:35:35,328 [Worker-6] INFO  o.e.m.c.i.embedder.EclipseLogger - Copying 0 resource
2024-01-22 15:35:35,332 [Worker-6] INFO  o.e.m.c.i.embedder.EclipseLogger - Using 'UTF-8' encoding to copy filtered resources.
2024-01-22 15:35:35,332 [Worker-6] INFO  o.e.m.c.i.embedder.EclipseLogger - Using 'UTF-8' encoding to copy filtered properties files.
2024-01-22 15:35:35,333 [Worker-6] INFO  o.e.m.c.i.embedder.EclipseLogger - skip non existing resourceDirectory C:\jdbc-and-advance-java\Spring Boot\EmpDept\src\test\resources
2024-01-22 15:35:57,038 [Worker-27] INFO  o.e.m.c.i.embedder.EclipseLogger - Using 'UTF-8' encoding to copy filtered resources.
2024-01-22 15:35:57,039 [Worker-27] INFO  o.e.m.c.i.embedder.EclipseLogger - Using 'UTF-8' encoding to copy filtered properties files.
2024-01-22 15:35:57,039 [Worker-27] INFO  o.e.m.c.i.embedder.EclipseLogger - Copying 1 resource
2024-01-22 15:35:57,061 [Worker-27] INFO  o.e.m.c.i.embedder.EclipseLogger - Copying 0 resource
2024-01-22 15:35:57,066 [Worker-27] INFO  o.e.m.c.i.embedder.EclipseLogger - Using 'UTF-8' encoding to copy filtered resources.
2024-01-22 15:35:57,066 [Worker-27] INFO  o.e.m.c.i.embedder.EclipseLogger - Using 'UTF-8' encoding to copy filtered properties files.
2024-01-22 15:35:57,066 [Worker-27] INFO  o.e.m.c.i.embedder.EclipseLogger - skip non existing resourceDirectory C:\jdbc-and-advance-java\Spring Boot\EmpDept\src\test\resources
2024-01-22 15:39:10,317 [Worker-29] INFO  o.e.m.c.i.embedder.EclipseLogger - Using 'UTF-8' encoding to copy filtered resources.
2024-01-22 15:39:10,317 [Worker-29] INFO  o.e.m.c.i.embedder.EclipseLogger - Using 'UTF-8' encoding to copy filtered properties files.
2024-01-22 15:39:10,318 [Worker-29] INFO  o.e.m.c.i.embedder.EclipseLogger - Copying 1 resource
2024-01-22 15:39:10,345 [Worker-29] INFO  o.e.m.c.i.embedder.EclipseLogger - Copying 0 resource
2024-01-22 15:39:10,346 [Worker-29] INFO  o.e.m.c.i.embedder.EclipseLogger - Using 'UTF-8' encoding to copy filtered resources.
2024-01-22 15:39:10,346 [Worker-29] INFO  o.e.m.c.i.embedder.EclipseLogger - Using 'UTF-8' encoding to copy filtered properties files.
2024-01-22 15:39:10,346 [Worker-29] INFO  o.e.m.c.i.embedder.EclipseLogger - skip non existing resourceDirectory C:\jdbc-and-advance-java\Spring Boot\EmpDept\src\test\resources
2024-01-22 23:07:26,090 [Worker-14] INFO  o.e.m.c.i.l.LifecycleMappingFactory - Using org.eclipse.m2e.jdt.JarLifecycleMapping lifecycle mapping for MavenProject: com.ts:EmpDept:0.0.1-SNAPSHOT @ C:\jdbc-and-advance-java\Spring Boot\EmpDept\pom.xml.
2024-01-22 23:07:26,596 [Worker-14] INFO  o.e.m.c.i.e.AbstractTransferListenerAdapter - Downloading https://repo.maven.apache.org/maven2/org/mindrot/jbcrypt/0.4/jbcrypt-0.4.pom
2024-01-22 23:07:26,770 [Worker-14] INFO  o.e.m.c.i.e.AbstractTransferListenerAdapter - Downloaded https://repo.maven.apache.org/maven2/org/mindrot/jbcrypt/0.4/jbcrypt-0.4.pom
2024-01-22 23:07:26,839 [Worker-14] INFO  o.e.m.c.i.e.AbstractTransferListenerAdapter - Downloading https://repo.maven.apache.org/maven2/org/mindrot/jbcrypt/0.4/jbcrypt-0.4.jar
2024-01-22 23:07:26,949 [Worker-14] INFO  o.e.m.c.i.e.AbstractTransferListenerAdapter - Downloaded https://repo.maven.apache.org/maven2/org/mindrot/jbcrypt/0.4/jbcrypt-0.4.jar
2024-01-22 23:07:31,763 [Worker-14] INFO  o.e.m.c.i.embedder.EclipseLogger - Using 'UTF-8' encoding to copy filtered resources.
2024-01-22 23:07:31,764 [Worker-14] INFO  o.e.m.c.i.embedder.EclipseLogger - Using 'UTF-8' encoding to copy filtered properties files.
2024-01-22 23:07:31,767 [Worker-14] INFO  o.e.m.c.i.embedder.EclipseLogger - Copying 1 resource
2024-01-22 23:07:31,800 [Worker-14] INFO  o.e.m.c.i.embedder.EclipseLogger - Copying 0 resource
2024-01-22 23:07:31,806 [Worker-14] INFO  o.e.m.c.i.embedder.EclipseLogger - Using 'UTF-8' encoding to copy filtered resources.
2024-01-22 23:07:31,806 [Worker-14] INFO  o.e.m.c.i.embedder.EclipseLogger - Using 'UTF-8' encoding to copy filtered properties files.
2024-01-22 23:07:31,806 [Worker-14] INFO  o.e.m.c.i.embedder.EclipseLogger - skip non existing resourceDirectory C:\jdbc-and-advance-java\Spring Boot\EmpDept\src\test\resources
2024-01-22 23:07:33,512 [Worker-5] INFO  o.e.m.c.i.embedder.EclipseLogger - Using 'UTF-8' encoding to copy filtered resources.
2024-01-22 23:07:33,513 [Worker-5] INFO  o.e.m.c.i.embedder.EclipseLogger - Using 'UTF-8' encoding to copy filtered properties files.
2024-01-22 23:07:33,517 [Worker-5] INFO  o.e.m.c.i.embedder.EclipseLogger - Copying 1 resource
2024-01-22 23:07:33,523 [Worker-5] INFO  o.e.m.c.i.embedder.EclipseLogger - Copying 0 resource
2024-01-22 23:07:33,525 [Worker-5] INFO  o.e.m.c.i.embedder.EclipseLogger - Using 'UTF-8' encoding to copy filtered resources.
2024-01-22 23:07:33,525 [Worker-5] INFO  o.e.m.c.i.embedder.EclipseLogger - Using 'UTF-8' encoding to copy filtered properties files.
2024-01-22 23:07:33,525 [Worker-5] INFO  o.e.m.c.i.embedder.EclipseLogger - skip non existing resourceDirectory C:\jdbc-and-advance-java\Spring Boot\EmpDept\src\test\resources
2024-01-22 23:07:49,630 [Worker-14] INFO  o.e.m.c.i.p.ProjectConfigurationManager - Update started
2024-01-22 23:07:50,091 [Worker-14] INFO  o.e.m.c.i.l.LifecycleMappingFactory - Using org.eclipse.m2e.jdt.JarLifecycleMapping lifecycle mapping for MavenProject: com.ts:EmpDept:0.0.1-SNAPSHOT @ C:\jdbc-and-advance-java\Spring Boot\EmpDept\pom.xml.
2024-01-22 23:07:50,800 [Worker-14] INFO  o.e.m.j.i.AbstractJavaProjectConfigurator - Adding source folder /EmpDept/src/main/java
2024-01-22 23:07:50,800 [Worker-14] INFO  o.e.m.j.i.AbstractJavaProjectConfigurator - Adding resource folder /EmpDept/src/main/resources
2024-01-22 23:07:50,801 [Worker-14] INFO  o.e.m.j.i.AbstractJavaProjectConfigurator - Adding resource folder /EmpDept/src/main/resources
2024-01-22 23:07:50,801 [Worker-14] INFO  o.e.m.j.i.AbstractJavaProjectConfigurator - Adding source folder /EmpDept/src/test/java
2024-01-22 23:07:50,982 [Worker-14] INFO  o.e.m.c.i.p.ProjectConfigurationManager - Update completed: 1 sec
2024-01-22 23:07:51,590 [Worker-0] INFO  o.e.m.c.i.embedder.EclipseLogger - Using 'UTF-8' encoding to copy filtered resources.
2024-01-22 23:07:51,590 [Worker-0] INFO  o.e.m.c.i.embedder.EclipseLogger - Using 'UTF-8' encoding to copy filtered properties files.
2024-01-22 23:07:51,591 [Worker-0] INFO  o.e.m.c.i.embedder.EclipseLogger - Copying 1 resource
2024-01-22 23:07:51,604 [Worker-0] INFO  o.e.m.c.i.embedder.EclipseLogger - Copying 0 resource
2024-01-22 23:07:51,607 [Worker-0] INFO  o.e.m.c.i.embedder.EclipseLogger - Using 'UTF-8' encoding to copy filtered resources.
2024-01-22 23:07:51,607 [Worker-0] INFO  o.e.m.c.i.embedder.EclipseLogger - Using 'UTF-8' encoding to copy filtered properties files.
2024-01-22 23:07:51,607 [Worker-0] INFO  o.e.m.c.i.embedder.EclipseLogger - skip non existing resourceDirectory C:\jdbc-and-advance-java\Spring Boot\EmpDept\src\test\resources
2024-01-22 23:09:06,745 [Worker-13] INFO  o.e.m.c.i.embedder.EclipseLogger - Using 'UTF-8' encoding to copy filtered resources.
2024-01-22 23:09:06,745 [Worker-13] INFO  o.e.m.c.i.embedder.EclipseLogger - Using 'UTF-8' encoding to copy filtered properties files.
2024-01-22 23:09:06,747 [Worker-13] INFO  o.e.m.c.i.embedder.EclipseLogger - Copying 1 resource
2024-01-22 23:09:06,792 [Worker-13] INFO  o.e.m.c.i.embedder.EclipseLogger - Copying 0 resource
2024-01-22 23:09:06,803 [Worker-13] INFO  o.e.m.c.i.embedder.EclipseLogger - Using 'UTF-8' encoding to copy filtered resources.
2024-01-22 23:09:06,803 [Worker-13] INFO  o.e.m.c.i.embedder.EclipseLogger - Using 'UTF-8' encoding to copy filtered properties files.
2024-01-22 23:09:06,803 [Worker-13] INFO  o.e.m.c.i.embedder.EclipseLogger - skip non existing resourceDirectory C:\jdbc-and-advance-java\Spring Boot\EmpDept\src\test\resources
2024-01-22 23:09:25,621 [Worker-5] INFO  o.e.m.c.i.embedder.EclipseLogger - Using 'UTF-8' encoding to copy filtered resources.
2024-01-22 23:09:25,621 [Worker-5] INFO  o.e.m.c.i.embedder.EclipseLogger - Using 'UTF-8' encoding to copy filtered properties files.
2024-01-22 23:09:25,622 [Worker-5] INFO  o.e.m.c.i.embedder.EclipseLogger - Copying 1 resource
2024-01-22 23:09:25,645 [Worker-5] INFO  o.e.m.c.i.embedder.EclipseLogger - Copying 0 resource
2024-01-22 23:09:25,646 [Worker-5] INFO  o.e.m.c.i.embedder.EclipseLogger - Using 'UTF-8' encoding to copy filtered resources.
2024-01-22 23:09:25,646 [Worker-5] INFO  o.e.m.c.i.embedder.EclipseLogger - Using 'UTF-8' encoding to copy filtered properties files.
2024-01-22 23:09:25,647 [Worker-5] INFO  o.e.m.c.i.embedder.EclipseLogger - skip non existing resourceDirectory C:\jdbc-and-advance-java\Spring Boot\EmpDept\src\test\resources
2024-01-23 10:01:33,594 [Worker-24] INFO  o.e.m.c.i.l.LifecycleMappingFactory - Using org.eclipse.m2e.jdt.JarLifecycleMapping lifecycle mapping for MavenProject: com.ts:EmpDept:0.0.1-SNAPSHOT @ C:\jdbc-and-advance-java\Spring Boot\EmpDept\pom.xml.
2024-01-23 10:01:40,174 [Worker-24] INFO  o.e.m.c.i.embedder.EclipseLogger - Using 'UTF-8' encoding to copy filtered resources.
2024-01-23 10:01:40,174 [Worker-24] INFO  o.e.m.c.i.embedder.EclipseLogger - Using 'UTF-8' encoding to copy filtered properties files.
2024-01-23 10:01:40,178 [Worker-24] INFO  o.e.m.c.i.embedder.EclipseLogger - Copying 1 resource
2024-01-23 10:01:40,199 [Worker-24] INFO  o.e.m.c.i.embedder.EclipseLogger - Copying 0 resource
2024-01-23 10:01:40,203 [Worker-24] INFO  o.e.m.c.i.embedder.EclipseLogger - Using 'UTF-8' encoding to copy filtered resources.
2024-01-23 10:01:40,203 [Worker-24] INFO  o.e.m.c.i.embedder.EclipseLogger - Using 'UTF-8' encoding to copy filtered properties files.
2024-01-23 10:01:40,203 [Worker-24] INFO  o.e.m.c.i.embedder.EclipseLogger - skip non existing resourceDirectory C:\jdbc-and-advance-java\Spring Boot\EmpDept\src\test\resources
